{"name":"Qt 5.12.0","version":"5.12.0-0","tests":[{"name":"QTBUG-49370 - Use Singleton object from other Singleton object within the same package will hang","pass":false,"reason":"Target executable: qtbug-49370\nInfo: creating stash file /home/travis/build/benlau/qtreleasetests/build/.qmake.stash\nCompiling...\nIn file included from ../Qt/5.12.0/gcc_64/include/QtCore/qcborarray.h:43:0,\n                 from ../Qt/5.12.0/gcc_64/include/QtCore/QtCore:37,\n                 from ../Qt/5.12.0/gcc_64/include/QtConcurrent/QtConcurrentDepends:3,\n                 from ../Qt/5.12.0/gcc_64/include/QtConcurrent/QtConcurrent:3,\n                 from ../qtbug-49370/main.cpp:3:\n../Qt/5.12.0/gcc_64/include/QtCore/qcborvalue.h:74:25: warning: missing initializer for member QCborError::c [-Wmissing-field-initializers]\n     QCborError error = {};\n                         ^\nIn file included from ../Qt/5.12.0/gcc_64/include/QtCore/QtCore:64:0,\n                 from ../Qt/5.12.0/gcc_64/include/QtConcurrent/QtConcurrentDepends:3,\n                 from ../Qt/5.12.0/gcc_64/include/QtConcurrent/QtConcurrent:3,\n                 from ../qtbug-49370/main.cpp:3:\n../Qt/5.12.0/gcc_64/include/QtCore/qendian.h:165:61: error: redeclaration constexpr T qbswap(T) [with T = qfloat16] differs in constexpr\n template <> inline qfloat16 qbswap<qfloat16>(qfloat16 source)\n                                                             ^\n../Qt/5.12.0/gcc_64/include/QtCore/qendian.h:96:42: error: from previous declaration constexpr T qbswap(T) [with T = qfloat16]\n template <typename T> Q_DECL_CONSTEXPR T qbswap(T source);\n                                          ^\n../Qt/5.12.0/gcc_64/include/QtCore/qendian.h:170:52: error: redeclaration constexpr T qbswap(T) [with T = float] differs in constexpr\n template <> inline float qbswap<float>(float source)\n                                                    ^\n../Qt/5.12.0/gcc_64/include/QtCore/qendian.h:96:42: error: from previous declaration constexpr T qbswap(T) [with T = float]\n template <typename T> Q_DECL_CONSTEXPR T qbswap(T source);\n                                          ^\n../Qt/5.12.0/gcc_64/include/QtCore/qendian.h:175:55: error: redeclaration constexpr T qbswap(T) [with T = double] differs in constexpr\n template <> inline double qbswap<double>(double source)\n                                                       ^\n../Qt/5.12.0/gcc_64/include/QtCore/qendian.h:96:42: error: from previous declaration constexpr T qbswap(T) [with T = double]\n template <typename T> Q_DECL_CONSTEXPR T qbswap(T source);\n                                          ^\nmake: *** [main.o] Error 1\n"},{"name":"QTBUG-56935  QQmlEngine crashing when trying to clear the component cache ","pass":false,"reason":"Target executable: qtbug-56935\nInfo: creating stash file /home/travis/build/benlau/qtreleasetests/build/.qmake.stash\nCompiling...\nIn file included from ../Qt/5.12.0/gcc_64/include/QtCore/qcborarray.h:43:0,\n                 from ../Qt/5.12.0/gcc_64/include/QtCore/QtCore:37,\n                 from ../Qt/5.12.0/gcc_64/include/QtTest/QtTestDepends:3,\n                 from ../Qt/5.12.0/gcc_64/include/QtTest/QtTest:3,\n                 from ../qtbug-56935/main.cpp:2:\n../Qt/5.12.0/gcc_64/include/QtCore/qcborvalue.h:74:25: warning: missing initializer for member QCborError::c [-Wmissing-field-initializers]\n     QCborError error = {};\n                         ^\nIn file included from ../Qt/5.12.0/gcc_64/include/QtCore/QtCore:64:0,\n                 from ../Qt/5.12.0/gcc_64/include/QtTest/QtTestDepends:3,\n                 from ../Qt/5.12.0/gcc_64/include/QtTest/QtTest:3,\n                 from ../qtbug-56935/main.cpp:2:\n../Qt/5.12.0/gcc_64/include/QtCore/qendian.h:165:61: error: redeclaration constexpr T qbswap(T) [with T = qfloat16] differs in constexpr\n template <> inline qfloat16 qbswap<qfloat16>(qfloat16 source)\n                                                             ^\n../Qt/5.12.0/gcc_64/include/QtCore/qendian.h:96:42: error: from previous declaration constexpr T qbswap(T) [with T = qfloat16]\n template <typename T> Q_DECL_CONSTEXPR T qbswap(T source);\n                                          ^\n../Qt/5.12.0/gcc_64/include/QtCore/qendian.h:170:52: error: redeclaration constexpr T qbswap(T) [with T = float] differs in constexpr\n template <> inline float qbswap<float>(float source)\n                                                    ^\n../Qt/5.12.0/gcc_64/include/QtCore/qendian.h:96:42: error: from previous declaration constexpr T qbswap(T) [with T = float]\n template <typename T> Q_DECL_CONSTEXPR T qbswap(T source);\n                                          ^\n../Qt/5.12.0/gcc_64/include/QtCore/qendian.h:175:55: error: redeclaration constexpr T qbswap(T) [with T = double] differs in constexpr\n template <> inline double qbswap<double>(double source)\n                                                       ^\n../Qt/5.12.0/gcc_64/include/QtCore/qendian.h:96:42: error: from previous declaration constexpr T qbswap(T) [with T = double]\n template <typename T> Q_DECL_CONSTEXPR T qbswap(T source);\n                                          ^\nmake: *** [main.o] Error 1\n"},{"name":"QTBUG-57545 The result of Array.sort() is incorrect if shift() was called","pass":false,"reason":"Target executable: tst_qtbug57545test\nInfo: creating stash file /home/travis/build/benlau/qtreleasetests/build/.qmake.stash\nCompiling...\nBuild Completed\n********* Start testing of example *********\nConfig: Using QtTest library 5.12.0, Qt 5.12.0 (x86_64-little_endian-lp64 shared (dynamic) release build; by GCC 5.3.1 20160406 (Red Hat 5.3.1-6))\nPASS   : example::Array::initTestCase()\nFAIL!  : example::Array::test_condition1() Compared values are not the same\n   Actual   (): [3,1]\n   Expected (): [1,3]\n   Loc: [/home/travis/build/benlau/qtreleasetests/qtbug-57545/tst_Array.qml(11)]\nFAIL!  : example::Array::test_condition2() Compared values are not the same\n   Actual   (): [2,3]\n   Expected (): [1,3]\n   Loc: [/home/travis/build/benlau/qtreleasetests/qtbug-57545/tst_Array.qml(18)]\nPASS   : example::Array::cleanupTestCase()\nTotals: 2 passed, 2 failed, 0 skipped, 0 blacklisted, 5ms\n********* Finished testing of example *********\n"},{"name":"QTBUG-57640 - Crash on loading Javascript file","pass":true},{"name":"QTBUG-62666- JS  operator leads to segfaults on garbage collecton","pass":true},{"name":"QTBUG-66875 - Cant acquire semaphore in the function called by QtConcurrent::map","pass":false,"reason":"cat: /home/travis/build/benlau/qtreleasetests/qtbug-66875/qtbug-66875.pro: No such file or directory\nTarget executable: \nCannot find file: /home/travis/build/benlau/qtreleasetests/qtbug-66875/qtbug-66875.pro.\n"},{"name":"QRedux","pass":false,"reason":"INFO: Package com.github.benlau.testable has a different license (APACHE_2_0) than it's dependant (NONE).\nInstalling com.github.benlau.testable@1.0.2.12\nTarget executable: qreduxtests\nInfo: creating stash file /home/travis/build/benlau/qtreleasetests/build/.qmake.stash\nCompiling...\nIn file included from ../Qt/5.12.0/gcc_64/include/QtCore/qcborarray.h:43:0,\n                 from ../Qt/5.12.0/gcc_64/include/QtCore/QtCore:37,\n                 from ../Qt/5.12.0/gcc_64/include/QtTest/QtTestDepends:3,\n                 from ../Qt/5.12.0/gcc_64/include/QtTest/QtTest:3,\n                 from ../qredux/tests/qreduxtests/main.cpp:2:\n../Qt/5.12.0/gcc_64/include/QtCore/qcborvalue.h:74:25: warning: missing initializer for member QCborError::c [-Wmissing-field-initializers]\n     QCborError error = {};\n                         ^\nIn file included from ../Qt/5.12.0/gcc_64/include/QtCore/QtCore:64:0,\n                 from ../Qt/5.12.0/gcc_64/include/QtTest/QtTestDepends:3,\n                 from ../Qt/5.12.0/gcc_64/include/QtTest/QtTest:3,\n                 from ../qredux/tests/qreduxtests/main.cpp:2:\n../Qt/5.12.0/gcc_64/include/QtCore/qendian.h:165:61: error: redeclaration constexpr T qbswap(T) [with T = qfloat16] differs in constexpr\n template <> inline qfloat16 qbswap<qfloat16>(qfloat16 source)\n                                                             ^\n../Qt/5.12.0/gcc_64/include/QtCore/qendian.h:96:42: error: from previous declaration constexpr T qbswap(T) [with T = qfloat16]\n template <typename T> Q_DECL_CONSTEXPR T qbswap(T source);\n                                          ^\n../Qt/5.12.0/gcc_64/include/QtCore/qendian.h:170:52: error: redeclaration constexpr T qbswap(T) [with T = float] differs in constexpr\n template <> inline float qbswap<float>(float source)\n                                                    ^\n../Qt/5.12.0/gcc_64/include/QtCore/qendian.h:96:42: error: from previous declaration constexpr T qbswap(T) [with T = float]\n template <typename T> Q_DECL_CONSTEXPR T qbswap(T source);\n                                          ^\n../Qt/5.12.0/gcc_64/include/QtCore/qendian.h:175:55: error: redeclaration constexpr T qbswap(T) [with T = double] differs in constexpr\n template <> inline double qbswap<double>(double source)\n                                                       ^\n../Qt/5.12.0/gcc_64/include/QtCore/qendian.h:96:42: error: from previous declaration constexpr T qbswap(T) [with T = double]\n template <typename T> Q_DECL_CONSTEXPR T qbswap(T source);\n                                          ^\nmake: *** [main.o] Error 1\n"},{"name":"AsyncFuture","pass":false,"reason":"INFO: Package com.github.benlau.testable has a different license (APACHE_2_0) than it's dependant (NONE).\nINFO: Package com.github.benlau.qtshell has a different license (MIT) than it's dependant (NONE).\nINFO: Package net.efever.xbacktrace has a different license (APACHE_2_0) than it's dependant (NONE).\nInstalling com.github.benlau.testable@1.0.2.19\nInstalling com.github.benlau.qtshell@0.4.5\nInstalling net.efever.xbacktrace@0.0.1\nTarget executable: asyncfutureunittests\nInfo: creating stash file /home/travis/build/benlau/qtreleasetests/build/.qmake.stash\nCompiling...\nIn file included from ../Qt/5.12.0/gcc_64/include/QtCore/qcborarray.h:43:0,\n                 from ../Qt/5.12.0/gcc_64/include/QtCore/QtCore:37,\n                 from ../Qt/5.12.0/gcc_64/include/QtTest/QtTestDepends:3,\n                 from ../Qt/5.12.0/gcc_64/include/QtTest/QtTest:3,\n                 from ../asyncfuture/tests/asyncfutureunittests/main.cpp:2:\n../Qt/5.12.0/gcc_64/include/QtCore/qcborvalue.h:74:25: error: missing initializer for member QCborError::c [-Werror=missing-field-initializers]\n     QCborError error = {};\n                         ^\nIn file included from ../Qt/5.12.0/gcc_64/include/QtCore/QtCore:64:0,\n                 from ../Qt/5.12.0/gcc_64/include/QtTest/QtTestDepends:3,\n                 from ../Qt/5.12.0/gcc_64/include/QtTest/QtTest:3,\n                 from ../asyncfuture/tests/asyncfutureunittests/main.cpp:2:\n../Qt/5.12.0/gcc_64/include/QtCore/qendian.h:165:61: error: redeclaration constexpr T qbswap(T) [with T = qfloat16] differs in constexpr\n template <> inline qfloat16 qbswap<qfloat16>(qfloat16 source)\n                                                             ^\n../Qt/5.12.0/gcc_64/include/QtCore/qendian.h:96:42: error: from previous declaration constexpr T qbswap(T) [with T = qfloat16]\n template <typename T> Q_DECL_CONSTEXPR T qbswap(T source);\n                                          ^\n../Qt/5.12.0/gcc_64/include/QtCore/qendian.h:170:52: error: redeclaration constexpr T qbswap(T) [with T = float] differs in constexpr\n template <> inline float qbswap<float>(float source)\n                                                    ^\n../Qt/5.12.0/gcc_64/include/QtCore/qendian.h:96:42: error: from previous declaration constexpr T qbswap(T) [with T = float]\n template <typename T> Q_DECL_CONSTEXPR T qbswap(T source);\n                                          ^\n../Qt/5.12.0/gcc_64/include/QtCore/qendian.h:175:55: error: redeclaration constexpr T qbswap(T) [with T = double] differs in constexpr\n template <> inline double qbswap<double>(double source)\n                                                       ^\n../Qt/5.12.0/gcc_64/include/QtCore/qendian.h:96:42: error: from previous declaration constexpr T qbswap(T) [with T = double]\n template <typename T> Q_DECL_CONSTEXPR T qbswap(T source);\n                                          ^\ncc1plus: all warnings being treated as errors\nmake: *** [main.o] Error 1\n"},{"name":"QuickFlux","pass":false,"reason":"INFO: Package com.github.benlau.testable has a different license (APACHE_2_0) than it's dependant (NONE).\nINFO: Package com.github.benlau.qtshell has a different license (MIT) than it's dependant (NONE).\nInstalling com.github.benlau.testable@1.0.2.21\nInstalling com.github.benlau.qtshell@0.4.3\nTarget executable: quickfluxunittests\nInfo: creating stash file /home/travis/build/benlau/qtreleasetests/build/.qmake.stash\nProject MESSAGE: Enable -Werror\nCompiling...\nIn file included from ../Qt/5.12.0/gcc_64/include/QtCore/qcborarray.h:43:0,\n                 from ../Qt/5.12.0/gcc_64/include/QtCore/QtCore:37,\n                 from ../Qt/5.12.0/gcc_64/include/QtTest/QtTestDepends:3,\n                 from ../Qt/5.12.0/gcc_64/include/QtTest/QtTest:3,\n                 from ../quickflux/tests/quickfluxunittests/main.cpp:2:\n../Qt/5.12.0/gcc_64/include/QtCore/qcborvalue.h:74:25: error: missing initializer for member QCborError::c [-Werror=missing-field-initializers]\n     QCborError error = {};\n                         ^\nIn file included from ../Qt/5.12.0/gcc_64/include/QtCore/QtCore:64:0,\n                 from ../Qt/5.12.0/gcc_64/include/QtTest/QtTestDepends:3,\n                 from ../Qt/5.12.0/gcc_64/include/QtTest/QtTest:3,\n                 from ../quickflux/tests/quickfluxunittests/main.cpp:2:\n../Qt/5.12.0/gcc_64/include/QtCore/qendian.h:165:61: error: redeclaration constexpr T qbswap(T) [with T = qfloat16] differs in constexpr\n template <> inline qfloat16 qbswap<qfloat16>(qfloat16 source)\n                                                             ^\n../Qt/5.12.0/gcc_64/include/QtCore/qendian.h:96:42: error: from previous declaration constexpr T qbswap(T) [with T = qfloat16]\n template <typename T> Q_DECL_CONSTEXPR T qbswap(T source);\n                                          ^\n../Qt/5.12.0/gcc_64/include/QtCore/qendian.h:170:52: error: redeclaration constexpr T qbswap(T) [with T = float] differs in constexpr\n template <> inline float qbswap<float>(float source)\n                                                    ^\n../Qt/5.12.0/gcc_64/include/QtCore/qendian.h:96:42: error: from previous declaration constexpr T qbswap(T) [with T = float]\n template <typename T> Q_DECL_CONSTEXPR T qbswap(T source);\n                                          ^\n../Qt/5.12.0/gcc_64/include/QtCore/qendian.h:175:55: error: redeclaration constexpr T qbswap(T) [with T = double] differs in constexpr\n template <> inline double qbswap<double>(double source)\n                                                       ^\n../Qt/5.12.0/gcc_64/include/QtCore/qendian.h:96:42: error: from previous declaration constexpr T qbswap(T) [with T = double]\n template <typename T> Q_DECL_CONSTEXPR T qbswap(T source);\n                                          ^\ncc1plus: all warnings being treated as errors\nmake: *** [main.o] Error 1\n"},{"name":"SparkQML","pass":false,"reason":"INFO: Package com.github.benlau.quickpromise has a different license (APACHE_2_0) than it's dependant (NONE).\nINFO: Package com.github.benlau.quickflux has a different license (APACHE_2_0) than it's dependant (NONE).\nINFO: Package com.github.benlau.quickcross has a different license (APACHE_2_0) than it's dependant (NONE).\nINFO: Package com.github.benlau.testable has a different license (APACHE_2_0) than it's dependant (NONE).\nINFO: Package com.github.benlau.qsyncable has a different license (APACHE_2_0) than it's dependant (NONE).\nINFO: Package com.github.benlau.qtshell has a different license (MIT) than it's dependant (NONE).\nINFO: Package quick.future.pri has a different license (APACHE_2_0) than it's dependant (NONE).\nINFO: Package font.awesome.pri has a different license (APACHE_2_0) than it's dependant (NONE).\nINFO: Package com.github.benlau.qredux has a different license (APACHE_2_0) than it's dependant (NONE).\nINFO: Package async.future.pri has a different license (APACHE_2_0) than it's dependant (NONE).\nINFO: Package net.efever.aconcurrent has a different license (APACHE_2_0) than it's dependant (NONE).\nINFO: Package net.efever.viewstack has a different license (APACHE_2_0) than it's dependant (NONE).\nINFO: Package net.efever.quikit has a different license (APACHE_2_0) than it's dependant (NONE).\nINFO: Package net.efever.snapshottesting has a different license (APACHE_2_0) than it's dependant (NONE).\nINFO: Package net.efever.qmlshell has a different license (APACHE_2_0) than it's dependant (NONE).\nInstalling com.github.benlau.quickpromise@1.0.3\nInstalling com.github.benlau.quickflux@1.0.5.4\nInstalling com.github.benlau.quickcross@1.0.2.20\nInstalling com.github.benlau.testable@1.0.2.15\nInstalling com.github.benlau.qsyncable@1.0.2.4\nInstalling com.github.benlau.qtshell@0.4.5\nInstalling quick.future.pri@1.0.0.0\nInstalling font.awesome.pri@1.0.0\nInstalling com.github.benlau.qredux@0.0.1\nInstalling async.future.pri@0.3.6.5\nInstalling net.efever.aconcurrent@0.1.14\nInstalling net.efever.viewstack@0.0.1\nInstalling net.efever.quikit@0.0.8\nInstalling net.efever.snapshottesting@0.0.24\nInstalling net.efever.qmlshell@0.0.2\nTarget executable: sparkqmltests\nInfo: creating stash file /home/travis/build/benlau/qtreleasetests/build/.qmake.stash\nCannot read /home/travis/build/benlau/qtreleasetests/sparkqml/lib/quikit/quikit.pri: No such file or directory\nProject MESSAGE: This project is using private headers and will therefore be tied to this specific Qt module build version.\nProject MESSAGE: Running this project against other versions of the Qt modules may crash at any arbitrary point.\nProject MESSAGE: This is not a bug, but a result of using Qt internals. You have been warned!\nCompiling...\nIn file included from ../Qt/5.12.0/gcc_64/include/QtCore/qcborarray.h:43:0,\n                 from ../Qt/5.12.0/gcc_64/include/QtCore/QtCore:37,\n                 from ../Qt/5.12.0/gcc_64/include/QtTest/QtTestDepends:3,\n                 from ../Qt/5.12.0/gcc_64/include/QtTest/QtTest:3,\n                 from ../sparkqml/tests/sparkqmltests/main.cpp:2:\n../Qt/5.12.0/gcc_64/include/QtCore/qcborvalue.h:74:25: warning: missing initializer for member QCborError::c [-Wmissing-field-initializers]\n     QCborError error = {};\n                         ^\nIn file included from ../Qt/5.12.0/gcc_64/include/QtCore/QtCore:64:0,\n                 from ../Qt/5.12.0/gcc_64/include/QtTest/QtTestDepends:3,\n                 from ../Qt/5.12.0/gcc_64/include/QtTest/QtTest:3,\n                 from ../sparkqml/tests/sparkqmltests/main.cpp:2:\n../Qt/5.12.0/gcc_64/include/QtCore/qendian.h:165:61: error: redeclaration constexpr T qbswap(T) [with T = qfloat16] differs in constexpr\n template <> inline qfloat16 qbswap<qfloat16>(qfloat16 source)\n                                                             ^\n../Qt/5.12.0/gcc_64/include/QtCore/qendian.h:96:42: error: from previous declaration constexpr T qbswap(T) [with T = qfloat16]\n template <typename T> Q_DECL_CONSTEXPR T qbswap(T source);\n                                          ^\n../Qt/5.12.0/gcc_64/include/QtCore/qendian.h:170:52: error: redeclaration constexpr T qbswap(T) [with T = float] differs in constexpr\n template <> inline float qbswap<float>(float source)\n                                                    ^\n../Qt/5.12.0/gcc_64/include/QtCore/qendian.h:96:42: error: from previous declaration constexpr T qbswap(T) [with T = float]\n template <typename T> Q_DECL_CONSTEXPR T qbswap(T source);\n                                          ^\n../Qt/5.12.0/gcc_64/include/QtCore/qendian.h:175:55: error: redeclaration constexpr T qbswap(T) [with T = double] differs in constexpr\n template <> inline double qbswap<double>(double source)\n                                                       ^\n../Qt/5.12.0/gcc_64/include/QtCore/qendian.h:96:42: error: from previous declaration constexpr T qbswap(T) [with T = double]\n template <typename T> Q_DECL_CONSTEXPR T qbswap(T source);\n                                          ^\nmake: *** [main.o] Error 1\n"},{"name":"Library - SnapshotTesting","pass":false,"reason":"INFO: Package com.github.benlau.testable has a different license (APACHE_2_0) than it's dependant (NONE).\nINFO: Package com.github.benlau.qtshell has a different license (MIT) than it's dependant (NONE).\nINFO: Package async.future.pri has a different license (APACHE_2_0) than it's dependant (NONE).\nINFO: Package net.efever.aconcurrent has a different license (APACHE_2_0) than it's dependant (NONE).\nInstalling com.github.benlau.testable@1.0.2.22\nInstalling com.github.benlau.qtshell@0.4.5\nInstalling async.future.pri@0.3.6.5\nInstalling net.efever.aconcurrent@0.1.14\nTarget executable: snapshottesting\nInfo: creating stash file /home/travis/build/benlau/qtreleasetests/build/.qmake.stash\nProject MESSAGE: This project is using private headers and will therefore be tied to this specific Qt module build version.\nProject MESSAGE: Running this project against other versions of the Qt modules may crash at any arbitrary point.\nProject MESSAGE: This is not a bug, but a result of using Qt internals. You have been warned!\nCompiling...\nIn file included from ../Qt/5.12.0/gcc_64/include/QtCore/qcborarray.h:43:0,\n                 from ../Qt/5.12.0/gcc_64/include/QtCore/QtCore:37,\n                 from ../Qt/5.12.0/gcc_64/include/QtTest/QtTestDepends:3,\n                 from ../Qt/5.12.0/gcc_64/include/QtTest/QtTest:3,\n                 from ../snapshottesting/tests/snapshottestingunittests/main.cpp:2:\n../Qt/5.12.0/gcc_64/include/QtCore/qcborvalue.h:74:25: warning: missing initializer for member QCborError::c [-Wmissing-field-initializers]\n     QCborError error = {};\n                         ^\nIn file included from ../Qt/5.12.0/gcc_64/include/QtCore/QtCore:64:0,\n                 from ../Qt/5.12.0/gcc_64/include/QtTest/QtTestDepends:3,\n                 from ../Qt/5.12.0/gcc_64/include/QtTest/QtTest:3,\n                 from ../snapshottesting/tests/snapshottestingunittests/main.cpp:2:\n../Qt/5.12.0/gcc_64/include/QtCore/qendian.h:165:61: error: redeclaration constexpr T qbswap(T) [with T = qfloat16] differs in constexpr\n template <> inline qfloat16 qbswap<qfloat16>(qfloat16 source)\n                                                             ^\n../Qt/5.12.0/gcc_64/include/QtCore/qendian.h:96:42: error: from previous declaration constexpr T qbswap(T) [with T = qfloat16]\n template <typename T> Q_DECL_CONSTEXPR T qbswap(T source);\n                                          ^\n../Qt/5.12.0/gcc_64/include/QtCore/qendian.h:170:52: error: redeclaration constexpr T qbswap(T) [with T = float] differs in constexpr\n template <> inline float qbswap<float>(float source)\n                                                    ^\n../Qt/5.12.0/gcc_64/include/QtCore/qendian.h:96:42: error: from previous declaration constexpr T qbswap(T) [with T = float]\n template <typename T> Q_DECL_CONSTEXPR T qbswap(T source);\n                                          ^\n../Qt/5.12.0/gcc_64/include/QtCore/qendian.h:175:55: error: redeclaration constexpr T qbswap(T) [with T = double] differs in constexpr\n template <> inline double qbswap<double>(double source)\n                                                       ^\n../Qt/5.12.0/gcc_64/include/QtCore/qendian.h:96:42: error: from previous declaration constexpr T qbswap(T) [with T = double]\n template <typename T> Q_DECL_CONSTEXPR T qbswap(T source);\n                                          ^\nmake: *** [main.o] Error 1\n"}]}