{"name":"Qt 5.11","version":"5.11.0-201802280536","tests":[{"name":"QTBUG-49370 - Use Singleton object from other Singleton object within the same package will hang","pass":true},{"name":"QTBUG-56935  QQmlEngine crashing when trying to clear the component cache ","pass":true},{"name":"QTBUG-57545 The result of Array.sort() is incorrect if shift() was called","pass":false,"reason":"Target executable: tst_qtbug57545test\nInfo: creating stash file /home/travis/build/benlau/qtreleasetests/build/.qmake.stash\nCompiling...\nBuild Completed\nQStandardPaths: XDG_RUNTIME_DIR not set, defaulting to '/tmp/runtime-travis'\n********* Start testing of example *********\nConfig: Using QtTest library 5.11.0, Qt 5.11.0 (x86_64-little_endian-lp64 shared (dynamic) release build; by GCC 5.3.1 20160406 (Red Hat 5.3.1-6))\nPASS   : example::Array::initTestCase()\nFAIL!  : example::Array::test_condition1() Compared values are not the same\n   Actual   (): [3,1]\n   Expected (): [1,3]\n   Loc: [/home/travis/build/benlau/qtreleasetests/qtbug-57545/tst_Array.qml(11)]\nFAIL!  : example::Array::test_condition2() Compared values are not the same\n   Actual   (): [2,3]\n   Expected (): [1,3]\n   Loc: [/home/travis/build/benlau/qtreleasetests/qtbug-57545/tst_Array.qml(18)]\nPASS   : example::Array::cleanupTestCase()\nTotals: 2 passed, 2 failed, 0 skipped, 0 blacklisted, 8ms\n********* Finished testing of example *********\n"},{"name":"QTBUG-57640 - Crash on loading Javascript file","pass":false,"reason":"Target executable: qtbug-57640\nInfo: creating stash file /home/travis/build/benlau/qtreleasetests/build/.qmake.stash\nCompiling...\nBuild Completed\nQStandardPaths: XDG_RUNTIME_DIR not set, defaulting to '/tmp/runtime-travis'\n/home/travis/build/benlau/qtreleasetests/qtci/bin/run-unittests: line 65:  5076 Segmentation fault      (core dumped) ./$TARGET\n"},{"name":"QTBUG-62666- JS  operator leads to segfaults on garbage collecton","pass":true},{"name":"QRedux","pass":true},{"name":"AsyncFuture","pass":false,"reason":"INFO: Package com.github.benlau.testable has a different license (APACHE_2_0) than it's dependant (NONE).\nINFO: Package com.github.benlau.qtshell has a different license (MIT) than it's dependant (NONE).\nInstalling com.github.benlau.testable@1.0.2.19\nInstalling com.github.benlau.qtshell@0.4.5\nTarget executable: asyncfutureunittests\nInfo: creating stash file /home/travis/build/benlau/qtreleasetests/build/.qmake.stash\nCompiling...\nBuild Completed\n********* Start testing of AsyncFutureTests *********\nConfig: Using QtTest library 5.11.0, Qt 5.11.0 (x86_64-little_endian-lp64 shared (dynamic) release build; by GCC 5.3.1 20160406 (Red Hat 5.3.1-6))\nPASS   : AsyncFutureTests::initTestCase()\nPASS   : AsyncFutureTests::test_QFuture_cancel()\nPASS   : AsyncFutureTests::test_QFuture_isResultReadyAt()\nPASS   : AsyncFutureTests::test_QFutureWatcher_in_thread()\nPASS   : AsyncFutureTests::test_QtConcurrent_exception()\nXFAIL  : AsyncFutureTests::test_QtConcurrent_map() It is not possible to pause the execution of QtConcurrent::map\n   Loc: [../asyncfuture/tests/asyncfutureunittests/asyncfuturetests.cpp(221)]\n\n========= Received signal, dumping stack ==============\n========= End of stack trace ==============\nQFATAL : AsyncFutureTests::test_QtConcurrent_map() Test function timed out\nFAIL!  : AsyncFutureTests::test_QtConcurrent_map() Received a fatal error.\n   Loc: [Unknown file(0)]\nTotals: 5 passed, 1 failed, 0 skipped, 0 blacklisted, 301155ms\n********* Finished testing of AsyncFutureTests *********\n/home/travis/build/benlau/qtreleasetests/qtci/bin/run-unittests: line 65:  5554 Aborted                 (core dumped) ./$TARGET\n"},{"name":"QuickFlux","pass":true},{"name":"SparkQML","pass":false,"reason":"INFO: Package com.github.benlau.quickpromise has a different license (APACHE_2_0) than it's dependant (NONE).\nINFO: Package com.github.benlau.quickflux has a different license (APACHE_2_0) than it's dependant (NONE).\nINFO: Package com.github.benlau.quickcross has a different license (APACHE_2_0) than it's dependant (NONE).\nINFO: Package com.github.benlau.testable has a different license (APACHE_2_0) than it's dependant (NONE).\nINFO: Package com.github.benlau.qsyncable has a different license (APACHE_2_0) than it's dependant (NONE).\nINFO: Package com.github.benlau.qtshell has a different license (MIT) than it's dependant (NONE).\nINFO: Package com.github.benlau.qtshell has a different license (MIT) than it's dependant (NONE).\nINFO: Package quick.future.pri has a different license (APACHE_2_0) than it's dependant (NONE).\nINFO: Package font.awesome.pri has a different license (APACHE_2_0) than it's dependant (NONE).\nINFO: Package com.github.benlau.qredux has a different license (APACHE_2_0) than it's dependant (NONE).\nINFO: Package async.future.pri has a different license (APACHE_2_0) than it's dependant (NONE).\nINFO: Package net.efever.aconcurrent has a different license (APACHE_2_0) than it's dependant (NONE).\nINFO: Package net.efever.viewstack has a different license (APACHE_2_0) than it's dependant (NONE).\nINFO: Package net.efever.quikit has a different license (APACHE_2_0) than it's dependant (NONE).\nINFO: Package net.efever.snapshottesting has a different license (APACHE_2_0) than it's dependant (NONE).\nINFO: Package net.efever.qmlshell has a different license (APACHE_2_0) than it's dependant (NONE).\nInstalling com.github.benlau.quickpromise@1.0.3\nInstalling com.github.benlau.quickflux@1.0.5.4\nInstalling com.github.benlau.quickcross@1.0.2.20\nInstalling com.github.benlau.testable@1.0.2.15\nInstalling com.github.benlau.qsyncable@1.0.2.4\nInstalling com.github.benlau.qtshell@0.4.5\nInstalling com.github.benlau.qtshell@0.4.3\nInstalling quick.future.pri@1.0.0.0\nInstalling font.awesome.pri@1.0.0\nInstalling com.github.benlau.qredux@0.0.1\nInstalling async.future.pri@0.3.6.4\nInstalling net.efever.aconcurrent@0.1.13\nInstalling net.efever.viewstack@0.0.1\nInstalling net.efever.quikit@0.0.8\nInstalling net.efever.snapshottesting@0.0.15\nInstalling net.efever.qmlshell@0.0.2\nQPM: 2018/03/04 15:16:24 WARNING: com.github.benlau.qtshell@0.4.5 is already a dependency. Replacing with version 0.4.3.\nTarget executable: sparkqmltests\nInfo: creating stash file /home/travis/build/benlau/qtreleasetests/build/.qmake.stash\nCannot read /home/travis/build/benlau/qtreleasetests/sparkqml/lib/quikit/quikit.pri: No such file or directory\nProject MESSAGE: This project is using private headers and will therefore be tied to this specific Qt module build version.\nProject MESSAGE: Running this project against other versions of the Qt modules may crash at any arbitrary point.\nProject MESSAGE: This is not a bug, but a result of using Qt internals. You have been warned!\nCompiling...\nIn file included from ../Qt/5.11.0/gcc_64/include/QtCore/QtCore:4:0,\n                 from ../Qt/5.11.0/gcc_64/include/QtTest/QtTestDepends:3,\n                 from ../Qt/5.11.0/gcc_64/include/QtTest/QtTest:3,\n                 from ../sparkqml/tests/sparkqmltests/privateapitests.cpp:1:\n../sparkqml/tests/sparkqmltests/privateapitests.cpp: In member function void PrivateApiTests::test_QQmlMetaType():\n../Qt/5.11.0/gcc_64/include/QtCore/qglobal.h:1015:34: error: cannot convert const QQmlType to const QQmlType* in initialization\n     for (variable = *_container_.i; _container_.control; _container_.control = 0)\n                                  ^\n../Qt/5.11.0/gcc_64/include/QtCore/qglobal.h:1023:21: note: in expansion of macro Q_FOREACH\n #    define foreach Q_FOREACH\n                     ^\n../sparkqml/tests/sparkqmltests/privateapitests.cpp:24:5: note: in expansion of macro foreach\n     foreach (const QQmlType *ty, QQmlMetaType::qmlTypes()) {\n     ^\nmake: *** [privateapitests.o] Error 1\n"},{"name":"Library - SnapshotTesting","pass":false,"reason":"INFO: Package com.github.benlau.testable has a different license (APACHE_2_0) than it's dependant (NONE).\nINFO: Package com.github.benlau.qtshell has a different license (MIT) than it's dependant (NONE).\nINFO: Package async.future.pri has a different license (APACHE_2_0) than it's dependant (NONE).\nINFO: Package net.efever.aconcurrent has a different license (APACHE_2_0) than it's dependant (NONE).\nInstalling com.github.benlau.testable@1.0.2.22\nInstalling com.github.benlau.qtshell@0.4.5\nInstalling async.future.pri@0.3.6.5\nInstalling net.efever.aconcurrent@0.1.14\nTarget executable: snapshottesting\nInfo: creating stash file /home/travis/build/benlau/qtreleasetests/build/.qmake.stash\nProject MESSAGE: This project is using private headers and will therefore be tied to this specific Qt module build version.\nProject MESSAGE: Running this project against other versions of the Qt modules may crash at any arbitrary point.\nProject MESSAGE: This is not a bug, but a result of using Qt internals. You have been warned!\nCompiling...\n../snapshottesting/tests/snapshottestingunittests/vendor/com/github/benlau/testable/automator.cpp:29:13: warning: bool hasMethods(QObject*, QStringList) defined but not used [-Wunused-function]\n static bool hasMethods(QObject* object, QStringList filters) {\n             ^\n../snapshottesting/tests/snapshottestingunittests/vendor/com/github/benlau/testable/automator.cpp:73:13: warning: void invokeTestableCase(QQmlEngine*, QObject*, QStringList) defined but not used [-Wunused-function]\n static void invokeTestableCase(QQmlEngine* engine, QObject* object, QStringList filters) {\n             ^\nBuild Completed\nQStandardPaths: XDG_RUNTIME_DIR not set, defaulting to '/tmp/runtime-travis'\nfile:///home/travis/build/benlau/qtreleasetests/Qt/5.11.0/gcc_64/qml/QtQuick/Controls/Private/Style.qml:52: ReferenceError: __control is not defined\nfile:///home/travis/build/benlau/qtreleasetests/Qt/5.11.0/gcc_64/qml/QtQuick/Controls/Styles/Base/RadioButtonStyle.qml:79: ReferenceError: __control is not defined\n********* Start testing of Testcases *********\nConfig: Using QtTest library 5.11.0, Qt 5.11.0 (x86_64-little_endian-lp64 shared (dynamic) release build; by GCC 5.3.1 20160406 (Red Hat 5.3.1-6))\nPASS   : Testcases::initTestCase()\nPASS   : Testcases::test_obtainQmlPackage()\nPASS   : Testcases::test_obtainDynamicDefaultValues()\nPASS   : Testcases::test_classNameToComponentName()\nQDEBUG : Testcases::test_context() CustomButton (\"file:///home/travis/build/benlau/qtreleasetests/Qt/5.11.0/gcc_64/qml/QtQuick/Controls.2/Button.qml\", \"file:///home/travis/build/benlau/qtreleasetests/snapshottesting/tests/snapshottestingunittests/sample/CustomButton.qml\")\nPASS   : Testcases::test_context()\nPASS   : Testcases::test_loading_config()\nQDEBUG : Testcases::test_grabImage() Skip this test in CI environment\nPASS   : Testcases::test_grabImage()\nQDEBUG : Testcases::test_ScreenshotBrowser() matchStoredSnapshot: The snapshot is different:\nQDEBUG : Testcases::test_ScreenshotBrowser() @@ -10,22 +10,16 @@\n         id: singleImage\n         width: 640\n         height: 480\n-        imageHeight: 240\n-        imageWidth: 320\n+        imageHeight: 0\n+        imageWidth: 0\n         \n-        sourceSize: Qt.size(320,240)\n+        sourceSize: Qt.size(0,0)\n \n         Image {\n             id: image\n-            x: 160\n-            y: 120\n-            width: 320\n-            height: 240\n-            implicitHeight: 240\n-            implicitWidth: 320\n-            progress: 1\n+            x: 320\n+            y: 240\n             \n-            sourceSize: Qt.size(320,240)\n         }\n     }\n }\n\nFAIL!  : Testcases::test_ScreenshotBrowser() 'SnapshotTesting::matchStoredSnapshot(function + \"_Single\", snapshot)' returned FALSE. ()\n   Loc: [../snapshottesting/tests/snapshottestingunittests/testcases.cpp(420)]\nPASS   : Testcases::test_convertToPackageNotation()\nPASS   : Testcases::test_replaceLines()\nPASS   : Testcases::test_qml_loading(Matcher.qml)\nPASS   : Testcases::test_qml_loading(MatcherContentView.qml)\nPASS   : Testcases::test_qml_loading(ScaleToFitImage.qml)\nPASS   : Testcases::test_qml_loading(ScreenshotBrowser.qml)\nPASS   : Testcases::test_isIgnoredProperty()\nQDEBUG : Testcases::test_SnapshotTesting_diff() @@ -1,3 +1,3 @@\n A\n-B\n+D\n C\n\nPASS   : Testcases::test_SnapshotTesting_diff()\nPASS   : Testcases::test_SnapshotTesting_saveSnapshots()\nQDEBUG : Testcases::test_SnapshotTesting_addSystemIgnoreRule() \"Non-supported type: QQuickIcon from QtObject of icon field\"\nQDEBUG : Testcases::test_SnapshotTesting_addSystemIgnoreRule() matchStoredSnapshot: The snapshot is different:\nQDEBUG : Testcases::test_SnapshotTesting_addSystemIgnoreRule() @@ -30,6 +30,15 @@\n         height: 10\n         font.pixelSize: 20\n         font.pointSize: -1\n+        fontInfo: {\n+                      \"bold\": false,\n+                      \"family\": \"\",\n+                      \"italic\": false,\n+                      \"pixelSize\": -1,\n+                      \"pointSize\": -0.72,\n+                      \"styleName\": \"\",\n+                      \"weight\": 50\n+                  }\n     }\n \n     Image {\n\nFAIL!  : Testcases::test_SnapshotTesting_addSystemIgnoreRule() 'SnapshotTesting::matchStoredSnapshot(name, text)' returned FALSE. ()\n   Loc: [../snapshottesting/tests/snapshottestingunittests/testcases.cpp(619)]\nQDEBUG : Testcases::test_SnapshotTesting_capture_QObject() SnapshotTesting::capture(): The capture target is not visible\nPASS   : Testcases::test_SnapshotTesting_capture_QObject()\nQDEBUG : Testcases::test_SnapshotTesting_capture_RadioButton() \"Non-supported type:  from QtObject of __cycleStatesHandler field\"\nQDEBUG : Testcases::test_SnapshotTesting_capture_RadioButton() \"Item {\\n\\n    FocusScope { // RadioButton\\n        activeFocusOnPress: false\\n        activeFocusOnTab: true\\n        checked: false\\n        hovered: false\\n        pressed: false\\n        text: \\\"\\\"\\n        tooltip: \\\"\\\"\\n    }\\n}\"\nQDEBUG : Testcases::test_SnapshotTesting_capture_RadioButton() AbstractCheckable_QMLTYPE_147(0x1799b60, parent=0x0, geometry=0,0 23x17) AbstractCheckable_QMLTYPE_147\nQDEBUG : Testcases::test_SnapshotTesting_capture_RadioButton() QQuickFocusScope\nQDEBUG : Testcases::test_SnapshotTesting_capture_RadioButton() \"Non-supported type:  from QtObject of __cycleStatesHandler field\"\nPASS   : Testcases::test_SnapshotTesting_capture_RadioButton()\nQDEBUG : Testcases::test_SnapshotTesting_matchStoredSnapshot(/home/travis/build/benlau/qtreleasetests/snapshottesting/tests/snapshottestingunittests/sample/CustomButton.qml) \"Non-supported type: QQuickIcon from QtObject of icon field\"\nPASS   : Testcases::test_SnapshotTesting_matchStoredSnapshot(/home/travis/build/benlau/qtreleasetests/snapshottesting/tests/snapshottestingunittests/sample/CustomButton.qml)\nQDEBUG : Testcases::test_SnapshotTesting_matchStoredSnapshot(/home/travis/build/benlau/qtreleasetests/snapshottesting/tests/snapshottestingunittests/sample/Sample1.qml) \"Non-supported type: QQuickIcon from QtObject of icon field\"\nQDEBUG : Testcases::test_SnapshotTesting_matchStoredSnapshot(/home/travis/build/benlau/qtreleasetests/snapshottesting/tests/snapshottestingunittests/sample/Sample1.qml) matchStoredSnapshot: The snapshot is different:\nQDEBUG : Testcases::test_SnapshotTesting_matchStoredSnapshot(/home/travis/build/benlau/qtreleasetests/snapshottesting/tests/snapshottestingunittests/sample/Sample1.qml) @@ -30,6 +30,15 @@\n         height: 10\n         font.pixelSize: 20\n         font.pointSize: -1\n+        fontInfo: {\n+                      \"bold\": false,\n+                      \"family\": \"\",\n+                      \"italic\": false,\n+                      \"pixelSize\": -1,\n+                      \"pointSize\": -0.72,\n+                      \"styleName\": \"\",\n+                      \"weight\": 50\n+                  }\n     }\n \n     Image {\n\nFAIL!  : Testcases::test_SnapshotTesting_matchStoredSnapshot(/home/travis/build/benlau/qtreleasetests/snapshottesting/tests/snapshottestingunittests/sample/Sample1.qml) 'SnapshotTesting::matchStoredSnapshot(name, text)' returned FALSE. ()\n   Loc: [../snapshottesting/tests/snapshottestingunittests/testcases.cpp(712)]\nPASS   : Testcases::test_SnapshotTesting_matchStoredSnapshot(/home/travis/build/benlau/qtreleasetests/snapshottesting/tests/snapshottestingunittests/sample/Sample2.qml)\nPASS   : Testcases::test_SnapshotTesting_matchStoredSnapshot(/home/travis/build/benlau/qtreleasetests/snapshottesting/tests/snapshottestingunittests/sample/Sample3.qml)\nPASS   : Testcases::test_SnapshotTesting_matchStoredSnapshot(/home/travis/build/benlau/qtreleasetests/snapshottesting/tests/snapshottestingunittests/sample/Sample4.qml)\nPASS   : Testcases::test_SnapshotTesting_matchStoredSnapshot(/home/travis/build/benlau/qtreleasetests/snapshottesting/tests/snapshottestingunittests/sample/Sample5.qml)\nPASS   : Testcases::test_SnapshotTesting_matchStoredSnapshot(/home/travis/build/benlau/qtreleasetests/snapshottesting/tests/snapshottestingunittests/sample/Sample5Form.ui.qml)\nPASS   : Testcases::test_SnapshotTesting_matchStoredSnapshot(/home/travis/build/benlau/qtreleasetests/snapshottesting/tests/snapshottestingunittests/sample/Sample6.qml)\nPASS   : Testcases::test_SnapshotTesting_matchStoredSnapshot(/home/travis/build/benlau/qtreleasetests/snapshottesting/tests/snapshottestingunittests/sample/Sample7.qml)\nPASS   : Testcases::test_SnapshotTesting_matchStoredSnapshot(/home/travis/build/benlau/qtreleasetests/snapshottesting/tests/snapshottestingunittests/sample/Sample8.qml)\nPASS   : Testcases::test_SnapshotTesting_matchStoredSnapshot(/home/travis/build/benlau/qtreleasetests/snapshottesting/tests/snapshottestingunittests/sample/Sample9.qml)\nQDEBUG : Testcases::test_SnapshotTesting_matchStoredSnapshot(/home/travis/build/benlau/qtreleasetests/snapshottesting/tests/snapshottestingunittests/sample/Sample_Control1.qml) \"Non-supported type:  from QtObject of __cycleStatesHandler field\"\nPASS   : Testcases::test_SnapshotTesting_matchStoredSnapshot(/home/travis/build/benlau/qtreleasetests/snapshottesting/tests/snapshottestingunittests/sample/Sample_Control1.qml)\nPASS   : Testcases::test_SnapshotTesting_matchStoredSnapshot(/home/travis/build/benlau/qtreleasetests/snapshottesting/tests/snapshottestingunittests/sample/Sample_Layout.qml)\nQWARN  : Testcases::test_SnapshotTesting_matchStoredSnapshot(/home/travis/build/benlau/qtreleasetests/snapshottesting/tests/snapshottestingunittests/sample/Sample_Loader_Async.qml) qt.network.ssl: QSslSocket: cannot resolve SSL_CONF_CTX_new\nQWARN  : Testcases::test_SnapshotTesting_matchStoredSnapshot(/home/travis/build/benlau/qtreleasetests/snapshottesting/tests/snapshottestingunittests/sample/Sample_Loader_Async.qml) qt.network.ssl: QSslSocket: cannot resolve SSL_CONF_CTX_free\nQWARN  : Testcases::test_SnapshotTesting_matchStoredSnapshot(/home/travis/build/benlau/qtreleasetests/snapshottesting/tests/snapshottestingunittests/sample/Sample_Loader_Async.qml) qt.network.ssl: QSslSocket: cannot resolve SSL_CONF_CTX_set_ssl_ctx\nQWARN  : Testcases::test_SnapshotTesting_matchStoredSnapshot(/home/travis/build/benlau/qtreleasetests/snapshottesting/tests/snapshottestingunittests/sample/Sample_Loader_Async.qml) qt.network.ssl: QSslSocket: cannot resolve SSL_CONF_CTX_set_flags\nQWARN  : Testcases::test_SnapshotTesting_matchStoredSnapshot(/home/travis/build/benlau/qtreleasetests/snapshottesting/tests/snapshottestingunittests/sample/Sample_Loader_Async.qml) qt.network.ssl: QSslSocket: cannot resolve SSL_CONF_CTX_finish\nQWARN  : Testcases::test_SnapshotTesting_matchStoredSnapshot(/home/travis/build/benlau/qtreleasetests/snapshottesting/tests/snapshottestingunittests/sample/Sample_Loader_Async.qml) qt.network.ssl: QSslSocket: cannot resolve SSL_CONF_cmd\nQWARN  : Testcases::test_SnapshotTesting_matchStoredSnapshot(/home/travis/build/benlau/qtreleasetests/snapshottesting/tests/snapshottestingunittests/sample/Sample_Loader_Async.qml) qt.network.ssl: QSslSocket: cannot resolve SSL_set_alpn_protos\nQWARN  : Testcases::test_SnapshotTesting_matchStoredSnapshot(/home/travis/build/benlau/qtreleasetests/snapshottesting/tests/snapshottestingunittests/sample/Sample_Loader_Async.qml) qt.network.ssl: QSslSocket: cannot resolve SSL_CTX_set_alpn_select_cb\nQWARN  : Testcases::test_SnapshotTesting_matchStoredSnapshot(/home/travis/build/benlau/qtreleasetests/snapshottesting/tests/snapshottestingunittests/sample/Sample_Loader_Async.qml) qt.network.ssl: QSslSocket: cannot resolve SSL_get0_alpn_selected\nPASS   : Testcases::test_SnapshotTesting_matchStoredSnapshot(/home/travis/build/benlau/qtreleasetests/snapshottesting/tests/snapshottestingunittests/sample/Sample_Loader_Async.qml)\nPASS   : Testcases::test_SnapshotTesting_matchStoredSnapshot(/home/travis/build/benlau/qtreleasetests/snapshottesting/tests/snapshottestingunittests/sample/Sample_QJSValue.qml)\nQDEBUG : Testcases::test_SnapshotTesting_matchStoredSnapshot_expandAll(/home/travis/build/benlau/qtreleasetests/snapshottesting/tests/snapshottestingunittests/sample/CustomButton.qml) \"Non-supported type: QQuickIcon from QtObject of icon field\"\nPASS   : Testcases::test_SnapshotTesting_matchStoredSnapshot_expandAll(/home/travis/build/benlau/qtreleasetests/snapshottesting/tests/snapshottestingunittests/sample/CustomButton.qml)\nQDEBUG : Testcases::test_SnapshotTesting_matchStoredSnapshot_expandAll(/home/travis/build/benlau/qtreleasetests/snapshottesting/tests/snapshottestingunittests/sample/Sample1.qml) \"Non-supported type: QQuickIcon from QtObject of icon field\"\nQDEBUG : Testcases::test_SnapshotTesting_matchStoredSnapshot_expandAll(/home/travis/build/benlau/qtreleasetests/snapshottesting/tests/snapshottestingunittests/sample/Sample1.qml) matchStoredSnapshot: The snapshot is different:\nQDEBUG : Testcases::test_SnapshotTesting_matchStoredSnapshot_expandAll(/home/travis/build/benlau/qtreleasetests/snapshottesting/tests/snapshottestingunittests/sample/Sample1.qml) @@ -30,6 +30,15 @@\n         height: 10\n         font.pixelSize: 20\n         font.pointSize: -1\n+        fontInfo: {\n+                      \"bold\": false,\n+                      \"family\": \"\",\n+                      \"italic\": false,\n+                      \"pixelSize\": -1,\n+                      \"pointSize\": -0.72,\n+                      \"styleName\": \"\",\n+                      \"weight\": 50\n+                  }\n     }\n \n     Image {\n\nFAIL!  : Testcases::test_SnapshotTesting_matchStoredSnapshot_expandAll(/home/travis/build/benlau/qtreleasetests/snapshottesting/tests/snapshottestingunittests/sample/Sample1.qml) 'SnapshotTesting::matchStoredSnapshot(name, text)' returned FALSE. ()\n   Loc: [../snapshottesting/tests/snapshottestingunittests/testcases.cpp(742)]\nQDEBUG : Testcases::test_SnapshotTesting_matchStoredSnapshot_expandAll(/home/travis/build/benlau/qtreleasetests/snapshottesting/tests/snapshottestingunittests/sample/Sample2.qml) \"Non-supported type: QQuickIcon from QtObject of icon field\"\nQDEBUG : Testcases::test_SnapshotTesting_matchStoredSnapshot_expandAll(/home/travis/build/benlau/qtreleasetests/snapshottesting/tests/snapshottestingunittests/sample/Sample2.qml) \"Non-supported type: QQuickIcon from QtObject of icon field\"\nQDEBUG : Testcases::test_SnapshotTesting_matchStoredSnapshot_expandAll(/home/travis/build/benlau/qtreleasetests/snapshottesting/tests/snapshottestingunittests/sample/Sample2.qml) matchStoredSnapshot: The snapshot is different:\nQDEBUG : Testcases::test_SnapshotTesting_matchStoredSnapshot_expandAll(/home/travis/build/benlau/qtreleasetests/snapshottesting/tests/snapshottestingunittests/sample/Sample2.qml) @@ -35,6 +35,15 @@\n             height: 10\n             font.pixelSize: 20\n             font.pointSize: -1\n+            fontInfo: {\n+                          \"bold\": false,\n+                          \"family\": \"\",\n+                          \"italic\": false,\n+                          \"pixelSize\": -1,\n+                          \"pointSize\": -0.72,\n+                          \"styleName\": \"\",\n+                          \"weight\": 50\n+                      }\n         }\n \n         Image {\n@@ -108,6 +117,15 @@\n             height: 10\n             font.pixelSize: 20\n             font.pointSize: -1\n+            fontInfo: {\n+                          \"bold\": false,\n+                          \"family\": \"\",\n+                          \"italic\": false,\n+                          \"pixelSize\": -1,\n+                          \"pointSize\": -0.72,\n+                          \"styleName\": \"\",\n+                          \"weight\": 50\n+                      }\n         }\n \n         Image {\n\nFAIL!  : Testcases::test_SnapshotTesting_matchStoredSnapshot_expandAll(/home/travis/build/benlau/qtreleasetests/snapshottesting/tests/snapshottestingunittests/sample/Sample2.qml) 'SnapshotTesting::matchStoredSnapshot(name, text)' returned FALSE. ()\n   Loc: [../snapshottesting/tests/snapshottestingunittests/testcases.cpp(742)]\nPASS   : Testcases::test_SnapshotTesting_matchStoredSnapshot_expandAll(/home/travis/build/benlau/qtreleasetests/snapshottesting/tests/snapshottestingunittests/sample/Sample3.qml)\nQDEBUG : Testcases::test_SnapshotTesting_matchStoredSnapshot_expandAll(/home/travis/build/benlau/qtreleasetests/snapshottesting/tests/snapshottestingunittests/sample/Sample4.qml) \"Non-supported type: QQuickIcon from QtObject of icon field\"\nQDEBUG : Testcases::test_SnapshotTesting_matchStoredSnapshot_expandAll(/home/travis/build/benlau/qtreleasetests/snapshottesting/tests/snapshottestingunittests/sample/Sample4.qml) \"Non-supported type: QQuickIcon from QtObject of icon field\"\nQDEBUG : Testcases::test_SnapshotTesting_matchStoredSnapshot_expandAll(/home/travis/build/benlau/qtreleasetests/snapshottesting/tests/snapshottestingunittests/sample/Sample4.qml) \"Non-supported type: QQuickIcon from QtObject of icon field\"\nQDEBUG : Testcases::test_SnapshotTesting_matchStoredSnapshot_expandAll(/home/travis/build/benlau/qtreleasetests/snapshottesting/tests/snapshottestingunittests/sample/Sample4.qml) matchStoredSnapshot: The snapshot is different:\nQDEBUG : Testcases::test_SnapshotTesting_matchStoredSnapshot_expandAll(/home/travis/build/benlau/qtreleasetests/snapshottesting/tests/snapshottestingunittests/sample/Sample4.qml) @@ -34,6 +34,15 @@\n             height: 10\n             font.pixelSize: 20\n             font.pointSize: -1\n+            fontInfo: {\n+                          \"bold\": false,\n+                          \"family\": \"\",\n+                          \"italic\": false,\n+                          \"pixelSize\": -1,\n+                          \"pointSize\": -0.72,\n+                          \"styleName\": \"\",\n+                          \"weight\": 50\n+                      }\n         }\n \n         Image {\n@@ -107,6 +116,15 @@\n                     height: 10\n                     font.pixelSize: 20\n                     font.pointSize: -1\n+                    fontInfo: {\n+                                  \"bold\": false,\n+                                  \"family\": \"\",\n+                                  \"italic\": false,\n+                                  \"pixelSize\": -1,\n+                                  \"pointSize\": -0.72,\n+                                  \"styleName\": \"\",\n+                                  \"weight\": 50\n+                              }\n                 }\n \n                 Image {\n@@ -180,6 +198,15 @@\n                     height: 10\n                     font.pixelSize: 20\n                     font.pointSize: -1\n+                    fontInfo: {\n+                                  \"bold\": false,\n+                                  \"family\": \"\",\n+                                  \"italic\": false,\n+                                  \"pixelSize\": -1,\n+                                  \"pointSize\": -0.72,\n+                                  \"styleName\": \"\",\n+                                  \"weight\": 50\n+                              }\n                 }\n \n                 Image {\n\nFAIL!  : Testcases::test_SnapshotTesting_matchStoredSnapshot_expandAll(/home/travis/build/benlau/qtreleasetests/snapshottesting/tests/snapshottestingunittests/sample/Sample4.qml) 'SnapshotTesting::matchStoredSnapshot(name, text)' returned FALSE. ()\n   Loc: [../snapshottesting/tests/snapshottestingunittests/testcases.cpp(742)]\nPASS   : Testcases::test_SnapshotTesting_matchStoredSnapshot_expandAll(/home/travis/build/benlau/qtreleasetests/snapshottesting/tests/snapshottestingunittests/sample/Sample5.qml)\nPASS   : Testcases::test_SnapshotTesting_matchStoredSnapshot_expandAll(/home/travis/build/benlau/qtreleasetests/snapshottesting/tests/snapshottestingunittests/sample/Sample5Form.ui.qml)\nPASS   : Testcases::test_SnapshotTesting_matchStoredSnapshot_expandAll(/home/travis/build/benlau/qtreleasetests/snapshottesting/tests/snapshottestingunittests/sample/Sample6.qml)\nPASS   : Testcases::test_SnapshotTesting_matchStoredSnapshot_expandAll(/home/travis/build/benlau/qtreleasetests/snapshottesting/tests/snapshottestingunittests/sample/Sample7.qml)\nPASS   : Testcases::test_SnapshotTesting_matchStoredSnapshot_expandAll(/home/travis/build/benlau/qtreleasetests/snapshottesting/tests/snapshottestingunittests/sample/Sample8.qml)\nPASS   : Testcases::test_SnapshotTesting_matchStoredSnapshot_expandAll(/home/travis/build/benlau/qtreleasetests/snapshottesting/tests/snapshottestingunittests/sample/Sample9.qml)\nQDEBUG : Testcases::test_SnapshotTesting_matchStoredSnapshot_expandAll(/home/travis/build/benlau/qtreleasetests/snapshottesting/tests/snapshottestingunittests/sample/Sample_Control1.qml) \"Non-supported type:  from QtObject of __cycleStatesHandler field\"\nPASS   : Testcases::test_SnapshotTesting_matchStoredSnapshot_expandAll(/home/travis/build/benlau/qtreleasetests/snapshottesting/tests/snapshottestingunittests/sample/Sample_Control1.qml)\nPASS   : Testcases::test_SnapshotTesting_matchStoredSnapshot_expandAll(/home/travis/build/benlau/qtreleasetests/snapshottesting/tests/snapshottestingunittests/sample/Sample_Layout.qml)\nQDEBUG : Testcases::test_SnapshotTesting_matchStoredSnapshot_expandAll(/home/travis/build/benlau/qtreleasetests/snapshottesting/tests/snapshottestingunittests/sample/Sample_Loader_Async.qml) \"Non-supported type: QQuickIcon from QtObject of icon field\"\nQDEBUG : Testcases::test_SnapshotTesting_matchStoredSnapshot_expandAll(/home/travis/build/benlau/qtreleasetests/snapshottesting/tests/snapshottestingunittests/sample/Sample_Loader_Async.qml) matchStoredSnapshot: The snapshot is different:\nQDEBUG : Testcases::test_SnapshotTesting_matchStoredSnapshot_expandAll(/home/travis/build/benlau/qtreleasetests/snapshottesting/tests/snapshottestingunittests/sample/Sample_Loader_Async.qml) @@ -45,6 +45,15 @@\n                 height: 10\n                 font.pixelSize: 20\n                 font.pointSize: -1\n+                fontInfo: {\n+                              \"bold\": false,\n+                              \"family\": \"\",\n+                              \"italic\": false,\n+                              \"pixelSize\": -1,\n+                              \"pointSize\": -0.72,\n+                              \"styleName\": \"\",\n+                              \"weight\": 50\n+                          }\n             }\n \n             Image {\n\nFAIL!  : Testcases::test_SnapshotTesting_matchStoredSnapshot_expandAll(/home/travis/build/benlau/qtreleasetests/snapshottesting/tests/snapshottestingunittests/sample/Sample_Loader_Async.qml) 'SnapshotTesting::matchStoredSnapshot(name, text)' returned FALSE. ()\n   Loc: [../snapshottesting/tests/snapshottestingunittests/testcases.cpp(742)]\nPASS   : Testcases::test_SnapshotTesting_matchStoredSnapshot_expandAll(/home/travis/build/benlau/qtreleasetests/snapshottesting/tests/snapshottestingunittests/sample/Sample_QJSValue.qml)\nQDEBUG : Testcases::test_SnapshotTesting_matchStoredSnapshot_hideId(/home/travis/build/benlau/qtreleasetests/snapshottesting/tests/snapshottestingunittests/sample/CustomButton.qml) \"Non-supported type: QQuickIcon from QtObject of icon field\"\nPASS   : Testcases::test_SnapshotTesting_matchStoredSnapshot_hideId(/home/travis/build/benlau/qtreleasetests/snapshottesting/tests/snapshottestingunittests/sample/CustomButton.qml)\nQDEBUG : Testcases::test_SnapshotTesting_matchStoredSnapshot_hideId(/home/travis/build/benlau/qtreleasetests/snapshottesting/tests/snapshottestingunittests/sample/Sample1.qml) \"Non-supported type: QQuickIcon from QtObject of icon field\"\nQDEBUG : Testcases::test_SnapshotTesting_matchStoredSnapshot_hideId(/home/travis/build/benlau/qtreleasetests/snapshottesting/tests/snapshottestingunittests/sample/Sample1.qml) matchStoredSnapshot: The snapshot is different:\nQDEBUG : Testcases::test_SnapshotTesting_matchStoredSnapshot_hideId(/home/travis/build/benlau/qtreleasetests/snapshottesting/tests/snapshottestingunittests/sample/Sample1.qml) @@ -25,6 +25,15 @@\n         height: 10\n         font.pixelSize: 20\n         font.pointSize: -1\n+        fontInfo: {\n+                      \"bold\": false,\n+                      \"family\": \"\",\n+                      \"italic\": false,\n+                      \"pixelSize\": -1,\n+                      \"pointSize\": -0.72,\n+                      \"styleName\": \"\",\n+                      \"weight\": 50\n+                  }\n     }\n \n     Image {\n\nFAIL!  : Testcases::test_SnapshotTesting_matchStoredSnapshot_hideId(/home/travis/build/benlau/qtreleasetests/snapshottesting/tests/snapshottestingunittests/sample/Sample1.qml) 'SnapshotTesting::matchStoredSnapshot(name, text)' returned FALSE. ()\n   Loc: [../snapshottesting/tests/snapshottestingunittests/testcases.cpp(772)]\nPASS   : Testcases::test_SnapshotTesting_matchStoredSnapshot_hideId(/home/travis/build/benlau/qtreleasetests/snapshottesting/tests/snapshottestingunittests/sample/Sample2.qml)\nPASS   : Testcases::test_SnapshotTesting_matchStoredSnapshot_hideId(/home/travis/build/benlau/qtreleasetests/snapshottesting/tests/snapshottestingunittests/sample/Sample3.qml)\nPASS   : Testcases::test_SnapshotTesting_matchStoredSnapshot_hideId(/home/travis/build/benlau/qtreleasetests/snapshottesting/tests/snapshottestingunittests/sample/Sample4.qml)\nPASS   : Testcases::test_SnapshotTesting_matchStoredSnapshot_hideId(/home/travis/build/benlau/qtreleasetests/snapshottesting/tests/snapshottestingunittests/sample/Sample5.qml)\nPASS   : Testcases::test_SnapshotTesting_matchStoredSnapshot_hideId(/home/travis/build/benlau/qtreleasetests/snapshottesting/tests/snapshottestingunittests/sample/Sample5Form.ui.qml)\nPASS   : Testcases::test_SnapshotTesting_matchStoredSnapshot_hideId(/home/travis/build/benlau/qtreleasetests/snapshottesting/tests/snapshottestingunittests/sample/Sample6.qml)\nPASS   : Testcases::test_SnapshotTesting_matchStoredSnapshot_hideId(/home/travis/build/benlau/qtreleasetests/snapshottesting/tests/snapshottestingunittests/sample/Sample7.qml)\nPASS   : Testcases::test_SnapshotTesting_matchStoredSnapshot_hideId(/home/travis/build/benlau/qtreleasetests/snapshottesting/tests/snapshottestingunittests/sample/Sample8.qml)\nPASS   : Testcases::test_SnapshotTesting_matchStoredSnapshot_hideId(/home/travis/build/benlau/qtreleasetests/snapshottesting/tests/snapshottestingunittests/sample/Sample9.qml)\nQDEBUG : Testcases::test_SnapshotTesting_matchStoredSnapshot_hideId(/home/travis/build/benlau/qtreleasetests/snapshottesting/tests/snapshottestingunittests/sample/Sample_Control1.qml) \"Non-supported type:  from QtObject of __cycleStatesHandler field\"\nPASS   : Testcases::test_SnapshotTesting_matchStoredSnapshot_hideId(/home/travis/build/benlau/qtreleasetests/snapshottesting/tests/snapshottestingunittests/sample/Sample_Control1.qml)\nPASS   : Testcases::test_SnapshotTesting_matchStoredSnapshot_hideId(/home/travis/build/benlau/qtreleasetests/snapshottesting/tests/snapshottestingunittests/sample/Sample_Layout.qml)\nPASS   : Testcases::test_SnapshotTesting_matchStoredSnapshot_hideId(/home/travis/build/benlau/qtreleasetests/snapshottesting/tests/snapshottestingunittests/sample/Sample_Loader_Async.qml)\nPASS   : Testcases::test_SnapshotTesting_matchStoredSnapshot_hideId(/home/travis/build/benlau/qtreleasetests/snapshottesting/tests/snapshottestingunittests/sample/Sample_QJSValue.qml)\nQWARN  : Testcases::test_SnapshotTesting_matchStoredSnapshot_screenshot(/home/travis/build/benlau/qtreleasetests/snapshottesting/tests/snapshottestingunittests/sample/CustomButton.qml) This plugin does not support createPlatformOpenGLContext!\nQWARN  : Testcases::test_SnapshotTesting_matchStoredSnapshot_screenshot(/home/travis/build/benlau/qtreleasetests/snapshottesting/tests/snapshottestingunittests/sample/CustomButton.qml) QQuickRenderControl::initialize called with incorrect current context\nQDEBUG : Testcases::test_SnapshotTesting_matchStoredSnapshot_screenshot(/home/travis/build/benlau/qtreleasetests/snapshottesting/tests/snapshottestingunittests/sample/CustomButton.qml) \"Non-supported type: QQuickIcon from QtObject of icon field\"\n\n========= Received signal, dumping stack ==============\n========= End of stack trace ==============\nQFATAL : Testcases::test_SnapshotTesting_matchStoredSnapshot_screenshot(/home/travis/build/benlau/qtreleasetests/snapshottesting/tests/snapshottestingunittests/sample/CustomButton.qml) Test function timed out\nFAIL!  : Testcases::test_SnapshotTesting_matchStoredSnapshot_screenshot(/home/travis/build/benlau/qtreleasetests/snapshottesting/tests/snapshottestingunittests/sample/CustomButton.qml) Received a fatal error.\n   Loc: [Unknown file(0)]\nTotals: 57 passed, 9 failed, 0 skipped, 0 blacklisted, 306356ms\n********* Finished testing of Testcases *********\n/home/travis/build/benlau/qtreleasetests/qtci/bin/run-unittests: line 65:  7158 Aborted                 (core dumped) ./$TARGET\n"}]}