{"name":"Qt 5.7","version":"5.7.1-0","tests":[{"name":"QTBUG-49370 - Use Singleton object from other Singleton object within the same package will hang","pass":false,"reason":"Target executable: qtbug-49370\nInfo: creating stash file /home/travis/build/benlau/qtreleasetests/build/.qmake.stash\nCompiling...\nBuild Completed\nStart watchdog\nTimeout. Watchdog kill current process\n/home/travis/build/benlau/qtreleasetests/qtci/bin/run-unittests: line 65:  4473 Killed                  ./$TARGET\n"},{"name":"QTBUG-56935  QQmlEngine crashing when trying to clear the component cache ","pass":false,"reason":"Target executable: qtbug-56935\nInfo: creating stash file /home/travis/build/benlau/qtreleasetests/build/.qmake.stash\nCompiling...\nBuild Completed\nThis plugin does not support createPlatformOpenGLContext!\nFailed to create OpenGL context for format QSurfaceFormat(version 2.0, options QFlags(), depthBufferSize 24, redBufferSize -1, greenBufferSize -1, blueBufferSize -1, alphaBufferSize -1, stencilBufferSize 8, samples -1, swapBehavior 2, swapInterval 1, profile  0) \n/home/travis/build/benlau/qtreleasetests/qtci/bin/run-unittests: line 65:  4550 Aborted                 (core dumped) ./$TARGET\n"},{"name":"QTBUG-57545 The result of Array.sort() is incorrect if shift() was called","pass":false,"reason":"Target executable: tst_qtbug57545test\nInfo: creating stash file /home/travis/build/benlau/qtreleasetests/build/.qmake.stash\nCompiling...\nBuild Completed\n********* Start testing of example *********\nConfig: Using QtTest library 5.7.1, Qt 5.7.1 (x86_64-little_endian-lp64 shared (dynamic) release build; by GCC 4.9.1 20140922 (Red Hat 4.9.1-10))\nPASS   : example::Array::initTestCase()\nFAIL!  : example::Array::test_condition1() Compared values are not the same\n   Actual   (): [3,1]\n   Expected (): [1,3]\n   Loc: [/home/travis/build/benlau/qtreleasetests/qtbug-57545/tst_Array.qml(11)]\nFAIL!  : example::Array::test_condition2() Compared values are not the same\n   Actual   (): [2,3]\n   Expected (): [1,3]\n   Loc: [/home/travis/build/benlau/qtreleasetests/qtbug-57545/tst_Array.qml(18)]\nPASS   : example::Array::cleanupTestCase()\nTotals: 2 passed, 2 failed, 0 skipped, 0 blacklisted, 22ms\n********* Finished testing of example *********\n"},{"name":"QTBUG-57640 - Crash on loading Javascript file","pass":false,"reason":"Target executable: qtbug-57640\nInfo: creating stash file /home/travis/build/benlau/qtreleasetests/build/.qmake.stash\nCompiling...\nBuild Completed\n/home/travis/build/benlau/qtreleasetests/qtci/bin/run-unittests: line 65:  4628 Segmentation fault      (core dumped) ./$TARGET\n"},{"name":"QTBUG-62666- JS  operator leads to segfaults on garbage collecton","pass":true},{"name":"QRedux","pass":true},{"name":"AsyncFuture","pass":true},{"name":"QuickFlux","pass":true},{"name":"SparkQML","pass":false,"reason":"INFO: Package com.github.benlau.quickpromise has a different license (APACHE_2_0) than it's dependant (NONE).\nINFO: Package com.github.benlau.quickflux has a different license (APACHE_2_0) than it's dependant (NONE).\nINFO: Package com.github.benlau.quickcross has a different license (APACHE_2_0) than it's dependant (NONE).\nINFO: Package com.github.benlau.testable has a different license (APACHE_2_0) than it's dependant (NONE).\nINFO: Package com.github.benlau.qsyncable has a different license (APACHE_2_0) than it's dependant (NONE).\nINFO: Package com.github.benlau.qtshell has a different license (MIT) than it's dependant (NONE).\nINFO: Package com.github.benlau.qtshell has a different license (MIT) than it's dependant (NONE).\nINFO: Package quick.future.pri has a different license (APACHE_2_0) than it's dependant (NONE).\nINFO: Package font.awesome.pri has a different license (APACHE_2_0) than it's dependant (NONE).\nINFO: Package com.github.benlau.qredux has a different license (APACHE_2_0) than it's dependant (NONE).\nINFO: Package async.future.pri has a different license (APACHE_2_0) than it's dependant (NONE).\nINFO: Package net.efever.aconcurrent has a different license (APACHE_2_0) than it's dependant (NONE).\nINFO: Package net.efever.viewstack has a different license (APACHE_2_0) than it's dependant (NONE).\nINFO: Package net.efever.snapshottesting has a different license (APACHE_2_0) than it's dependant (NONE).\nInstalling com.github.benlau.quickpromise@1.0.3\nInstalling com.github.benlau.quickflux@1.0.5.4\nInstalling com.github.benlau.quickcross@1.0.2.20\nInstalling com.github.benlau.testable@1.0.2.15\nInstalling com.github.benlau.qsyncable@1.0.2.4\nInstalling com.github.benlau.qtshell@0.4.4\nInstalling com.github.benlau.qtshell@0.4.3\nInstalling quick.future.pri@1.0.0.0\nInstalling font.awesome.pri@1.0.0\nInstalling com.github.benlau.qredux@0.0.1\nInstalling async.future.pri@0.3.6.4\nInstalling net.efever.aconcurrent@0.1.13\nInstalling net.efever.viewstack@0.0.1\nInstalling net.efever.snapshottesting@0.0.15\nQPM: 2018/01/07 04:34:56 WARNING: com.github.benlau.qtshell@0.4.4 is already a dependency. Replacing with version 0.4.3.\nTarget executable: sparkqmltests\nInfo: creating stash file /home/travis/build/benlau/qtreleasetests/build/.qmake.stash\nProject MESSAGE: This project is using private headers and will therefore be tied to this specific Qt module build version.\nProject MESSAGE: Running this project against other versions of the Qt modules may crash at any arbitrary point.\nProject MESSAGE: This is not a bug, but a result of using Qt internals. You have been warned!\nCompiling...\n../sparkqml/tests/sparkqmltests/vendor/net/efever/snapshottesting/snapshottesting.cpp: In lambda function:\n../sparkqml/tests/sparkqmltests/vendor/net/efever/snapshottesting/snapshottesting.cpp:552:52: error: class QJSValue has no member named isQMetaObject\n                 if (jsValue.isQObject() || jsValue.isQMetaObject()) {\n                                                    ^\nmake: *** [snapshottesting.o] Error 1\n"},{"name":"Library - SnapshotTesting","pass":false,"reason":"INFO: Package com.github.benlau.testable has a different license (APACHE_2_0) than it's dependant (NONE).\nINFO: Package com.github.benlau.qtshell has a different license (MIT) than it's dependant (NONE).\nINFO: Package async.future.pri has a different license (APACHE_2_0) than it's dependant (NONE).\nINFO: Package net.efever.aconcurrent has a different license (APACHE_2_0) than it's dependant (NONE).\nInstalling com.github.benlau.testable@1.0.2.22\nInstalling com.github.benlau.qtshell@0.4.5\nInstalling async.future.pri@0.3.6.5\nInstalling net.efever.aconcurrent@0.1.14\nTarget executable: snapshottesting\nInfo: creating stash file /home/travis/build/benlau/qtreleasetests/build/.qmake.stash\nProject MESSAGE: This project is using private headers and will therefore be tied to this specific Qt module build version.\nProject MESSAGE: Running this project against other versions of the Qt modules may crash at any arbitrary point.\nProject MESSAGE: This is not a bug, but a result of using Qt internals. You have been warned!\nCompiling...\n../snapshottesting/tests/snapshottestingunittests/vendor/com/github/benlau/testable/automator.cpp:29:13: warning: bool hasMethods(QObject*, QStringList) defined but not used [-Wunused-function]\n static bool hasMethods(QObject* object, QStringList filters) {\n             ^\n../snapshottesting/tests/snapshottestingunittests/vendor/com/github/benlau/testable/automator.cpp:73:13: warning: void invokeTestableCase(QQmlEngine*, QObject*, QStringList) defined but not used [-Wunused-function]\n static void invokeTestableCase(QQmlEngine* engine, QObject* object, QStringList filters) {\n             ^\n../snapshottesting/snapshottesting.cpp:663:43: warning: unused parameter value [-Wunused-parameter]\n     auto isQMetaObject = [](QJSValue value) {\n                                           ^\n../snapshottesting/snapshottesting.cpp:663:43: warning: unused parameter value [-Wunused-parameter]\nBuild Completed\nfile:///home/travis/build/benlau/qtreleasetests/Qt/5.7/gcc_64/qml/QtQuick/Controls/Private/Style.qml:52: ReferenceError: __control is not defined\nfile:///home/travis/build/benlau/qtreleasetests/Qt/5.7/gcc_64/qml/QtQuick/Controls/Styles/Base/RadioButtonStyle.qml:79: ReferenceError: __control is not defined\n********* Start testing of Testcases *********\nConfig: Using QtTest library 5.7.1, Qt 5.7.1 (x86_64-little_endian-lp64 shared (dynamic) release build; by GCC 4.9.1 20140922 (Red Hat 4.9.1-10))\nPASS   : Testcases::initTestCase()\nPASS   : Testcases::test_obtainQmlPackage()\nPASS   : Testcases::test_obtainDynamicDefaultValues()\nPASS   : Testcases::test_classNameToComponentName()\nQDEBUG : Testcases::test_context() CustomButton (\"file:///home/travis/build/benlau/qtreleasetests/Qt/5.7/gcc_64/qml/QtQuick/Controls.2/Button.qml\", \"file:///home/travis/build/benlau/qtreleasetests/snapshottesting/tests/snapshottestingunittests/sample/CustomButton.qml\")\nPASS   : Testcases::test_context()\nPASS   : Testcases::test_loading_config()\nQDEBUG : Testcases::test_grabImage() Skip this test in CI environment\nPASS   : Testcases::test_grabImage()\nQWARN  : Testcases::test_ScreenshotBrowser() This plugin does not support createPlatformOpenGLContext!\nQFATAL : Testcases::test_ScreenshotBrowser() Failed to create OpenGL context for format QSurfaceFormat(version 2.0, options QFlags(), depthBufferSize 24, redBufferSize -1, greenBufferSize -1, blueBufferSize -1, alphaBufferSize -1, stencilBufferSize 8, samples -1, swapBehavior 2, swapInterval 1, profile  0) \nFAIL!  : Testcases::test_ScreenshotBrowser() Received a fatal error.\n   Loc: [Unknown file(0)]\nTotals: 7 passed, 1 failed, 0 skipped, 0 blacklisted, 109ms\n********* Finished testing of Testcases *********\n/home/travis/build/benlau/qtreleasetests/qtci/bin/run-unittests: line 65:  6656 Aborted                 (core dumped) ./$TARGET\n"}]}