{
  "uid" : "4b4757e66a1912dae1a509f688f20b0f",
  "children" : [ {
    "name" : "Product defects",
    "children" : [ {
      "name" : "Target executable: qtbug-49370\n                Info: creating stash file /home/travis/build/benlau/qtreleasetests/build/.qmake.stash\n                Compiling...\n                Build Completed\n                Start watchdog\n                Timeout. Watchdog kill current process\n                /home/travis/build/benlau/qtreleasetests/qtci/bin/run-unittests: line 65:  4726 Killed                  ./$TARGET\n                ",
      "children" : [ {
        "name" : "QTBUG-49370 - Use Singleton object from other Singleton object within the same package will hang",
        "uid" : "508e929bfedbcdcb",
        "parentUid" : "b97ea4639263ce653fa34f12200f1cd7",
        "status" : "failed",
        "time" : {
          "start" : 1544430428935,
          "stop" : 1544430428939,
          "duration" : 4
        },
        "flaky" : false,
        "parameters" : [ ]
      } ],
      "uid" : "b97ea4639263ce653fa34f12200f1cd7"
    }, {
      "name" : "Target executable: tst_qtbug57545test\n                Info: creating stash file /home/travis/build/benlau/qtreleasetests/build/.qmake.stash\n                Compiling...\n                Build Completed\n                ********* Start testing of example *********\n                Config: Using QtTest library 5.10.0, Qt 5.10.0 (x86_64-little_endian-lp64 shared (dynamic) release build; by GCC 5.3.1 20160406 (Red Hat 5.3.1-6))\n                PASS   : example::Array::initTestCase()\n                FAIL!  : example::Array::test_condition1() Compared values are not the same\n                   Actual   (): [3,1]\n                   Expected (): [1,3]\n                   Loc: [/home/travis/build/benlau/qtreleasetests/qtbug-57545/tst_Array.qml(11)]\n                FAIL!  : example::Array::test_condition2() Compared values are not the same\n                   Actual   (): [2,3]\n                   Expected (): [1,3]\n                   Loc: [/home/travis/build/benlau/qtreleasetests/qtbug-57545/tst_Array.qml(18)]\n                PASS   : example::Array::cleanupTestCase()\n                Totals: 2 passed, 2 failed, 0 skipped, 0 blacklisted, 18ms\n                ********* Finished testing of example *********\n                ",
      "children" : [ {
        "name" : "QTBUG-57545 The result of Array.sort() is incorrect if shift() was called",
        "uid" : "8e4af030a93fe03c",
        "parentUid" : "2f141f9dd8897ac6f2b8edc2a223ca6f",
        "status" : "failed",
        "time" : {
          "start" : 1544430428939,
          "stop" : 1544430428940,
          "duration" : 1
        },
        "flaky" : false,
        "parameters" : [ ]
      } ],
      "uid" : "2f141f9dd8897ac6f2b8edc2a223ca6f"
    }, {
      "name" : "INFO: Package com.github.benlau.quickpromise has a different license (APACHE_2_0) than it's dependant (NONE).\n                INFO: Package com.github.benlau.quickflux has a different license (APACHE_2_0) than it's dependant (NONE).\n                INFO: Package com.github.benlau.quickcross has a different license (APACHE_2_0) than it's dependant (NONE).\n                INFO: Package com.github.benlau.testable has a different license (APACHE_2_0) than it's dependant (NONE).\n                INFO: Package com.github.benlau.qsyncable has a different license (APACHE_2_0) than it's dependant (NONE).\n                INFO: Package com.github.benlau.qtshell has a different license (MIT) than it's dependant (NONE).\n                INFO: Package com.github.benlau.qtshell has a different license (MIT) than it's dependant (NONE).\n                INFO: Package quick.future.pri has a different license (APACHE_2_0) than it's dependant (NONE).\n                INFO: Package font.awesome.pri has a different license (APACHE_2_0) than it's dependant (NONE).\n                INFO: Package com.github.benlau.qredux has a different license (APACHE_2_0) than it's dependant (NONE).\n                INFO: Package async.future.pri has a different license (APACHE_2_0) than it's dependant (NONE).\n                INFO: Package net.efever.aconcurrent has a different license (APACHE_2_0) than it's dependant (NONE).\n                INFO: Package net.efever.viewstack has a different license (APACHE_2_0) than it's dependant (NONE).\n                INFO: Package net.efever.snapshottesting has a different license (APACHE_2_0) than it's dependant (NONE).\n                Installing com.github.benlau.quickpromise@1.0.3\n                Installing com.github.benlau.quickflux@1.0.5.4\n                Installing com.github.benlau.quickcross@1.0.2.20\n                Installing com.github.benlau.testable@1.0.2.15\n                Installing com.github.benlau.qsyncable@1.0.2.4\n                Installing com.github.benlau.qtshell@0.4.4\n                Installing com.github.benlau.qtshell@0.4.3\n                Installing quick.future.pri@1.0.0.0\n                Installing font.awesome.pri@1.0.0\n                Installing com.github.benlau.qredux@0.0.1\n                Installing async.future.pri@0.3.6.4\n                Installing net.efever.aconcurrent@0.1.13\n                Installing net.efever.viewstack@0.0.1\n                Installing net.efever.snapshottesting@0.0.15\n                QPM: 2017/11/13 12:41:55 WARNING: com.github.benlau.qtshell@0.4.4 is already a dependency. Replacing with version 0.4.3.\n                Target executable: sparkqmltests\n                Info: creating stash file /home/travis/build/benlau/qtreleasetests/build/.qmake.stash\n                Project MESSAGE: This project is using private headers and will therefore be tied to this specific Qt module build version.\n                Project MESSAGE: Running this project against other versions of the Qt modules may crash at any arbitrary point.\n                Project MESSAGE: This is not a bug, but a result of using Qt internals. You have been warned!\n                Compiling...\n                In file included from ../Qt/5.10.0/gcc_64/include/QtCore/QtCore:4:0,\n                                 from ../Qt/5.10.0/gcc_64/include/QtTest/QtTestDepends:3,\n                                 from ../Qt/5.10.0/gcc_64/include/QtTest/QtTest:3,\n                                 from ../sparkqml/tests/sparkqmltests/privateapitests.cpp:1:\n                ../sparkqml/tests/sparkqmltests/privateapitests.cpp: In member function void PrivateApiTests::test_QQmlMetaType():\n                ../Qt/5.10.0/gcc_64/include/QtCore/qglobal.h:996:34: error: cannot convert const QQmlType to const QQmlType* in initialization\n                     for (variable = *_container_.i; _container_.control; _container_.control = 0)\n                                                  ^\n                ../Qt/5.10.0/gcc_64/include/QtCore/qglobal.h:1004:21: note: in expansion of macro Q_FOREACH\n                 #    define foreach Q_FOREACH\n                                     ^\n                ../sparkqml/tests/sparkqmltests/privateapitests.cpp:24:5: note: in expansion of macro foreach\n                     foreach (const QQmlType *ty, QQmlMetaType::qmlTypes()) {\n                     ^\n                make: *** [privateapitests.o] Error 1\n                ",
      "children" : [ {
        "name" : "SparkQML",
        "uid" : "94ef89e951ef29d1",
        "parentUid" : "bf87e29f75e82bd6b27a5b2fc5da47f3",
        "status" : "failed",
        "time" : {
          "start" : 1544430428940,
          "stop" : 1544430428941,
          "duration" : 1
        },
        "flaky" : false,
        "parameters" : [ ]
      } ],
      "uid" : "bf87e29f75e82bd6b27a5b2fc5da47f3"
    }, {
      "name" : "INFO: Package com.github.benlau.testable has a different license (APACHE_2_0) than it's dependant (NONE).\n                INFO: Package com.github.benlau.qtshell has a different license (MIT) than it's dependant (NONE).\n                INFO: Package async.future.pri has a different license (APACHE_2_0) than it's dependant (NONE).\n                INFO: Package net.efever.aconcurrent has a different license (APACHE_2_0) than it's dependant (NONE).\n                Installing com.github.benlau.testable@1.0.2.21\n                Installing com.github.benlau.qtshell@0.4.4\n                Installing async.future.pri@0.3.6.4\n                Installing net.efever.aconcurrent@0.1.13\n                Target executable: snapshottesting\n                Info: creating stash file /home/travis/build/benlau/qtreleasetests/build/.qmake.stash\n                Project MESSAGE: This project is using private headers and will therefore be tied to this specific Qt module build version.\n                Project MESSAGE: Running this project against other versions of the Qt modules may crash at any arbitrary point.\n                Project MESSAGE: This is not a bug, but a result of using Qt internals. You have been warned!\n                Compiling...\n                Build Completed\n                ********* Start testing of Testcases *********\n                Config: Using QtTest library 5.10.0, Qt 5.10.0 (x86_64-little_endian-lp64 shared (dynamic) release build; by GCC 5.3.1 20160406 (Red Hat 5.3.1-6))\n                PASS   : Testcases::initTestCase()\n                PASS   : Testcases::test_obtainQmlPackage()\n                PASS   : Testcases::test_obtainDynamicDefaultValues()\n                PASS   : Testcases::test_classNameToComponentName()\n                PASS   : Testcases::test_context()\n                PASS   : Testcases::test_loading_config()\n                \n                ========= Received signal, dumping stack ==============\n                ========= End of stack trace ==============\n                QFATAL : Testcases::test_grabImage() Test function timed out\n                FAIL!  : Testcases::test_grabImage() Received a fatal error.\n                   Loc: [Unknown file(0)]\n                Totals: 6 passed, 1 failed, 0 skipped, 0 blacklisted, 300057ms\n                ********* Finished testing of Testcases *********\n                /home/travis/build/benlau/qtreleasetests/qtci/bin/run-unittests: line 65:  6828 Aborted                 (core dumped) ./$TARGET\n                ",
      "children" : [ {
        "name" : "Library - SnapshotTesting",
        "uid" : "59023a29a68d2517",
        "parentUid" : "d0ff6570e335b01ad5c3bd54f3481392",
        "status" : "failed",
        "time" : {
          "start" : 1544430428941,
          "stop" : 1544430428942,
          "duration" : 1
        },
        "flaky" : false,
        "parameters" : [ ]
      } ],
      "uid" : "d0ff6570e335b01ad5c3bd54f3481392"
    }, {
      "name" : "Target executable: qtbug-49370\n                Info: creating stash file /home/travis/build/benlau/qtreleasetests/build/.qmake.stash\n                Compiling...\n                In file included from ../Qt/5.12.0/gcc_64/include/QtCore/qcborarray.h:43:0,\n                                 from ../Qt/5.12.0/gcc_64/include/QtCore/QtCore:37,\n                                 from ../Qt/5.12.0/gcc_64/include/QtConcurrent/QtConcurrentDepends:3,\n                                 from ../Qt/5.12.0/gcc_64/include/QtConcurrent/QtConcurrent:3,\n                                 from ../qtbug-49370/main.cpp:3:\n                ../Qt/5.12.0/gcc_64/include/QtCore/qcborvalue.h:74:25: warning: missing initializer for member QCborError::c [-Wmissing-field-initializers]\n                     QCborError error = {};\n                                         ^\n                In file included from ../Qt/5.12.0/gcc_64/include/QtCore/QtCore:64:0,\n                                 from ../Qt/5.12.0/gcc_64/include/QtConcurrent/QtConcurrentDepends:3,\n                                 from ../Qt/5.12.0/gcc_64/include/QtConcurrent/QtConcurrent:3,\n                                 from ../qtbug-49370/main.cpp:3:\n                ../Qt/5.12.0/gcc_64/include/QtCore/qendian.h:165:61: error: redeclaration constexpr T qbswap(T) [with T = qfloat16] differs in constexpr\n                 template <> inline qfloat16 qbswap<qfloat16>(qfloat16 source)\n                                                                             ^\n                ../Qt/5.12.0/gcc_64/include/QtCore/qendian.h:96:42: error: from previous declaration constexpr T qbswap(T) [with T = qfloat16]\n                 template <typename T> Q_DECL_CONSTEXPR T qbswap(T source);\n                                                          ^\n                ../Qt/5.12.0/gcc_64/include/QtCore/qendian.h:170:52: error: redeclaration constexpr T qbswap(T) [with T = float] differs in constexpr\n                 template <> inline float qbswap<float>(float source)\n                                                                    ^\n                ../Qt/5.12.0/gcc_64/include/QtCore/qendian.h:96:42: error: from previous declaration constexpr T qbswap(T) [with T = float]\n                 template <typename T> Q_DECL_CONSTEXPR T qbswap(T source);\n                                                          ^\n                ../Qt/5.12.0/gcc_64/include/QtCore/qendian.h:175:55: error: redeclaration constexpr T qbswap(T) [with T = double] differs in constexpr\n                 template <> inline double qbswap<double>(double source)\n                                                                       ^\n                ../Qt/5.12.0/gcc_64/include/QtCore/qendian.h:96:42: error: from previous declaration constexpr T qbswap(T) [with T = double]\n                 template <typename T> Q_DECL_CONSTEXPR T qbswap(T source);\n                                                          ^\n                make: *** [main.o] Error 1\n                ",
      "children" : [ {
        "name" : "QTBUG-49370 - Use Singleton object from other Singleton object within the same package will hang",
        "uid" : "2eb0af871d839d7a",
        "parentUid" : "1e7b18daafeec965ab7b0a1f421b22be",
        "status" : "failed",
        "time" : {
          "start" : 1544430428956,
          "stop" : 1544430428957,
          "duration" : 1
        },
        "flaky" : false,
        "parameters" : [ ]
      } ],
      "uid" : "1e7b18daafeec965ab7b0a1f421b22be"
    }, {
      "name" : "Target executable: qtbug-56935\n                Info: creating stash file /home/travis/build/benlau/qtreleasetests/build/.qmake.stash\n                Compiling...\n                In file included from ../Qt/5.12.0/gcc_64/include/QtCore/qcborarray.h:43:0,\n                                 from ../Qt/5.12.0/gcc_64/include/QtCore/QtCore:37,\n                                 from ../Qt/5.12.0/gcc_64/include/QtTest/QtTestDepends:3,\n                                 from ../Qt/5.12.0/gcc_64/include/QtTest/QtTest:3,\n                                 from ../qtbug-56935/main.cpp:2:\n                ../Qt/5.12.0/gcc_64/include/QtCore/qcborvalue.h:74:25: warning: missing initializer for member QCborError::c [-Wmissing-field-initializers]\n                     QCborError error = {};\n                                         ^\n                In file included from ../Qt/5.12.0/gcc_64/include/QtCore/QtCore:64:0,\n                                 from ../Qt/5.12.0/gcc_64/include/QtTest/QtTestDepends:3,\n                                 from ../Qt/5.12.0/gcc_64/include/QtTest/QtTest:3,\n                                 from ../qtbug-56935/main.cpp:2:\n                ../Qt/5.12.0/gcc_64/include/QtCore/qendian.h:165:61: error: redeclaration constexpr T qbswap(T) [with T = qfloat16] differs in constexpr\n                 template <> inline qfloat16 qbswap<qfloat16>(qfloat16 source)\n                                                                             ^\n                ../Qt/5.12.0/gcc_64/include/QtCore/qendian.h:96:42: error: from previous declaration constexpr T qbswap(T) [with T = qfloat16]\n                 template <typename T> Q_DECL_CONSTEXPR T qbswap(T source);\n                                                          ^\n                ../Qt/5.12.0/gcc_64/include/QtCore/qendian.h:170:52: error: redeclaration constexpr T qbswap(T) [with T = float] differs in constexpr\n                 template <> inline float qbswap<float>(float source)\n                                                                    ^\n                ../Qt/5.12.0/gcc_64/include/QtCore/qendian.h:96:42: error: from previous declaration constexpr T qbswap(T) [with T = float]\n                 template <typename T> Q_DECL_CONSTEXPR T qbswap(T source);\n                                                          ^\n                ../Qt/5.12.0/gcc_64/include/QtCore/qendian.h:175:55: error: redeclaration constexpr T qbswap(T) [with T = double] differs in constexpr\n                 template <> inline double qbswap<double>(double source)\n                                                                       ^\n                ../Qt/5.12.0/gcc_64/include/QtCore/qendian.h:96:42: error: from previous declaration constexpr T qbswap(T) [with T = double]\n                 template <typename T> Q_DECL_CONSTEXPR T qbswap(T source);\n                                                          ^\n                make: *** [main.o] Error 1\n                ",
      "children" : [ {
        "name" : "QTBUG-56935  QQmlEngine crashing when trying to clear the component cache ",
        "uid" : "d9576f8028c1baa9",
        "parentUid" : "d92812b1dfc63c00bff3d1a39e9db3c5",
        "status" : "failed",
        "time" : {
          "start" : 1544430428957,
          "stop" : 1544430428958,
          "duration" : 1
        },
        "flaky" : false,
        "parameters" : [ ]
      } ],
      "uid" : "d92812b1dfc63c00bff3d1a39e9db3c5"
    }, {
      "name" : "Target executable: tst_qtbug57545test\n                Info: creating stash file /home/travis/build/benlau/qtreleasetests/build/.qmake.stash\n                Compiling...\n                Build Completed\n                ********* Start testing of example *********\n                Config: Using QtTest library 5.12.0, Qt 5.12.0 (x86_64-little_endian-lp64 shared (dynamic) release build; by GCC 5.3.1 20160406 (Red Hat 5.3.1-6))\n                PASS   : example::Array::initTestCase()\n                FAIL!  : example::Array::test_condition1() Compared values are not the same\n                   Actual   (): [3,1]\n                   Expected (): [1,3]\n                   Loc: [/home/travis/build/benlau/qtreleasetests/qtbug-57545/tst_Array.qml(11)]\n                FAIL!  : example::Array::test_condition2() Compared values are not the same\n                   Actual   (): [2,3]\n                   Expected (): [1,3]\n                   Loc: [/home/travis/build/benlau/qtreleasetests/qtbug-57545/tst_Array.qml(18)]\n                PASS   : example::Array::cleanupTestCase()\n                Totals: 2 passed, 2 failed, 0 skipped, 0 blacklisted, 5ms\n                ********* Finished testing of example *********\n                ",
      "children" : [ {
        "name" : "QTBUG-57545 The result of Array.sort() is incorrect if shift() was called",
        "uid" : "e6306baf7ee04a31",
        "parentUid" : "cba0aff3725e09b2788e72c4156006f3",
        "status" : "failed",
        "time" : {
          "start" : 1544430428958,
          "stop" : 1544430428959,
          "duration" : 1
        },
        "flaky" : false,
        "parameters" : [ ]
      } ],
      "uid" : "cba0aff3725e09b2788e72c4156006f3"
    }, {
      "name" : "cat: /home/travis/build/benlau/qtreleasetests/qtbug-66875/qtbug-66875.pro: No such file or directory\n                Target executable: \n                Cannot find file: /home/travis/build/benlau/qtreleasetests/qtbug-66875/qtbug-66875.pro.\n                ",
      "children" : [ {
        "name" : "QTBUG-66875 - Cant acquire semaphore in the function called by QtConcurrent::map",
        "uid" : "e0700f54d15d7162",
        "parentUid" : "b58a2b8c391be93a4bcfb5c8052241eb",
        "status" : "failed",
        "time" : {
          "start" : 1544430428959,
          "stop" : 1544430428959,
          "duration" : 0
        },
        "flaky" : false,
        "parameters" : [ ]
      } ],
      "uid" : "b58a2b8c391be93a4bcfb5c8052241eb"
    }, {
      "name" : "INFO: Package com.github.benlau.testable has a different license (APACHE_2_0) than it's dependant (NONE).\n                Installing com.github.benlau.testable@1.0.2.12\n                Target executable: qreduxtests\n                Info: creating stash file /home/travis/build/benlau/qtreleasetests/build/.qmake.stash\n                Compiling...\n                In file included from ../Qt/5.12.0/gcc_64/include/QtCore/qcborarray.h:43:0,\n                                 from ../Qt/5.12.0/gcc_64/include/QtCore/QtCore:37,\n                                 from ../Qt/5.12.0/gcc_64/include/QtTest/QtTestDepends:3,\n                                 from ../Qt/5.12.0/gcc_64/include/QtTest/QtTest:3,\n                                 from ../qredux/tests/qreduxtests/main.cpp:2:\n                ../Qt/5.12.0/gcc_64/include/QtCore/qcborvalue.h:74:25: warning: missing initializer for member QCborError::c [-Wmissing-field-initializers]\n                     QCborError error = {};\n                                         ^\n                In file included from ../Qt/5.12.0/gcc_64/include/QtCore/QtCore:64:0,\n                                 from ../Qt/5.12.0/gcc_64/include/QtTest/QtTestDepends:3,\n                                 from ../Qt/5.12.0/gcc_64/include/QtTest/QtTest:3,\n                                 from ../qredux/tests/qreduxtests/main.cpp:2:\n                ../Qt/5.12.0/gcc_64/include/QtCore/qendian.h:165:61: error: redeclaration constexpr T qbswap(T) [with T = qfloat16] differs in constexpr\n                 template <> inline qfloat16 qbswap<qfloat16>(qfloat16 source)\n                                                                             ^\n                ../Qt/5.12.0/gcc_64/include/QtCore/qendian.h:96:42: error: from previous declaration constexpr T qbswap(T) [with T = qfloat16]\n                 template <typename T> Q_DECL_CONSTEXPR T qbswap(T source);\n                                                          ^\n                ../Qt/5.12.0/gcc_64/include/QtCore/qendian.h:170:52: error: redeclaration constexpr T qbswap(T) [with T = float] differs in constexpr\n                 template <> inline float qbswap<float>(float source)\n                                                                    ^\n                ../Qt/5.12.0/gcc_64/include/QtCore/qendian.h:96:42: error: from previous declaration constexpr T qbswap(T) [with T = float]\n                 template <typename T> Q_DECL_CONSTEXPR T qbswap(T source);\n                                                          ^\n                ../Qt/5.12.0/gcc_64/include/QtCore/qendian.h:175:55: error: redeclaration constexpr T qbswap(T) [with T = double] differs in constexpr\n                 template <> inline double qbswap<double>(double source)\n                                                                       ^\n                ../Qt/5.12.0/gcc_64/include/QtCore/qendian.h:96:42: error: from previous declaration constexpr T qbswap(T) [with T = double]\n                 template <typename T> Q_DECL_CONSTEXPR T qbswap(T source);\n                                                          ^\n                make: *** [main.o] Error 1\n                ",
      "children" : [ {
        "name" : "QRedux",
        "uid" : "e2d6cd8c5f7edc59",
        "parentUid" : "9a7bce0c1a5438bb3cbe447632221a70",
        "status" : "failed",
        "time" : {
          "start" : 1544430428959,
          "stop" : 1544430428960,
          "duration" : 1
        },
        "flaky" : false,
        "parameters" : [ ]
      } ],
      "uid" : "9a7bce0c1a5438bb3cbe447632221a70"
    }, {
      "name" : "INFO: Package com.github.benlau.testable has a different license (APACHE_2_0) than it's dependant (NONE).\n                INFO: Package com.github.benlau.qtshell has a different license (MIT) than it's dependant (NONE).\n                INFO: Package net.efever.xbacktrace has a different license (APACHE_2_0) than it's dependant (NONE).\n                Installing com.github.benlau.testable@1.0.2.19\n                Installing com.github.benlau.qtshell@0.4.5\n                Installing net.efever.xbacktrace@0.0.1\n                Target executable: asyncfutureunittests\n                Info: creating stash file /home/travis/build/benlau/qtreleasetests/build/.qmake.stash\n                Compiling...\n                In file included from ../Qt/5.12.0/gcc_64/include/QtCore/qcborarray.h:43:0,\n                                 from ../Qt/5.12.0/gcc_64/include/QtCore/QtCore:37,\n                                 from ../Qt/5.12.0/gcc_64/include/QtTest/QtTestDepends:3,\n                                 from ../Qt/5.12.0/gcc_64/include/QtTest/QtTest:3,\n                                 from ../asyncfuture/tests/asyncfutureunittests/main.cpp:2:\n                ../Qt/5.12.0/gcc_64/include/QtCore/qcborvalue.h:74:25: error: missing initializer for member QCborError::c [-Werror=missing-field-initializers]\n                     QCborError error = {};\n                                         ^\n                In file included from ../Qt/5.12.0/gcc_64/include/QtCore/QtCore:64:0,\n                                 from ../Qt/5.12.0/gcc_64/include/QtTest/QtTestDepends:3,\n                                 from ../Qt/5.12.0/gcc_64/include/QtTest/QtTest:3,\n                                 from ../asyncfuture/tests/asyncfutureunittests/main.cpp:2:\n                ../Qt/5.12.0/gcc_64/include/QtCore/qendian.h:165:61: error: redeclaration constexpr T qbswap(T) [with T = qfloat16] differs in constexpr\n                 template <> inline qfloat16 qbswap<qfloat16>(qfloat16 source)\n                                                                             ^\n                ../Qt/5.12.0/gcc_64/include/QtCore/qendian.h:96:42: error: from previous declaration constexpr T qbswap(T) [with T = qfloat16]\n                 template <typename T> Q_DECL_CONSTEXPR T qbswap(T source);\n                                                          ^\n                ../Qt/5.12.0/gcc_64/include/QtCore/qendian.h:170:52: error: redeclaration constexpr T qbswap(T) [with T = float] differs in constexpr\n                 template <> inline float qbswap<float>(float source)\n                                                                    ^\n                ../Qt/5.12.0/gcc_64/include/QtCore/qendian.h:96:42: error: from previous declaration constexpr T qbswap(T) [with T = float]\n                 template <typename T> Q_DECL_CONSTEXPR T qbswap(T source);\n                                                          ^\n                ../Qt/5.12.0/gcc_64/include/QtCore/qendian.h:175:55: error: redeclaration constexpr T qbswap(T) [with T = double] differs in constexpr\n                 template <> inline double qbswap<double>(double source)\n                                                                       ^\n                ../Qt/5.12.0/gcc_64/include/QtCore/qendian.h:96:42: error: from previous declaration constexpr T qbswap(T) [with T = double]\n                 template <typename T> Q_DECL_CONSTEXPR T qbswap(T source);\n                                                          ^\n                cc1plus: all warnings being treated as errors\n                make: *** [main.o] Error 1\n                ",
      "children" : [ {
        "name" : "AsyncFuture",
        "uid" : "1e985fbd989f27e0",
        "parentUid" : "831f5bd322f33ac7b73daff7fdc37456",
        "status" : "failed",
        "time" : {
          "start" : 1544430428960,
          "stop" : 1544430428961,
          "duration" : 1
        },
        "flaky" : false,
        "parameters" : [ ]
      } ],
      "uid" : "831f5bd322f33ac7b73daff7fdc37456"
    }, {
      "name" : "INFO: Package com.github.benlau.testable has a different license (APACHE_2_0) than it's dependant (NONE).\n                INFO: Package com.github.benlau.qtshell has a different license (MIT) than it's dependant (NONE).\n                Installing com.github.benlau.testable@1.0.2.21\n                Installing com.github.benlau.qtshell@0.4.3\n                Target executable: quickfluxunittests\n                Info: creating stash file /home/travis/build/benlau/qtreleasetests/build/.qmake.stash\n                Project MESSAGE: Enable -Werror\n                Compiling...\n                In file included from ../Qt/5.12.0/gcc_64/include/QtCore/qcborarray.h:43:0,\n                                 from ../Qt/5.12.0/gcc_64/include/QtCore/QtCore:37,\n                                 from ../Qt/5.12.0/gcc_64/include/QtTest/QtTestDepends:3,\n                                 from ../Qt/5.12.0/gcc_64/include/QtTest/QtTest:3,\n                                 from ../quickflux/tests/quickfluxunittests/main.cpp:2:\n                ../Qt/5.12.0/gcc_64/include/QtCore/qcborvalue.h:74:25: error: missing initializer for member QCborError::c [-Werror=missing-field-initializers]\n                     QCborError error = {};\n                                         ^\n                In file included from ../Qt/5.12.0/gcc_64/include/QtCore/QtCore:64:0,\n                                 from ../Qt/5.12.0/gcc_64/include/QtTest/QtTestDepends:3,\n                                 from ../Qt/5.12.0/gcc_64/include/QtTest/QtTest:3,\n                                 from ../quickflux/tests/quickfluxunittests/main.cpp:2:\n                ../Qt/5.12.0/gcc_64/include/QtCore/qendian.h:165:61: error: redeclaration constexpr T qbswap(T) [with T = qfloat16] differs in constexpr\n                 template <> inline qfloat16 qbswap<qfloat16>(qfloat16 source)\n                                                                             ^\n                ../Qt/5.12.0/gcc_64/include/QtCore/qendian.h:96:42: error: from previous declaration constexpr T qbswap(T) [with T = qfloat16]\n                 template <typename T> Q_DECL_CONSTEXPR T qbswap(T source);\n                                                          ^\n                ../Qt/5.12.0/gcc_64/include/QtCore/qendian.h:170:52: error: redeclaration constexpr T qbswap(T) [with T = float] differs in constexpr\n                 template <> inline float qbswap<float>(float source)\n                                                                    ^\n                ../Qt/5.12.0/gcc_64/include/QtCore/qendian.h:96:42: error: from previous declaration constexpr T qbswap(T) [with T = float]\n                 template <typename T> Q_DECL_CONSTEXPR T qbswap(T source);\n                                                          ^\n                ../Qt/5.12.0/gcc_64/include/QtCore/qendian.h:175:55: error: redeclaration constexpr T qbswap(T) [with T = double] differs in constexpr\n                 template <> inline double qbswap<double>(double source)\n                                                                       ^\n                ../Qt/5.12.0/gcc_64/include/QtCore/qendian.h:96:42: error: from previous declaration constexpr T qbswap(T) [with T = double]\n                 template <typename T> Q_DECL_CONSTEXPR T qbswap(T source);\n                                                          ^\n                cc1plus: all warnings being treated as errors\n                make: *** [main.o] Error 1\n                ",
      "children" : [ {
        "name" : "QuickFlux",
        "uid" : "adfabf326e31790b",
        "parentUid" : "d052c8cdb03f89b64e4d328093eb3879",
        "status" : "failed",
        "time" : {
          "start" : 1544430428961,
          "stop" : 1544430428962,
          "duration" : 1
        },
        "flaky" : false,
        "parameters" : [ ]
      } ],
      "uid" : "d052c8cdb03f89b64e4d328093eb3879"
    }, {
      "name" : "INFO: Package com.github.benlau.quickpromise has a different license (APACHE_2_0) than it's dependant (NONE).\n                INFO: Package com.github.benlau.quickflux has a different license (APACHE_2_0) than it's dependant (NONE).\n                INFO: Package com.github.benlau.quickcross has a different license (APACHE_2_0) than it's dependant (NONE).\n                INFO: Package com.github.benlau.testable has a different license (APACHE_2_0) than it's dependant (NONE).\n                INFO: Package com.github.benlau.qsyncable has a different license (APACHE_2_0) than it's dependant (NONE).\n                INFO: Package com.github.benlau.qtshell has a different license (MIT) than it's dependant (NONE).\n                INFO: Package quick.future.pri has a different license (APACHE_2_0) than it's dependant (NONE).\n                INFO: Package font.awesome.pri has a different license (APACHE_2_0) than it's dependant (NONE).\n                INFO: Package com.github.benlau.qredux has a different license (APACHE_2_0) than it's dependant (NONE).\n                INFO: Package async.future.pri has a different license (APACHE_2_0) than it's dependant (NONE).\n                INFO: Package net.efever.aconcurrent has a different license (APACHE_2_0) than it's dependant (NONE).\n                INFO: Package net.efever.viewstack has a different license (APACHE_2_0) than it's dependant (NONE).\n                INFO: Package net.efever.quikit has a different license (APACHE_2_0) than it's dependant (NONE).\n                INFO: Package net.efever.snapshottesting has a different license (APACHE_2_0) than it's dependant (NONE).\n                INFO: Package net.efever.qmlshell has a different license (APACHE_2_0) than it's dependant (NONE).\n                Installing com.github.benlau.quickpromise@1.0.3\n                Installing com.github.benlau.quickflux@1.0.5.4\n                Installing com.github.benlau.quickcross@1.0.2.20\n                Installing com.github.benlau.testable@1.0.2.15\n                Installing com.github.benlau.qsyncable@1.0.2.4\n                Installing com.github.benlau.qtshell@0.4.5\n                Installing quick.future.pri@1.0.0.0\n                Installing font.awesome.pri@1.0.0\n                Installing com.github.benlau.qredux@0.0.1\n                Installing async.future.pri@0.3.6.5\n                Installing net.efever.aconcurrent@0.1.14\n                Installing net.efever.viewstack@0.0.1\n                Installing net.efever.quikit@0.0.8\n                Installing net.efever.snapshottesting@0.0.24\n                Installing net.efever.qmlshell@0.0.2\n                Target executable: sparkqmltests\n                Info: creating stash file /home/travis/build/benlau/qtreleasetests/build/.qmake.stash\n                Cannot read /home/travis/build/benlau/qtreleasetests/sparkqml/lib/quikit/quikit.pri: No such file or directory\n                Project MESSAGE: This project is using private headers and will therefore be tied to this specific Qt module build version.\n                Project MESSAGE: Running this project against other versions of the Qt modules may crash at any arbitrary point.\n                Project MESSAGE: This is not a bug, but a result of using Qt internals. You have been warned!\n                Compiling...\n                In file included from ../Qt/5.12.0/gcc_64/include/QtCore/qcborarray.h:43:0,\n                                 from ../Qt/5.12.0/gcc_64/include/QtCore/QtCore:37,\n                                 from ../Qt/5.12.0/gcc_64/include/QtTest/QtTestDepends:3,\n                                 from ../Qt/5.12.0/gcc_64/include/QtTest/QtTest:3,\n                                 from ../sparkqml/tests/sparkqmltests/main.cpp:2:\n                ../Qt/5.12.0/gcc_64/include/QtCore/qcborvalue.h:74:25: warning: missing initializer for member QCborError::c [-Wmissing-field-initializers]\n                     QCborError error = {};\n                                         ^\n                In file included from ../Qt/5.12.0/gcc_64/include/QtCore/QtCore:64:0,\n                                 from ../Qt/5.12.0/gcc_64/include/QtTest/QtTestDepends:3,\n                                 from ../Qt/5.12.0/gcc_64/include/QtTest/QtTest:3,\n                                 from ../sparkqml/tests/sparkqmltests/main.cpp:2:\n                ../Qt/5.12.0/gcc_64/include/QtCore/qendian.h:165:61: error: redeclaration constexpr T qbswap(T) [with T = qfloat16] differs in constexpr\n                 template <> inline qfloat16 qbswap<qfloat16>(qfloat16 source)\n                                                                             ^\n                ../Qt/5.12.0/gcc_64/include/QtCore/qendian.h:96:42: error: from previous declaration constexpr T qbswap(T) [with T = qfloat16]\n                 template <typename T> Q_DECL_CONSTEXPR T qbswap(T source);\n                                                          ^\n                ../Qt/5.12.0/gcc_64/include/QtCore/qendian.h:170:52: error: redeclaration constexpr T qbswap(T) [with T = float] differs in constexpr\n                 template <> inline float qbswap<float>(float source)\n                                                                    ^\n                ../Qt/5.12.0/gcc_64/include/QtCore/qendian.h:96:42: error: from previous declaration constexpr T qbswap(T) [with T = float]\n                 template <typename T> Q_DECL_CONSTEXPR T qbswap(T source);\n                                                          ^\n                ../Qt/5.12.0/gcc_64/include/QtCore/qendian.h:175:55: error: redeclaration constexpr T qbswap(T) [with T = double] differs in constexpr\n                 template <> inline double qbswap<double>(double source)\n                                                                       ^\n                ../Qt/5.12.0/gcc_64/include/QtCore/qendian.h:96:42: error: from previous declaration constexpr T qbswap(T) [with T = double]\n                 template <typename T> Q_DECL_CONSTEXPR T qbswap(T source);\n                                                          ^\n                make: *** [main.o] Error 1\n                ",
      "children" : [ {
        "name" : "SparkQML",
        "uid" : "95d3decef38c97c3",
        "parentUid" : "950be20cdabc82ee4104f0a20031a0a8",
        "status" : "failed",
        "time" : {
          "start" : 1544430428962,
          "stop" : 1544430428964,
          "duration" : 2
        },
        "flaky" : false,
        "parameters" : [ ]
      } ],
      "uid" : "950be20cdabc82ee4104f0a20031a0a8"
    }, {
      "name" : "INFO: Package com.github.benlau.testable has a different license (APACHE_2_0) than it's dependant (NONE).\n                INFO: Package com.github.benlau.qtshell has a different license (MIT) than it's dependant (NONE).\n                INFO: Package async.future.pri has a different license (APACHE_2_0) than it's dependant (NONE).\n                INFO: Package net.efever.aconcurrent has a different license (APACHE_2_0) than it's dependant (NONE).\n                Installing com.github.benlau.testable@1.0.2.22\n                Installing com.github.benlau.qtshell@0.4.5\n                Installing async.future.pri@0.3.6.5\n                Installing net.efever.aconcurrent@0.1.14\n                Target executable: snapshottesting\n                Info: creating stash file /home/travis/build/benlau/qtreleasetests/build/.qmake.stash\n                Project MESSAGE: This project is using private headers and will therefore be tied to this specific Qt module build version.\n                Project MESSAGE: Running this project against other versions of the Qt modules may crash at any arbitrary point.\n                Project MESSAGE: This is not a bug, but a result of using Qt internals. You have been warned!\n                Compiling...\n                In file included from ../Qt/5.12.0/gcc_64/include/QtCore/qcborarray.h:43:0,\n                                 from ../Qt/5.12.0/gcc_64/include/QtCore/QtCore:37,\n                                 from ../Qt/5.12.0/gcc_64/include/QtTest/QtTestDepends:3,\n                                 from ../Qt/5.12.0/gcc_64/include/QtTest/QtTest:3,\n                                 from ../snapshottesting/tests/snapshottestingunittests/main.cpp:2:\n                ../Qt/5.12.0/gcc_64/include/QtCore/qcborvalue.h:74:25: warning: missing initializer for member QCborError::c [-Wmissing-field-initializers]\n                     QCborError error = {};\n                                         ^\n                In file included from ../Qt/5.12.0/gcc_64/include/QtCore/QtCore:64:0,\n                                 from ../Qt/5.12.0/gcc_64/include/QtTest/QtTestDepends:3,\n                                 from ../Qt/5.12.0/gcc_64/include/QtTest/QtTest:3,\n                                 from ../snapshottesting/tests/snapshottestingunittests/main.cpp:2:\n                ../Qt/5.12.0/gcc_64/include/QtCore/qendian.h:165:61: error: redeclaration constexpr T qbswap(T) [with T = qfloat16] differs in constexpr\n                 template <> inline qfloat16 qbswap<qfloat16>(qfloat16 source)\n                                                                             ^\n                ../Qt/5.12.0/gcc_64/include/QtCore/qendian.h:96:42: error: from previous declaration constexpr T qbswap(T) [with T = qfloat16]\n                 template <typename T> Q_DECL_CONSTEXPR T qbswap(T source);\n                                                          ^\n                ../Qt/5.12.0/gcc_64/include/QtCore/qendian.h:170:52: error: redeclaration constexpr T qbswap(T) [with T = float] differs in constexpr\n                 template <> inline float qbswap<float>(float source)\n                                                                    ^\n                ../Qt/5.12.0/gcc_64/include/QtCore/qendian.h:96:42: error: from previous declaration constexpr T qbswap(T) [with T = float]\n                 template <typename T> Q_DECL_CONSTEXPR T qbswap(T source);\n                                                          ^\n                ../Qt/5.12.0/gcc_64/include/QtCore/qendian.h:175:55: error: redeclaration constexpr T qbswap(T) [with T = double] differs in constexpr\n                 template <> inline double qbswap<double>(double source)\n                                                                       ^\n                ../Qt/5.12.0/gcc_64/include/QtCore/qendian.h:96:42: error: from previous declaration constexpr T qbswap(T) [with T = double]\n                 template <typename T> Q_DECL_CONSTEXPR T qbswap(T source);\n                                                          ^\n                make: *** [main.o] Error 1\n                ",
      "children" : [ {
        "name" : "Library - SnapshotTesting",
        "uid" : "51b506b10cd1d327",
        "parentUid" : "c3b5627410ecde53897b8cef9f54a1d9",
        "status" : "failed",
        "time" : {
          "start" : 1544430428964,
          "stop" : 1544430428965,
          "duration" : 1
        },
        "flaky" : false,
        "parameters" : [ ]
      } ],
      "uid" : "c3b5627410ecde53897b8cef9f54a1d9"
    }, {
      "name" : "Target executable: qtbug-57640\n                Info: creating stash file /home/travis/build/benlau/qtreleasetests/build/.qmake.stash\n                Compiling...\n                Build Completed\n                QStandardPaths: XDG_RUNTIME_DIR not set, defaulting to '/tmp/runtime-travis'\n                /home/travis/build/benlau/qtreleasetests/qtci/bin/run-unittests: line 65:  5076 Segmentation fault      (core dumped) ./$TARGET\n                ",
      "children" : [ {
        "name" : "QTBUG-57640 - Crash on loading Javascript file",
        "uid" : "5f0148b6f25cdf6f",
        "parentUid" : "9fc6406bbf44ac1f051ced120b675db9",
        "status" : "failed",
        "time" : {
          "start" : 1544430428973,
          "stop" : 1544430428974,
          "duration" : 1
        },
        "flaky" : false,
        "parameters" : [ ]
      } ],
      "uid" : "9fc6406bbf44ac1f051ced120b675db9"
    }, {
      "name" : "Target executable: tst_qtbug57545test\n                Info: creating stash file /home/travis/build/benlau/qtreleasetests/build/.qmake.stash\n                Compiling...\n                Build Completed\n                QStandardPaths: XDG_RUNTIME_DIR not set, defaulting to '/tmp/runtime-travis'\n                ********* Start testing of example *********\n                Config: Using QtTest library 5.11.0, Qt 5.11.0 (x86_64-little_endian-lp64 shared (dynamic) release build; by GCC 5.3.1 20160406 (Red Hat 5.3.1-6))\n                PASS   : example::Array::initTestCase()\n                FAIL!  : example::Array::test_condition1() Compared values are not the same\n                   Actual   (): [3,1]\n                   Expected (): [1,3]\n                   Loc: [/home/travis/build/benlau/qtreleasetests/qtbug-57545/tst_Array.qml(11)]\n                FAIL!  : example::Array::test_condition2() Compared values are not the same\n                   Actual   (): [2,3]\n                   Expected (): [1,3]\n                   Loc: [/home/travis/build/benlau/qtreleasetests/qtbug-57545/tst_Array.qml(18)]\n                PASS   : example::Array::cleanupTestCase()\n                Totals: 2 passed, 2 failed, 0 skipped, 0 blacklisted, 8ms\n                ********* Finished testing of example *********\n                ",
      "children" : [ {
        "name" : "QTBUG-57545 The result of Array.sort() is incorrect if shift() was called",
        "uid" : "86e9c7fdb278989f",
        "parentUid" : "c229b87e5979d8fc6c0040839ee4711b",
        "status" : "failed",
        "time" : {
          "start" : 1544430428973,
          "stop" : 1544430428973,
          "duration" : 0
        },
        "flaky" : false,
        "parameters" : [ ]
      } ],
      "uid" : "c229b87e5979d8fc6c0040839ee4711b"
    }, {
      "name" : "INFO: Package com.github.benlau.testable has a different license (APACHE_2_0) than it's dependant (NONE).\n                INFO: Package com.github.benlau.qtshell has a different license (MIT) than it's dependant (NONE).\n                Installing com.github.benlau.testable@1.0.2.19\n                Installing com.github.benlau.qtshell@0.4.5\n                Target executable: asyncfutureunittests\n                Info: creating stash file /home/travis/build/benlau/qtreleasetests/build/.qmake.stash\n                Compiling...\n                Build Completed\n                ********* Start testing of AsyncFutureTests *********\n                Config: Using QtTest library 5.11.0, Qt 5.11.0 (x86_64-little_endian-lp64 shared (dynamic) release build; by GCC 5.3.1 20160406 (Red Hat 5.3.1-6))\n                PASS   : AsyncFutureTests::initTestCase()\n                PASS   : AsyncFutureTests::test_QFuture_cancel()\n                PASS   : AsyncFutureTests::test_QFuture_isResultReadyAt()\n                PASS   : AsyncFutureTests::test_QFutureWatcher_in_thread()\n                PASS   : AsyncFutureTests::test_QtConcurrent_exception()\n                XFAIL  : AsyncFutureTests::test_QtConcurrent_map() It is not possible to pause the execution of QtConcurrent::map\n                   Loc: [../asyncfuture/tests/asyncfutureunittests/asyncfuturetests.cpp(221)]\n                \n                ========= Received signal, dumping stack ==============\n                ========= End of stack trace ==============\n                QFATAL : AsyncFutureTests::test_QtConcurrent_map() Test function timed out\n                FAIL!  : AsyncFutureTests::test_QtConcurrent_map() Received a fatal error.\n                   Loc: [Unknown file(0)]\n                Totals: 5 passed, 1 failed, 0 skipped, 0 blacklisted, 301155ms\n                ********* Finished testing of AsyncFutureTests *********\n                /home/travis/build/benlau/qtreleasetests/qtci/bin/run-unittests: line 65:  5554 Aborted                 (core dumped) ./$TARGET\n                ",
      "children" : [ {
        "name" : "AsyncFuture",
        "uid" : "87c42e507737b96e",
        "parentUid" : "0d0d275a9c22e91a48d02ce071307980",
        "status" : "failed",
        "time" : {
          "start" : 1544430428974,
          "stop" : 1544430428975,
          "duration" : 1
        },
        "flaky" : false,
        "parameters" : [ ]
      } ],
      "uid" : "0d0d275a9c22e91a48d02ce071307980"
    }, {
      "name" : "INFO: Package com.github.benlau.quickpromise has a different license (APACHE_2_0) than it's dependant (NONE).\n                INFO: Package com.github.benlau.quickflux has a different license (APACHE_2_0) than it's dependant (NONE).\n                INFO: Package com.github.benlau.quickcross has a different license (APACHE_2_0) than it's dependant (NONE).\n                INFO: Package com.github.benlau.testable has a different license (APACHE_2_0) than it's dependant (NONE).\n                INFO: Package com.github.benlau.qsyncable has a different license (APACHE_2_0) than it's dependant (NONE).\n                INFO: Package com.github.benlau.qtshell has a different license (MIT) than it's dependant (NONE).\n                INFO: Package com.github.benlau.qtshell has a different license (MIT) than it's dependant (NONE).\n                INFO: Package quick.future.pri has a different license (APACHE_2_0) than it's dependant (NONE).\n                INFO: Package font.awesome.pri has a different license (APACHE_2_0) than it's dependant (NONE).\n                INFO: Package com.github.benlau.qredux has a different license (APACHE_2_0) than it's dependant (NONE).\n                INFO: Package async.future.pri has a different license (APACHE_2_0) than it's dependant (NONE).\n                INFO: Package net.efever.aconcurrent has a different license (APACHE_2_0) than it's dependant (NONE).\n                INFO: Package net.efever.viewstack has a different license (APACHE_2_0) than it's dependant (NONE).\n                INFO: Package net.efever.quikit has a different license (APACHE_2_0) than it's dependant (NONE).\n                INFO: Package net.efever.snapshottesting has a different license (APACHE_2_0) than it's dependant (NONE).\n                INFO: Package net.efever.qmlshell has a different license (APACHE_2_0) than it's dependant (NONE).\n                Installing com.github.benlau.quickpromise@1.0.3\n                Installing com.github.benlau.quickflux@1.0.5.4\n                Installing com.github.benlau.quickcross@1.0.2.20\n                Installing com.github.benlau.testable@1.0.2.15\n                Installing com.github.benlau.qsyncable@1.0.2.4\n                Installing com.github.benlau.qtshell@0.4.5\n                Installing com.github.benlau.qtshell@0.4.3\n                Installing quick.future.pri@1.0.0.0\n                Installing font.awesome.pri@1.0.0\n                Installing com.github.benlau.qredux@0.0.1\n                Installing async.future.pri@0.3.6.4\n                Installing net.efever.aconcurrent@0.1.13\n                Installing net.efever.viewstack@0.0.1\n                Installing net.efever.quikit@0.0.8\n                Installing net.efever.snapshottesting@0.0.15\n                Installing net.efever.qmlshell@0.0.2\n                QPM: 2018/03/04 15:16:24 WARNING: com.github.benlau.qtshell@0.4.5 is already a dependency. Replacing with version 0.4.3.\n                Target executable: sparkqmltests\n                Info: creating stash file /home/travis/build/benlau/qtreleasetests/build/.qmake.stash\n                Cannot read /home/travis/build/benlau/qtreleasetests/sparkqml/lib/quikit/quikit.pri: No such file or directory\n                Project MESSAGE: This project is using private headers and will therefore be tied to this specific Qt module build version.\n                Project MESSAGE: Running this project against other versions of the Qt modules may crash at any arbitrary point.\n                Project MESSAGE: This is not a bug, but a result of using Qt internals. You have been warned!\n                Compiling...\n                In file included from ../Qt/5.11.0/gcc_64/include/QtCore/QtCore:4:0,\n                                 from ../Qt/5.11.0/gcc_64/include/QtTest/QtTestDepends:3,\n                                 from ../Qt/5.11.0/gcc_64/include/QtTest/QtTest:3,\n                                 from ../sparkqml/tests/sparkqmltests/privateapitests.cpp:1:\n                ../sparkqml/tests/sparkqmltests/privateapitests.cpp: In member function void PrivateApiTests::test_QQmlMetaType():\n                ../Qt/5.11.0/gcc_64/include/QtCore/qglobal.h:1015:34: error: cannot convert const QQmlType to const QQmlType* in initialization\n                     for (variable = *_container_.i; _container_.control; _container_.control = 0)\n                                                  ^\n                ../Qt/5.11.0/gcc_64/include/QtCore/qglobal.h:1023:21: note: in expansion of macro Q_FOREACH\n                 #    define foreach Q_FOREACH\n                                     ^\n                ../sparkqml/tests/sparkqmltests/privateapitests.cpp:24:5: note: in expansion of macro foreach\n                     foreach (const QQmlType *ty, QQmlMetaType::qmlTypes()) {\n                     ^\n                make: *** [privateapitests.o] Error 1\n                ",
      "children" : [ {
        "name" : "SparkQML",
        "uid" : "28b42875b226dcc9",
        "parentUid" : "3044aefb24cc6ad953216b35f6e4b89c",
        "status" : "failed",
        "time" : {
          "start" : 1544430428975,
          "stop" : 1544430428976,
          "duration" : 1
        },
        "flaky" : false,
        "parameters" : [ ]
      } ],
      "uid" : "3044aefb24cc6ad953216b35f6e4b89c"
    }, {
      "name" : "INFO: Package com.github.benlau.testable has a different license (APACHE_2_0) than it's dependant (NONE).\n                INFO: Package com.github.benlau.qtshell has a different license (MIT) than it's dependant (NONE).\n                INFO: Package async.future.pri has a different license (APACHE_2_0) than it's dependant (NONE).\n                INFO: Package net.efever.aconcurrent has a different license (APACHE_2_0) than it's dependant (NONE).\n                Installing com.github.benlau.testable@1.0.2.22\n                Installing com.github.benlau.qtshell@0.4.5\n                Installing async.future.pri@0.3.6.5\n                Installing net.efever.aconcurrent@0.1.14\n                Target executable: snapshottesting\n                Info: creating stash file /home/travis/build/benlau/qtreleasetests/build/.qmake.stash\n                Project MESSAGE: This project is using private headers and will therefore be tied to this specific Qt module build version.\n                Project MESSAGE: Running this project against other versions of the Qt modules may crash at any arbitrary point.\n                Project MESSAGE: This is not a bug, but a result of using Qt internals. You have been warned!\n                Compiling...\n                ../snapshottesting/tests/snapshottestingunittests/vendor/com/github/benlau/testable/automator.cpp:29:13: warning: bool hasMethods(QObject*, QStringList) defined but not used [-Wunused-function]\n                 static bool hasMethods(QObject* object, QStringList filters) {\n                             ^\n                ../snapshottesting/tests/snapshottestingunittests/vendor/com/github/benlau/testable/automator.cpp:73:13: warning: void invokeTestableCase(QQmlEngine*, QObject*, QStringList) defined but not used [-Wunused-function]\n                 static void invokeTestableCase(QQmlEngine* engine, QObject* object, QStringList filters) {\n                             ^\n                Build Completed\n                QStandardPaths: XDG_RUNTIME_DIR not set, defaulting to '/tmp/runtime-travis'\n                file:///home/travis/build/benlau/qtreleasetests/Qt/5.11.0/gcc_64/qml/QtQuick/Controls/Private/Style.qml:52: ReferenceError: __control is not defined\n                file:///home/travis/build/benlau/qtreleasetests/Qt/5.11.0/gcc_64/qml/QtQuick/Controls/Styles/Base/RadioButtonStyle.qml:79: ReferenceError: __control is not defined\n                ********* Start testing of Testcases *********\n                Config: Using QtTest library 5.11.0, Qt 5.11.0 (x86_64-little_endian-lp64 shared (dynamic) release build; by GCC 5.3.1 20160406 (Red Hat 5.3.1-6))\n                PASS   : Testcases::initTestCase()\n                PASS   : Testcases::test_obtainQmlPackage()\n                PASS   : Testcases::test_obtainDynamicDefaultValues()\n                PASS   : Testcases::test_classNameToComponentName()\n                QDEBUG : Testcases::test_context() CustomButton (\"file:///home/travis/build/benlau/qtreleasetests/Qt/5.11.0/gcc_64/qml/QtQuick/Controls.2/Button.qml\", \"file:///home/travis/build/benlau/qtreleasetests/snapshottesting/tests/snapshottestingunittests/sample/CustomButton.qml\")\n                PASS   : Testcases::test_context()\n                PASS   : Testcases::test_loading_config()\n                QDEBUG : Testcases::test_grabImage() Skip this test in CI environment\n                PASS   : Testcases::test_grabImage()\n                QDEBUG : Testcases::test_ScreenshotBrowser() matchStoredSnapshot: The snapshot is different:\n                QDEBUG : Testcases::test_ScreenshotBrowser() @@ -10,22 +10,16 @@\n                         id: singleImage\n                         width: 640\n                         height: 480\n                -        imageHeight: 240\n                -        imageWidth: 320\n                +        imageHeight: 0\n                +        imageWidth: 0\n                         \n                -        sourceSize: Qt.size(320,240)\n                +        sourceSize: Qt.size(0,0)\n                 \n                         Image {\n                             id: image\n                -            x: 160\n                -            y: 120\n                -            width: 320\n                -            height: 240\n                -            implicitHeight: 240\n                -            implicitWidth: 320\n                -            progress: 1\n                +            x: 320\n                +            y: 240\n                             \n                -            sourceSize: Qt.size(320,240)\n                         }\n                     }\n                 }\n                \n                FAIL!  : Testcases::test_ScreenshotBrowser() 'SnapshotTesting::matchStoredSnapshot(function + \"_Single\", snapshot)' returned FALSE. ()\n                   Loc: [../snapshottesting/tests/snapshottestingunittests/testcases.cpp(420)]\n                PASS   : Testcases::test_convertToPackageNotation()\n                PASS   : Testcases::test_replaceLines()\n                PASS   : Testcases::test_qml_loading(Matcher.qml)\n                PASS   : Testcases::test_qml_loading(MatcherContentView.qml)\n                PASS   : Testcases::test_qml_loading(ScaleToFitImage.qml)\n                PASS   : Testcases::test_qml_loading(ScreenshotBrowser.qml)\n                PASS   : Testcases::test_isIgnoredProperty()\n                QDEBUG : Testcases::test_SnapshotTesting_diff() @@ -1,3 +1,3 @@\n                 A\n                -B\n                +D\n                 C\n                \n                PASS   : Testcases::test_SnapshotTesting_diff()\n                PASS   : Testcases::test_SnapshotTesting_saveSnapshots()\n                QDEBUG : Testcases::test_SnapshotTesting_addSystemIgnoreRule() \"Non-supported type: QQuickIcon from QtObject of icon field\"\n                QDEBUG : Testcases::test_SnapshotTesting_addSystemIgnoreRule() matchStoredSnapshot: The snapshot is different:\n                QDEBUG : Testcases::test_SnapshotTesting_addSystemIgnoreRule() @@ -30,6 +30,15 @@\n                         height: 10\n                         font.pixelSize: 20\n                         font.pointSize: -1\n                +        fontInfo: {\n                +                      \"bold\": false,\n                +                      \"family\": \"\",\n                +                      \"italic\": false,\n                +                      \"pixelSize\": -1,\n                +                      \"pointSize\": -0.72,\n                +                      \"styleName\": \"\",\n                +                      \"weight\": 50\n                +                  }\n                     }\n                 \n                     Image {\n                \n                FAIL!  : Testcases::test_SnapshotTesting_addSystemIgnoreRule() 'SnapshotTesting::matchStoredSnapshot(name, text)' returned FALSE. ()\n                   Loc: [../snapshottesting/tests/snapshottestingunittests/testcases.cpp(619)]\n                QDEBUG : Testcases::test_SnapshotTesting_capture_QObject() SnapshotTesting::capture(): The capture target is not visible\n                PASS   : Testcases::test_SnapshotTesting_capture_QObject()\n                QDEBUG : Testcases::test_SnapshotTesting_capture_RadioButton() \"Non-supported type:  from QtObject of __cycleStatesHandler field\"\n                QDEBUG : Testcases::test_SnapshotTesting_capture_RadioButton() \"Item {\\n\\n    FocusScope { // RadioButton\\n        activeFocusOnPress: false\\n        activeFocusOnTab: true\\n        checked: false\\n        hovered: false\\n        pressed: false\\n        text: \\\"\\\"\\n        tooltip: \\\"\\\"\\n    }\\n}\"\n                QDEBUG : Testcases::test_SnapshotTesting_capture_RadioButton() AbstractCheckable_QMLTYPE_147(0x1799b60, parent=0x0, geometry=0,0 23x17) AbstractCheckable_QMLTYPE_147\n                QDEBUG : Testcases::test_SnapshotTesting_capture_RadioButton() QQuickFocusScope\n                QDEBUG : Testcases::test_SnapshotTesting_capture_RadioButton() \"Non-supported type:  from QtObject of __cycleStatesHandler field\"\n                PASS   : Testcases::test_SnapshotTesting_capture_RadioButton()\n                QDEBUG : Testcases::test_SnapshotTesting_matchStoredSnapshot(/home/travis/build/benlau/qtreleasetests/snapshottesting/tests/snapshottestingunittests/sample/CustomButton.qml) \"Non-supported type: QQuickIcon from QtObject of icon field\"\n                PASS   : Testcases::test_SnapshotTesting_matchStoredSnapshot(/home/travis/build/benlau/qtreleasetests/snapshottesting/tests/snapshottestingunittests/sample/CustomButton.qml)\n                QDEBUG : Testcases::test_SnapshotTesting_matchStoredSnapshot(/home/travis/build/benlau/qtreleasetests/snapshottesting/tests/snapshottestingunittests/sample/Sample1.qml) \"Non-supported type: QQuickIcon from QtObject of icon field\"\n                QDEBUG : Testcases::test_SnapshotTesting_matchStoredSnapshot(/home/travis/build/benlau/qtreleasetests/snapshottesting/tests/snapshottestingunittests/sample/Sample1.qml) matchStoredSnapshot: The snapshot is different:\n                QDEBUG : Testcases::test_SnapshotTesting_matchStoredSnapshot(/home/travis/build/benlau/qtreleasetests/snapshottesting/tests/snapshottestingunittests/sample/Sample1.qml) @@ -30,6 +30,15 @@\n                         height: 10\n                         font.pixelSize: 20\n                         font.pointSize: -1\n                +        fontInfo: {\n                +                      \"bold\": false,\n                +                      \"family\": \"\",\n                +                      \"italic\": false,\n                +                      \"pixelSize\": -1,\n                +                      \"pointSize\": -0.72,\n                +                      \"styleName\": \"\",\n                +                      \"weight\": 50\n                +                  }\n                     }\n                 \n                     Image {\n                \n                FAIL!  : Testcases::test_SnapshotTesting_matchStoredSnapshot(/home/travis/build/benlau/qtreleasetests/snapshottesting/tests/snapshottestingunittests/sample/Sample1.qml) 'SnapshotTesting::matchStoredSnapshot(name, text)' returned FALSE. ()\n                   Loc: [../snapshottesting/tests/snapshottestingunittests/testcases.cpp(712)]\n                PASS   : Testcases::test_SnapshotTesting_matchStoredSnapshot(/home/travis/build/benlau/qtreleasetests/snapshottesting/tests/snapshottestingunittests/sample/Sample2.qml)\n                PASS   : Testcases::test_SnapshotTesting_matchStoredSnapshot(/home/travis/build/benlau/qtreleasetests/snapshottesting/tests/snapshottestingunittests/sample/Sample3.qml)\n                PASS   : Testcases::test_SnapshotTesting_matchStoredSnapshot(/home/travis/build/benlau/qtreleasetests/snapshottesting/tests/snapshottestingunittests/sample/Sample4.qml)\n                PASS   : Testcases::test_SnapshotTesting_matchStoredSnapshot(/home/travis/build/benlau/qtreleasetests/snapshottesting/tests/snapshottestingunittests/sample/Sample5.qml)\n                PASS   : Testcases::test_SnapshotTesting_matchStoredSnapshot(/home/travis/build/benlau/qtreleasetests/snapshottesting/tests/snapshottestingunittests/sample/Sample5Form.ui.qml)\n                PASS   : Testcases::test_SnapshotTesting_matchStoredSnapshot(/home/travis/build/benlau/qtreleasetests/snapshottesting/tests/snapshottestingunittests/sample/Sample6.qml)\n                PASS   : Testcases::test_SnapshotTesting_matchStoredSnapshot(/home/travis/build/benlau/qtreleasetests/snapshottesting/tests/snapshottestingunittests/sample/Sample7.qml)\n                PASS   : Testcases::test_SnapshotTesting_matchStoredSnapshot(/home/travis/build/benlau/qtreleasetests/snapshottesting/tests/snapshottestingunittests/sample/Sample8.qml)\n                PASS   : Testcases::test_SnapshotTesting_matchStoredSnapshot(/home/travis/build/benlau/qtreleasetests/snapshottesting/tests/snapshottestingunittests/sample/Sample9.qml)\n                QDEBUG : Testcases::test_SnapshotTesting_matchStoredSnapshot(/home/travis/build/benlau/qtreleasetests/snapshottesting/tests/snapshottestingunittests/sample/Sample_Control1.qml) \"Non-supported type:  from QtObject of __cycleStatesHandler field\"\n                PASS   : Testcases::test_SnapshotTesting_matchStoredSnapshot(/home/travis/build/benlau/qtreleasetests/snapshottesting/tests/snapshottestingunittests/sample/Sample_Control1.qml)\n                PASS   : Testcases::test_SnapshotTesting_matchStoredSnapshot(/home/travis/build/benlau/qtreleasetests/snapshottesting/tests/snapshottestingunittests/sample/Sample_Layout.qml)\n                QWARN  : Testcases::test_SnapshotTesting_matchStoredSnapshot(/home/travis/build/benlau/qtreleasetests/snapshottesting/tests/snapshottestingunittests/sample/Sample_Loader_Async.qml) qt.network.ssl: QSslSocket: cannot resolve SSL_CONF_CTX_new\n                QWARN  : Testcases::test_SnapshotTesting_matchStoredSnapshot(/home/travis/build/benlau/qtreleasetests/snapshottesting/tests/snapshottestingunittests/sample/Sample_Loader_Async.qml) qt.network.ssl: QSslSocket: cannot resolve SSL_CONF_CTX_free\n                QWARN  : Testcases::test_SnapshotTesting_matchStoredSnapshot(/home/travis/build/benlau/qtreleasetests/snapshottesting/tests/snapshottestingunittests/sample/Sample_Loader_Async.qml) qt.network.ssl: QSslSocket: cannot resolve SSL_CONF_CTX_set_ssl_ctx\n                QWARN  : Testcases::test_SnapshotTesting_matchStoredSnapshot(/home/travis/build/benlau/qtreleasetests/snapshottesting/tests/snapshottestingunittests/sample/Sample_Loader_Async.qml) qt.network.ssl: QSslSocket: cannot resolve SSL_CONF_CTX_set_flags\n                QWARN  : Testcases::test_SnapshotTesting_matchStoredSnapshot(/home/travis/build/benlau/qtreleasetests/snapshottesting/tests/snapshottestingunittests/sample/Sample_Loader_Async.qml) qt.network.ssl: QSslSocket: cannot resolve SSL_CONF_CTX_finish\n                QWARN  : Testcases::test_SnapshotTesting_matchStoredSnapshot(/home/travis/build/benlau/qtreleasetests/snapshottesting/tests/snapshottestingunittests/sample/Sample_Loader_Async.qml) qt.network.ssl: QSslSocket: cannot resolve SSL_CONF_cmd\n                QWARN  : Testcases::test_SnapshotTesting_matchStoredSnapshot(/home/travis/build/benlau/qtreleasetests/snapshottesting/tests/snapshottestingunittests/sample/Sample_Loader_Async.qml) qt.network.ssl: QSslSocket: cannot resolve SSL_set_alpn_protos\n                QWARN  : Testcases::test_SnapshotTesting_matchStoredSnapshot(/home/travis/build/benlau/qtreleasetests/snapshottesting/tests/snapshottestingunittests/sample/Sample_Loader_Async.qml) qt.network.ssl: QSslSocket: cannot resolve SSL_CTX_set_alpn_select_cb\n                QWARN  : Testcases::test_SnapshotTesting_matchStoredSnapshot(/home/travis/build/benlau/qtreleasetests/snapshottesting/tests/snapshottestingunittests/sample/Sample_Loader_Async.qml) qt.network.ssl: QSslSocket: cannot resolve SSL_get0_alpn_selected\n                PASS   : Testcases::test_SnapshotTesting_matchStoredSnapshot(/home/travis/build/benlau/qtreleasetests/snapshottesting/tests/snapshottestingunittests/sample/Sample_Loader_Async.qml)\n                PASS   : Testcases::test_SnapshotTesting_matchStoredSnapshot(/home/travis/build/benlau/qtreleasetests/snapshottesting/tests/snapshottestingunittests/sample/Sample_QJSValue.qml)\n                QDEBUG : Testcases::test_SnapshotTesting_matchStoredSnapshot_expandAll(/home/travis/build/benlau/qtreleasetests/snapshottesting/tests/snapshottestingunittests/sample/CustomButton.qml) \"Non-supported type: QQuickIcon from QtObject of icon field\"\n                PASS   : Testcases::test_SnapshotTesting_matchStoredSnapshot_expandAll(/home/travis/build/benlau/qtreleasetests/snapshottesting/tests/snapshottestingunittests/sample/CustomButton.qml)\n                QDEBUG : Testcases::test_SnapshotTesting_matchStoredSnapshot_expandAll(/home/travis/build/benlau/qtreleasetests/snapshottesting/tests/snapshottestingunittests/sample/Sample1.qml) \"Non-supported type: QQuickIcon from QtObject of icon field\"\n                QDEBUG : Testcases::test_SnapshotTesting_matchStoredSnapshot_expandAll(/home/travis/build/benlau/qtreleasetests/snapshottesting/tests/snapshottestingunittests/sample/Sample1.qml) matchStoredSnapshot: The snapshot is different:\n                QDEBUG : Testcases::test_SnapshotTesting_matchStoredSnapshot_expandAll(/home/travis/build/benlau/qtreleasetests/snapshottesting/tests/snapshottestingunittests/sample/Sample1.qml) @@ -30,6 +30,15 @@\n                         height: 10\n                         font.pixelSize: 20\n                         font.pointSize: -1\n                +        fontInfo: {\n                +                      \"bold\": false,\n                +                      \"family\": \"\",\n                +                      \"italic\": false,\n                +                      \"pixelSize\": -1,\n                +                      \"pointSize\": -0.72,\n                +                      \"styleName\": \"\",\n                +                      \"weight\": 50\n                +                  }\n                     }\n                 \n                     Image {\n                \n                FAIL!  : Testcases::test_SnapshotTesting_matchStoredSnapshot_expandAll(/home/travis/build/benlau/qtreleasetests/snapshottesting/tests/snapshottestingunittests/sample/Sample1.qml) 'SnapshotTesting::matchStoredSnapshot(name, text)' returned FALSE. ()\n                   Loc: [../snapshottesting/tests/snapshottestingunittests/testcases.cpp(742)]\n                QDEBUG : Testcases::test_SnapshotTesting_matchStoredSnapshot_expandAll(/home/travis/build/benlau/qtreleasetests/snapshottesting/tests/snapshottestingunittests/sample/Sample2.qml) \"Non-supported type: QQuickIcon from QtObject of icon field\"\n                QDEBUG : Testcases::test_SnapshotTesting_matchStoredSnapshot_expandAll(/home/travis/build/benlau/qtreleasetests/snapshottesting/tests/snapshottestingunittests/sample/Sample2.qml) \"Non-supported type: QQuickIcon from QtObject of icon field\"\n                QDEBUG : Testcases::test_SnapshotTesting_matchStoredSnapshot_expandAll(/home/travis/build/benlau/qtreleasetests/snapshottesting/tests/snapshottestingunittests/sample/Sample2.qml) matchStoredSnapshot: The snapshot is different:\n                QDEBUG : Testcases::test_SnapshotTesting_matchStoredSnapshot_expandAll(/home/travis/build/benlau/qtreleasetests/snapshottesting/tests/snapshottestingunittests/sample/Sample2.qml) @@ -35,6 +35,15 @@\n                             height: 10\n                             font.pixelSize: 20\n                             font.pointSize: -1\n                +            fontInfo: {\n                +                          \"bold\": false,\n                +                          \"family\": \"\",\n                +                          \"italic\": false,\n                +                          \"pixelSize\": -1,\n                +                          \"pointSize\": -0.72,\n                +                          \"styleName\": \"\",\n                +                          \"weight\": 50\n                +                      }\n                         }\n                 \n                         Image {\n                @@ -108,6 +117,15 @@\n                             height: 10\n                             font.pixelSize: 20\n                             font.pointSize: -1\n                +            fontInfo: {\n                +                          \"bold\": false,\n                +                          \"family\": \"\",\n                +                          \"italic\": false,\n                +                          \"pixelSize\": -1,\n                +                          \"pointSize\": -0.72,\n                +                          \"styleName\": \"\",\n                +                          \"weight\": 50\n                +                      }\n                         }\n                 \n                         Image {\n                \n                FAIL!  : Testcases::test_SnapshotTesting_matchStoredSnapshot_expandAll(/home/travis/build/benlau/qtreleasetests/snapshottesting/tests/snapshottestingunittests/sample/Sample2.qml) 'SnapshotTesting::matchStoredSnapshot(name, text)' returned FALSE. ()\n                   Loc: [../snapshottesting/tests/snapshottestingunittests/testcases.cpp(742)]\n                PASS   : Testcases::test_SnapshotTesting_matchStoredSnapshot_expandAll(/home/travis/build/benlau/qtreleasetests/snapshottesting/tests/snapshottestingunittests/sample/Sample3.qml)\n                QDEBUG : Testcases::test_SnapshotTesting_matchStoredSnapshot_expandAll(/home/travis/build/benlau/qtreleasetests/snapshottesting/tests/snapshottestingunittests/sample/Sample4.qml) \"Non-supported type: QQuickIcon from QtObject of icon field\"\n                QDEBUG : Testcases::test_SnapshotTesting_matchStoredSnapshot_expandAll(/home/travis/build/benlau/qtreleasetests/snapshottesting/tests/snapshottestingunittests/sample/Sample4.qml) \"Non-supported type: QQuickIcon from QtObject of icon field\"\n                QDEBUG : Testcases::test_SnapshotTesting_matchStoredSnapshot_expandAll(/home/travis/build/benlau/qtreleasetests/snapshottesting/tests/snapshottestingunittests/sample/Sample4.qml) \"Non-supported type: QQuickIcon from QtObject of icon field\"\n                QDEBUG : Testcases::test_SnapshotTesting_matchStoredSnapshot_expandAll(/home/travis/build/benlau/qtreleasetests/snapshottesting/tests/snapshottestingunittests/sample/Sample4.qml) matchStoredSnapshot: The snapshot is different:\n                QDEBUG : Testcases::test_SnapshotTesting_matchStoredSnapshot_expandAll(/home/travis/build/benlau/qtreleasetests/snapshottesting/tests/snapshottestingunittests/sample/Sample4.qml) @@ -34,6 +34,15 @@\n                             height: 10\n                             font.pixelSize: 20\n                             font.pointSize: -1\n                +            fontInfo: {\n                +                          \"bold\": false,\n                +                          \"family\": \"\",\n                +                          \"italic\": false,\n                +                          \"pixelSize\": -1,\n                +                          \"pointSize\": -0.72,\n                +                          \"styleName\": \"\",\n                +                          \"weight\": 50\n                +                      }\n                         }\n                 \n                         Image {\n                @@ -107,6 +116,15 @@\n                                     height: 10\n                                     font.pixelSize: 20\n                                     font.pointSize: -1\n                +                    fontInfo: {\n                +                                  \"bold\": false,\n                +                                  \"family\": \"\",\n                +                                  \"italic\": false,\n                +                                  \"pixelSize\": -1,\n                +                                  \"pointSize\": -0.72,\n                +                                  \"styleName\": \"\",\n                +                                  \"weight\": 50\n                +                              }\n                                 }\n                 \n                                 Image {\n                @@ -180,6 +198,15 @@\n                                     height: 10\n                                     font.pixelSize: 20\n                                     font.pointSize: -1\n                +                    fontInfo: {\n                +                                  \"bold\": false,\n                +                                  \"family\": \"\",\n                +                                  \"italic\": false,\n                +                                  \"pixelSize\": -1,\n                +                                  \"pointSize\": -0.72,\n                +                                  \"styleName\": \"\",\n                +                                  \"weight\": 50\n                +                              }\n                                 }\n                 \n                                 Image {\n                \n                FAIL!  : Testcases::test_SnapshotTesting_matchStoredSnapshot_expandAll(/home/travis/build/benlau/qtreleasetests/snapshottesting/tests/snapshottestingunittests/sample/Sample4.qml) 'SnapshotTesting::matchStoredSnapshot(name, text)' returned FALSE. ()\n                   Loc: [../snapshottesting/tests/snapshottestingunittests/testcases.cpp(742)]\n                PASS   : Testcases::test_SnapshotTesting_matchStoredSnapshot_expandAll(/home/travis/build/benlau/qtreleasetests/snapshottesting/tests/snapshottestingunittests/sample/Sample5.qml)\n                PASS   : Testcases::test_SnapshotTesting_matchStoredSnapshot_expandAll(/home/travis/build/benlau/qtreleasetests/snapshottesting/tests/snapshottestingunittests/sample/Sample5Form.ui.qml)\n                PASS   : Testcases::test_SnapshotTesting_matchStoredSnapshot_expandAll(/home/travis/build/benlau/qtreleasetests/snapshottesting/tests/snapshottestingunittests/sample/Sample6.qml)\n                PASS   : Testcases::test_SnapshotTesting_matchStoredSnapshot_expandAll(/home/travis/build/benlau/qtreleasetests/snapshottesting/tests/snapshottestingunittests/sample/Sample7.qml)\n                PASS   : Testcases::test_SnapshotTesting_matchStoredSnapshot_expandAll(/home/travis/build/benlau/qtreleasetests/snapshottesting/tests/snapshottestingunittests/sample/Sample8.qml)\n                PASS   : Testcases::test_SnapshotTesting_matchStoredSnapshot_expandAll(/home/travis/build/benlau/qtreleasetests/snapshottesting/tests/snapshottestingunittests/sample/Sample9.qml)\n                QDEBUG : Testcases::test_SnapshotTesting_matchStoredSnapshot_expandAll(/home/travis/build/benlau/qtreleasetests/snapshottesting/tests/snapshottestingunittests/sample/Sample_Control1.qml) \"Non-supported type:  from QtObject of __cycleStatesHandler field\"\n                PASS   : Testcases::test_SnapshotTesting_matchStoredSnapshot_expandAll(/home/travis/build/benlau/qtreleasetests/snapshottesting/tests/snapshottestingunittests/sample/Sample_Control1.qml)\n                PASS   : Testcases::test_SnapshotTesting_matchStoredSnapshot_expandAll(/home/travis/build/benlau/qtreleasetests/snapshottesting/tests/snapshottestingunittests/sample/Sample_Layout.qml)\n                QDEBUG : Testcases::test_SnapshotTesting_matchStoredSnapshot_expandAll(/home/travis/build/benlau/qtreleasetests/snapshottesting/tests/snapshottestingunittests/sample/Sample_Loader_Async.qml) \"Non-supported type: QQuickIcon from QtObject of icon field\"\n                QDEBUG : Testcases::test_SnapshotTesting_matchStoredSnapshot_expandAll(/home/travis/build/benlau/qtreleasetests/snapshottesting/tests/snapshottestingunittests/sample/Sample_Loader_Async.qml) matchStoredSnapshot: The snapshot is different:\n                QDEBUG : Testcases::test_SnapshotTesting_matchStoredSnapshot_expandAll(/home/travis/build/benlau/qtreleasetests/snapshottesting/tests/snapshottestingunittests/sample/Sample_Loader_Async.qml) @@ -45,6 +45,15 @@\n                                 height: 10\n                                 font.pixelSize: 20\n                                 font.pointSize: -1\n                +                fontInfo: {\n                +                              \"bold\": false,\n                +                              \"family\": \"\",\n                +                              \"italic\": false,\n                +                              \"pixelSize\": -1,\n                +                              \"pointSize\": -0.72,\n                +                              \"styleName\": \"\",\n                +                              \"weight\": 50\n                +                          }\n                             }\n                 \n                             Image {\n                \n                FAIL!  : Testcases::test_SnapshotTesting_matchStoredSnapshot_expandAll(/home/travis/build/benlau/qtreleasetests/snapshottesting/tests/snapshottestingunittests/sample/Sample_Loader_Async.qml) 'SnapshotTesting::matchStoredSnapshot(name, text)' returned FALSE. ()\n                   Loc: [../snapshottesting/tests/snapshottestingunittests/testcases.cpp(742)]\n                PASS   : Testcases::test_SnapshotTesting_matchStoredSnapshot_expandAll(/home/travis/build/benlau/qtreleasetests/snapshottesting/tests/snapshottestingunittests/sample/Sample_QJSValue.qml)\n                QDEBUG : Testcases::test_SnapshotTesting_matchStoredSnapshot_hideId(/home/travis/build/benlau/qtreleasetests/snapshottesting/tests/snapshottestingunittests/sample/CustomButton.qml) \"Non-supported type: QQuickIcon from QtObject of icon field\"\n                PASS   : Testcases::test_SnapshotTesting_matchStoredSnapshot_hideId(/home/travis/build/benlau/qtreleasetests/snapshottesting/tests/snapshottestingunittests/sample/CustomButton.qml)\n                QDEBUG : Testcases::test_SnapshotTesting_matchStoredSnapshot_hideId(/home/travis/build/benlau/qtreleasetests/snapshottesting/tests/snapshottestingunittests/sample/Sample1.qml) \"Non-supported type: QQuickIcon from QtObject of icon field\"\n                QDEBUG : Testcases::test_SnapshotTesting_matchStoredSnapshot_hideId(/home/travis/build/benlau/qtreleasetests/snapshottesting/tests/snapshottestingunittests/sample/Sample1.qml) matchStoredSnapshot: The snapshot is different:\n                QDEBUG : Testcases::test_SnapshotTesting_matchStoredSnapshot_hideId(/home/travis/build/benlau/qtreleasetests/snapshottesting/tests/snapshottestingunittests/sample/Sample1.qml) @@ -25,6 +25,15 @@\n                         height: 10\n                         font.pixelSize: 20\n                         font.pointSize: -1\n                +        fontInfo: {\n                +                      \"bold\": false,\n                +                      \"family\": \"\",\n                +                      \"italic\": false,\n                +                      \"pixelSize\": -1,\n                +                      \"pointSize\": -0.72,\n                +                      \"styleName\": \"\",\n                +                      \"weight\": 50\n                +                  }\n                     }\n                 \n                     Image {\n                \n                FAIL!  : Testcases::test_SnapshotTesting_matchStoredSnapshot_hideId(/home/travis/build/benlau/qtreleasetests/snapshottesting/tests/snapshottestingunittests/sample/Sample1.qml) 'SnapshotTesting::matchStoredSnapshot(name, text)' returned FALSE. ()\n                   Loc: [../snapshottesting/tests/snapshottestingunittests/testcases.cpp(772)]\n                PASS   : Testcases::test_SnapshotTesting_matchStoredSnapshot_hideId(/home/travis/build/benlau/qtreleasetests/snapshottesting/tests/snapshottestingunittests/sample/Sample2.qml)\n                PASS   : Testcases::test_SnapshotTesting_matchStoredSnapshot_hideId(/home/travis/build/benlau/qtreleasetests/snapshottesting/tests/snapshottestingunittests/sample/Sample3.qml)\n                PASS   : Testcases::test_SnapshotTesting_matchStoredSnapshot_hideId(/home/travis/build/benlau/qtreleasetests/snapshottesting/tests/snapshottestingunittests/sample/Sample4.qml)\n                PASS   : Testcases::test_SnapshotTesting_matchStoredSnapshot_hideId(/home/travis/build/benlau/qtreleasetests/snapshottesting/tests/snapshottestingunittests/sample/Sample5.qml)\n                PASS   : Testcases::test_SnapshotTesting_matchStoredSnapshot_hideId(/home/travis/build/benlau/qtreleasetests/snapshottesting/tests/snapshottestingunittests/sample/Sample5Form.ui.qml)\n                PASS   : Testcases::test_SnapshotTesting_matchStoredSnapshot_hideId(/home/travis/build/benlau/qtreleasetests/snapshottesting/tests/snapshottestingunittests/sample/Sample6.qml)\n                PASS   : Testcases::test_SnapshotTesting_matchStoredSnapshot_hideId(/home/travis/build/benlau/qtreleasetests/snapshottesting/tests/snapshottestingunittests/sample/Sample7.qml)\n                PASS   : Testcases::test_SnapshotTesting_matchStoredSnapshot_hideId(/home/travis/build/benlau/qtreleasetests/snapshottesting/tests/snapshottestingunittests/sample/Sample8.qml)\n                PASS   : Testcases::test_SnapshotTesting_matchStoredSnapshot_hideId(/home/travis/build/benlau/qtreleasetests/snapshottesting/tests/snapshottestingunittests/sample/Sample9.qml)\n                QDEBUG : Testcases::test_SnapshotTesting_matchStoredSnapshot_hideId(/home/travis/build/benlau/qtreleasetests/snapshottesting/tests/snapshottestingunittests/sample/Sample_Control1.qml) \"Non-supported type:  from QtObject of __cycleStatesHandler field\"\n                PASS   : Testcases::test_SnapshotTesting_matchStoredSnapshot_hideId(/home/travis/build/benlau/qtreleasetests/snapshottesting/tests/snapshottestingunittests/sample/Sample_Control1.qml)\n                PASS   : Testcases::test_SnapshotTesting_matchStoredSnapshot_hideId(/home/travis/build/benlau/qtreleasetests/snapshottesting/tests/snapshottestingunittests/sample/Sample_Layout.qml)\n                PASS   : Testcases::test_SnapshotTesting_matchStoredSnapshot_hideId(/home/travis/build/benlau/qtreleasetests/snapshottesting/tests/snapshottestingunittests/sample/Sample_Loader_Async.qml)\n                PASS   : Testcases::test_SnapshotTesting_matchStoredSnapshot_hideId(/home/travis/build/benlau/qtreleasetests/snapshottesting/tests/snapshottestingunittests/sample/Sample_QJSValue.qml)\n                QWARN  : Testcases::test_SnapshotTesting_matchStoredSnapshot_screenshot(/home/travis/build/benlau/qtreleasetests/snapshottesting/tests/snapshottestingunittests/sample/CustomButton.qml) This plugin does not support createPlatformOpenGLContext!\n                QWARN  : Testcases::test_SnapshotTesting_matchStoredSnapshot_screenshot(/home/travis/build/benlau/qtreleasetests/snapshottesting/tests/snapshottestingunittests/sample/CustomButton.qml) QQuickRenderControl::initialize called with incorrect current context\n                QDEBUG : Testcases::test_SnapshotTesting_matchStoredSnapshot_screenshot(/home/travis/build/benlau/qtreleasetests/snapshottesting/tests/snapshottestingunittests/sample/CustomButton.qml) \"Non-supported type: QQuickIcon from QtObject of icon field\"\n                \n                ========= Received signal, dumping stack ==============\n                ========= End of stack trace ==============\n                QFATAL : Testcases::test_SnapshotTesting_matchStoredSnapshot_screenshot(/home/travis/build/benlau/qtreleasetests/snapshottesting/tests/snapshottestingunittests/sample/CustomButton.qml) Test function timed out\n                FAIL!  : Testcases::test_SnapshotTesting_matchStoredSnapshot_screenshot(/home/travis/build/benlau/qtreleasetests/snapshottesting/tests/snapshottestingunittests/sample/CustomButton.qml) Received a fatal error.\n                   Loc: [Unknown file(0)]\n                Totals: 57 passed, 9 failed, 0 skipped, 0 blacklisted, 306356ms\n                ********* Finished testing of Testcases *********\n                /home/travis/build/benlau/qtreleasetests/qtci/bin/run-unittests: line 65:  7158 Aborted                 (core dumped) ./$TARGET\n                ",
      "children" : [ {
        "name" : "Library - SnapshotTesting",
        "uid" : "e2ad8071740f13d5",
        "parentUid" : "f80776d7732d2fb0a057849e3443ac6a",
        "status" : "failed",
        "time" : {
          "start" : 1544430428976,
          "stop" : 1544430428989,
          "duration" : 13
        },
        "flaky" : false,
        "parameters" : [ ]
      } ],
      "uid" : "f80776d7732d2fb0a057849e3443ac6a"
    }, {
      "name" : "Target executable: qtbug-49370\n                Info: creating stash file /home/travis/build/benlau/qtreleasetests/build/.qmake.stash\n                Compiling...\n                Build Completed\n                Start watchdog\n                Timeout. Watchdog kill current process\n                /home/travis/build/benlau/qtreleasetests/qtci/bin/run-unittests: line 65:  4473 Killed                  ./$TARGET\n                ",
      "children" : [ {
        "name" : "QTBUG-49370 - Use Singleton object from other Singleton object within the same package will hang",
        "uid" : "dc2d24450b56d902",
        "parentUid" : "b0899d0c505ccd9e83bc43b2d6ad2413",
        "status" : "failed",
        "time" : {
          "start" : 1544430429000,
          "stop" : 1544430429001,
          "duration" : 1
        },
        "flaky" : false,
        "parameters" : [ ]
      } ],
      "uid" : "b0899d0c505ccd9e83bc43b2d6ad2413"
    }, {
      "name" : "Target executable: tst_qtbug57545test\n                Info: creating stash file /home/travis/build/benlau/qtreleasetests/build/.qmake.stash\n                Compiling...\n                Build Completed\n                ********* Start testing of example *********\n                Config: Using QtTest library 5.7.1, Qt 5.7.1 (x86_64-little_endian-lp64 shared (dynamic) release build; by GCC 4.9.1 20140922 (Red Hat 4.9.1-10))\n                PASS   : example::Array::initTestCase()\n                FAIL!  : example::Array::test_condition1() Compared values are not the same\n                   Actual   (): [3,1]\n                   Expected (): [1,3]\n                   Loc: [/home/travis/build/benlau/qtreleasetests/qtbug-57545/tst_Array.qml(11)]\n                FAIL!  : example::Array::test_condition2() Compared values are not the same\n                   Actual   (): [2,3]\n                   Expected (): [1,3]\n                   Loc: [/home/travis/build/benlau/qtreleasetests/qtbug-57545/tst_Array.qml(18)]\n                PASS   : example::Array::cleanupTestCase()\n                Totals: 2 passed, 2 failed, 0 skipped, 0 blacklisted, 22ms\n                ********* Finished testing of example *********\n                ",
      "children" : [ {
        "name" : "QTBUG-57545 The result of Array.sort() is incorrect if shift() was called",
        "uid" : "e08cae55c9c692fa",
        "parentUid" : "91bdb92336aca08d60299ea1eae4d3d2",
        "status" : "failed",
        "time" : {
          "start" : 1544430429001,
          "stop" : 1544430429002,
          "duration" : 1
        },
        "flaky" : false,
        "parameters" : [ ]
      } ],
      "uid" : "91bdb92336aca08d60299ea1eae4d3d2"
    }, {
      "name" : "Target executable: qtbug-56935\n                Info: creating stash file /home/travis/build/benlau/qtreleasetests/build/.qmake.stash\n                Compiling...\n                Build Completed\n                This plugin does not support createPlatformOpenGLContext!\n                Failed to create OpenGL context for format QSurfaceFormat(version 2.0, options QFlags(), depthBufferSize 24, redBufferSize -1, greenBufferSize -1, blueBufferSize -1, alphaBufferSize -1, stencilBufferSize 8, samples -1, swapBehavior 2, swapInterval 1, profile  0) \n                /home/travis/build/benlau/qtreleasetests/qtci/bin/run-unittests: line 65:  4550 Aborted                 (core dumped) ./$TARGET\n                ",
      "children" : [ {
        "name" : "QTBUG-56935  QQmlEngine crashing when trying to clear the component cache ",
        "uid" : "e2f55b25ba0d0287",
        "parentUid" : "28a46fbf903e518efa9dd65cde206563",
        "status" : "failed",
        "time" : {
          "start" : 1544430429001,
          "stop" : 1544430429001,
          "duration" : 0
        },
        "flaky" : false,
        "parameters" : [ ]
      } ],
      "uid" : "28a46fbf903e518efa9dd65cde206563"
    }, {
      "name" : "INFO: Package com.github.benlau.quickpromise has a different license (APACHE_2_0) than it's dependant (NONE).\n                INFO: Package com.github.benlau.quickflux has a different license (APACHE_2_0) than it's dependant (NONE).\n                INFO: Package com.github.benlau.quickcross has a different license (APACHE_2_0) than it's dependant (NONE).\n                INFO: Package com.github.benlau.testable has a different license (APACHE_2_0) than it's dependant (NONE).\n                INFO: Package com.github.benlau.qsyncable has a different license (APACHE_2_0) than it's dependant (NONE).\n                INFO: Package com.github.benlau.qtshell has a different license (MIT) than it's dependant (NONE).\n                INFO: Package com.github.benlau.qtshell has a different license (MIT) than it's dependant (NONE).\n                INFO: Package quick.future.pri has a different license (APACHE_2_0) than it's dependant (NONE).\n                INFO: Package font.awesome.pri has a different license (APACHE_2_0) than it's dependant (NONE).\n                INFO: Package com.github.benlau.qredux has a different license (APACHE_2_0) than it's dependant (NONE).\n                INFO: Package async.future.pri has a different license (APACHE_2_0) than it's dependant (NONE).\n                INFO: Package net.efever.aconcurrent has a different license (APACHE_2_0) than it's dependant (NONE).\n                INFO: Package net.efever.viewstack has a different license (APACHE_2_0) than it's dependant (NONE).\n                INFO: Package net.efever.snapshottesting has a different license (APACHE_2_0) than it's dependant (NONE).\n                Installing com.github.benlau.quickpromise@1.0.3\n                Installing com.github.benlau.quickflux@1.0.5.4\n                Installing com.github.benlau.quickcross@1.0.2.20\n                Installing com.github.benlau.testable@1.0.2.15\n                Installing com.github.benlau.qsyncable@1.0.2.4\n                Installing com.github.benlau.qtshell@0.4.4\n                Installing com.github.benlau.qtshell@0.4.3\n                Installing quick.future.pri@1.0.0.0\n                Installing font.awesome.pri@1.0.0\n                Installing com.github.benlau.qredux@0.0.1\n                Installing async.future.pri@0.3.6.4\n                Installing net.efever.aconcurrent@0.1.13\n                Installing net.efever.viewstack@0.0.1\n                Installing net.efever.snapshottesting@0.0.15\n                QPM: 2018/01/07 04:34:56 WARNING: com.github.benlau.qtshell@0.4.4 is already a dependency. Replacing with version 0.4.3.\n                Target executable: sparkqmltests\n                Info: creating stash file /home/travis/build/benlau/qtreleasetests/build/.qmake.stash\n                Project MESSAGE: This project is using private headers and will therefore be tied to this specific Qt module build version.\n                Project MESSAGE: Running this project against other versions of the Qt modules may crash at any arbitrary point.\n                Project MESSAGE: This is not a bug, but a result of using Qt internals. You have been warned!\n                Compiling...\n                ../sparkqml/tests/sparkqmltests/vendor/net/efever/snapshottesting/snapshottesting.cpp: In lambda function:\n                ../sparkqml/tests/sparkqmltests/vendor/net/efever/snapshottesting/snapshottesting.cpp:552:52: error: class QJSValue has no member named isQMetaObject\n                                 if (jsValue.isQObject() || jsValue.isQMetaObject()) {\n                                                                    ^\n                make: *** [snapshottesting.o] Error 1\n                ",
      "children" : [ {
        "name" : "SparkQML",
        "uid" : "506f2118075a0a4c",
        "parentUid" : "746f3ca1915686b27ce72d3728ff0d55",
        "status" : "failed",
        "time" : {
          "start" : 1544430429002,
          "stop" : 1544430429003,
          "duration" : 1
        },
        "flaky" : false,
        "parameters" : [ ]
      } ],
      "uid" : "746f3ca1915686b27ce72d3728ff0d55"
    }, {
      "name" : "Target executable: qtbug-57640\n                Info: creating stash file /home/travis/build/benlau/qtreleasetests/build/.qmake.stash\n                Compiling...\n                Build Completed\n                /home/travis/build/benlau/qtreleasetests/qtci/bin/run-unittests: line 65:  4628 Segmentation fault      (core dumped) ./$TARGET\n                ",
      "children" : [ {
        "name" : "QTBUG-57640 - Crash on loading Javascript file",
        "uid" : "a24be995aa94e6e0",
        "parentUid" : "bffdd7fcbc6a2acd8db4dab300ac46fc",
        "status" : "failed",
        "time" : {
          "start" : 1544430429002,
          "stop" : 1544430429002,
          "duration" : 0
        },
        "flaky" : false,
        "parameters" : [ ]
      } ],
      "uid" : "bffdd7fcbc6a2acd8db4dab300ac46fc"
    }, {
      "name" : "INFO: Package com.github.benlau.testable has a different license (APACHE_2_0) than it's dependant (NONE).\n                INFO: Package com.github.benlau.qtshell has a different license (MIT) than it's dependant (NONE).\n                INFO: Package async.future.pri has a different license (APACHE_2_0) than it's dependant (NONE).\n                INFO: Package net.efever.aconcurrent has a different license (APACHE_2_0) than it's dependant (NONE).\n                Installing com.github.benlau.testable@1.0.2.22\n                Installing com.github.benlau.qtshell@0.4.5\n                Installing async.future.pri@0.3.6.5\n                Installing net.efever.aconcurrent@0.1.14\n                Target executable: snapshottesting\n                Info: creating stash file /home/travis/build/benlau/qtreleasetests/build/.qmake.stash\n                Project MESSAGE: This project is using private headers and will therefore be tied to this specific Qt module build version.\n                Project MESSAGE: Running this project against other versions of the Qt modules may crash at any arbitrary point.\n                Project MESSAGE: This is not a bug, but a result of using Qt internals. You have been warned!\n                Compiling...\n                ../snapshottesting/tests/snapshottestingunittests/vendor/com/github/benlau/testable/automator.cpp:29:13: warning: bool hasMethods(QObject*, QStringList) defined but not used [-Wunused-function]\n                 static bool hasMethods(QObject* object, QStringList filters) {\n                             ^\n                ../snapshottesting/tests/snapshottestingunittests/vendor/com/github/benlau/testable/automator.cpp:73:13: warning: void invokeTestableCase(QQmlEngine*, QObject*, QStringList) defined but not used [-Wunused-function]\n                 static void invokeTestableCase(QQmlEngine* engine, QObject* object, QStringList filters) {\n                             ^\n                ../snapshottesting/snapshottesting.cpp:663:43: warning: unused parameter value [-Wunused-parameter]\n                     auto isQMetaObject = [](QJSValue value) {\n                                                           ^\n                ../snapshottesting/snapshottesting.cpp:663:43: warning: unused parameter value [-Wunused-parameter]\n                Build Completed\n                file:///home/travis/build/benlau/qtreleasetests/Qt/5.7/gcc_64/qml/QtQuick/Controls/Private/Style.qml:52: ReferenceError: __control is not defined\n                file:///home/travis/build/benlau/qtreleasetests/Qt/5.7/gcc_64/qml/QtQuick/Controls/Styles/Base/RadioButtonStyle.qml:79: ReferenceError: __control is not defined\n                ********* Start testing of Testcases *********\n                Config: Using QtTest library 5.7.1, Qt 5.7.1 (x86_64-little_endian-lp64 shared (dynamic) release build; by GCC 4.9.1 20140922 (Red Hat 4.9.1-10))\n                PASS   : Testcases::initTestCase()\n                PASS   : Testcases::test_obtainQmlPackage()\n                PASS   : Testcases::test_obtainDynamicDefaultValues()\n                PASS   : Testcases::test_classNameToComponentName()\n                QDEBUG : Testcases::test_context() CustomButton (\"file:///home/travis/build/benlau/qtreleasetests/Qt/5.7/gcc_64/qml/QtQuick/Controls.2/Button.qml\", \"file:///home/travis/build/benlau/qtreleasetests/snapshottesting/tests/snapshottestingunittests/sample/CustomButton.qml\")\n                PASS   : Testcases::test_context()\n                PASS   : Testcases::test_loading_config()\n                QDEBUG : Testcases::test_grabImage() Skip this test in CI environment\n                PASS   : Testcases::test_grabImage()\n                QWARN  : Testcases::test_ScreenshotBrowser() This plugin does not support createPlatformOpenGLContext!\n                QFATAL : Testcases::test_ScreenshotBrowser() Failed to create OpenGL context for format QSurfaceFormat(version 2.0, options QFlags(), depthBufferSize 24, redBufferSize -1, greenBufferSize -1, blueBufferSize -1, alphaBufferSize -1, stencilBufferSize 8, samples -1, swapBehavior 2, swapInterval 1, profile  0) \n                FAIL!  : Testcases::test_ScreenshotBrowser() Received a fatal error.\n                   Loc: [Unknown file(0)]\n                Totals: 7 passed, 1 failed, 0 skipped, 0 blacklisted, 109ms\n                ********* Finished testing of Testcases *********\n                /home/travis/build/benlau/qtreleasetests/qtci/bin/run-unittests: line 65:  6656 Aborted                 (core dumped) ./$TARGET\n                ",
      "children" : [ {
        "name" : "Library - SnapshotTesting",
        "uid" : "a9f80ab15b7454cb",
        "parentUid" : "b7f32a78448232c684e5571cf5ebc0c8",
        "status" : "failed",
        "time" : {
          "start" : 1544430429004,
          "stop" : 1544430429005,
          "duration" : 1
        },
        "flaky" : false,
        "parameters" : [ ]
      } ],
      "uid" : "b7f32a78448232c684e5571cf5ebc0c8"
    }, {
      "name" : "Target executable: qtbug-49370\n                Info: creating stash file /home/travis/build/benlau/qtreleasetests/build/.qmake.stash\n                Compiling...\n                Build Completed\n                Start watchdog\n                Timeout. Watchdog kill current process\n                /home/travis/build/benlau/qtreleasetests/qtci/bin/run-unittests: line 65:  4711 Killed                  ./$TARGET\n                ",
      "children" : [ {
        "name" : "QTBUG-49370 - Use Singleton object from other Singleton object within the same package will hang",
        "uid" : "77d6a24089e6ed7b",
        "parentUid" : "ff7ba02c1190796ac907c6c3f7b76a56",
        "status" : "failed",
        "time" : {
          "start" : 1544430429011,
          "stop" : 1544430429011,
          "duration" : 0
        },
        "flaky" : false,
        "parameters" : [ ]
      } ],
      "uid" : "ff7ba02c1190796ac907c6c3f7b76a56"
    }, {
      "name" : "Target executable: qtbug-56935\n                Info: creating stash file /home/travis/build/benlau/qtreleasetests/build/.qmake.stash\n                Compiling...\n                Build Completed\n                This plugin does not support createPlatformOpenGLContext!\n                Failed to create OpenGL context for format QSurfaceFormat(version 2.0, options QFlags<QSurfaceFormat::FormatOption>(), depthBufferSize 24, redBufferSize -1, greenBufferSize -1, blueBufferSize -1, alphaBufferSize -1, stencilBufferSize 8, samples -1, swapBehavior QSurfaceFormat::SwapBehavior(DoubleBuffer), swapInterval 1, profile  QSurfaceFormat::OpenGLContextProfile(NoProfile)) \n                /home/travis/build/benlau/qtreleasetests/qtci/bin/run-unittests: line 65:  4793 Aborted                 (core dumped) ./$TARGET\n                ",
      "children" : [ {
        "name" : "QTBUG-56935  QQmlEngine crashing when trying to clear the component cache ",
        "uid" : "66ed439a48e65ecc",
        "parentUid" : "ed8950f4bd5e13b3a718020f56b05457",
        "status" : "failed",
        "time" : {
          "start" : 1544430429011,
          "stop" : 1544430429013,
          "duration" : 2
        },
        "flaky" : false,
        "parameters" : [ ]
      } ],
      "uid" : "ed8950f4bd5e13b3a718020f56b05457"
    }, {
      "name" : "Target executable: qtbug-62666\n                Info: creating stash file /home/travis/build/benlau/qtreleasetests/build/.qmake.stash\n                Compiling...\n                Build Completed\n                ********* Start testing of example *********\n                Config: Using QtTest library 5.9.2, Qt 5.9.2 (x86_64-little_endian-lp64 shared (dynamic) release build; by GCC 5.3.1 20160406 (Red Hat 5.3.1-6))\n                PASS   : example::QtBug62666::initTestCase()\n                QDEBUG : example::QtBug62666::test_case1() qml: case1\n                /home/travis/build/benlau/qtreleasetests/qtci/bin/run-unittests: line 65:  4922 Segmentation fault      (core dumped) ./$TARGET\n                ",
      "children" : [ {
        "name" : "QTBUG-62666- JS  operator leads to segfaults on garbage collecton",
        "uid" : "b4b30981f6e008b9",
        "parentUid" : "03d8018f4ff048cf4f1f66fffa2f9d11",
        "status" : "failed",
        "time" : {
          "start" : 1544430429014,
          "stop" : 1544430429014,
          "duration" : 0
        },
        "flaky" : false,
        "parameters" : [ ]
      } ],
      "uid" : "03d8018f4ff048cf4f1f66fffa2f9d11"
    }, {
      "name" : "Target executable: tst_qtbug57545test\n                Info: creating stash file /home/travis/build/benlau/qtreleasetests/build/.qmake.stash\n                Compiling...\n                Build Completed\n                ********* Start testing of example *********\n                Config: Using QtTest library 5.9.2, Qt 5.9.2 (x86_64-little_endian-lp64 shared (dynamic) release build; by GCC 5.3.1 20160406 (Red Hat 5.3.1-6))\n                PASS   : example::Array::initTestCase()\n                FAIL!  : example::Array::test_condition1() Compared values are not the same\n                   Actual   (): [3,1]\n                   Expected (): [1,3]\n                   Loc: [/home/travis/build/benlau/qtreleasetests/qtbug-57545/tst_Array.qml(11)]\n                FAIL!  : example::Array::test_condition2() Compared values are not the same\n                   Actual   (): [2,3]\n                   Expected (): [1,3]\n                   Loc: [/home/travis/build/benlau/qtreleasetests/qtbug-57545/tst_Array.qml(18)]\n                PASS   : example::Array::cleanupTestCase()\n                Totals: 2 passed, 2 failed, 0 skipped, 0 blacklisted, 4ms\n                ********* Finished testing of example *********\n                ",
      "children" : [ {
        "name" : "QTBUG-57545 The result of Array.sort() is incorrect if shift() was called",
        "uid" : "9a189a43a320376a",
        "parentUid" : "0e61dea3d5e676dcf7f14ad4ff4f2f6f",
        "status" : "failed",
        "time" : {
          "start" : 1544430429014,
          "stop" : 1544430429014,
          "duration" : 0
        },
        "flaky" : false,
        "parameters" : [ ]
      } ],
      "uid" : "0e61dea3d5e676dcf7f14ad4ff4f2f6f"
    }, {
      "name" : "INFO: Package com.github.benlau.quickpromise has a different license (APACHE_2_0) than it's dependant (NONE).\n                INFO: Package com.github.benlau.quickflux has a different license (APACHE_2_0) than it's dependant (NONE).\n                INFO: Package com.github.benlau.quickcross has a different license (APACHE_2_0) than it's dependant (NONE).\n                INFO: Package com.github.benlau.testable has a different license (APACHE_2_0) than it's dependant (NONE).\n                INFO: Package com.github.benlau.qsyncable has a different license (APACHE_2_0) than it's dependant (NONE).\n                INFO: Package com.github.benlau.qtshell has a different license (MIT) than it's dependant (NONE).\n                INFO: Package com.github.benlau.qtshell has a different license (MIT) than it's dependant (NONE).\n                INFO: Package quick.future.pri has a different license (APACHE_2_0) than it's dependant (NONE).\n                INFO: Package font.awesome.pri has a different license (APACHE_2_0) than it's dependant (NONE).\n                INFO: Package com.github.benlau.qredux has a different license (APACHE_2_0) than it's dependant (NONE).\n                INFO: Package async.future.pri has a different license (APACHE_2_0) than it's dependant (NONE).\n                INFO: Package net.efever.aconcurrent has a different license (APACHE_2_0) than it's dependant (NONE).\n                INFO: Package net.efever.viewstack has a different license (APACHE_2_0) than it's dependant (NONE).\n                INFO: Package net.efever.snapshottesting has a different license (APACHE_2_0) than it's dependant (NONE).\n                Installing com.github.benlau.quickpromise@1.0.3\n                Installing com.github.benlau.quickflux@1.0.5.4\n                Installing com.github.benlau.quickcross@1.0.2.20\n                Installing com.github.benlau.testable@1.0.2.15\n                Installing com.github.benlau.qsyncable@1.0.2.4\n                Installing com.github.benlau.qtshell@0.4.4\n                Installing com.github.benlau.qtshell@0.4.3\n                Installing quick.future.pri@1.0.0.0\n                Installing font.awesome.pri@1.0.0\n                Installing com.github.benlau.qredux@0.0.1\n                Installing async.future.pri@0.3.6.4\n                Installing net.efever.aconcurrent@0.1.13\n                Installing net.efever.viewstack@0.0.1\n                Installing net.efever.snapshottesting@0.0.15\n                QPM: 2017/11/09 02:46:43 WARNING: com.github.benlau.qtshell@0.4.4 is already a dependency. Replacing with version 0.4.3.\n                Target executable: sparkqmltests\n                Info: creating stash file /home/travis/build/benlau/qtreleasetests/build/.qmake.stash\n                Project MESSAGE: This project is using private headers and will therefore be tied to this specific Qt module build version.\n                Project MESSAGE: Running this project against other versions of the Qt modules may crash at any arbitrary point.\n                Project MESSAGE: This is not a bug, but a result of using Qt internals. You have been warned!\n                Compiling...\n                In file included from ../Qt/5.9.2/gcc_64/include/QtCore/QtCore:4:0,\n                                 from ../Qt/5.9.2/gcc_64/include/QtTest/QtTestDepends:3,\n                                 from ../Qt/5.9.2/gcc_64/include/QtTest/QtTest:3,\n                                 from ../sparkqml/tests/sparkqmltests/privateapitests.cpp:1:\n                ../sparkqml/tests/sparkqmltests/privateapitests.cpp: In member function void PrivateApiTests::test_QQmlMetaType():\n                ../Qt/5.9.2/gcc_64/include/QtCore/qglobal.h:982:34: error: cannot convert const QQmlType to const QQmlType* in initialization\n                     for (variable = *_container_.i; _container_.control; _container_.control = 0)\n                                                  ^\n                ../Qt/5.9.2/gcc_64/include/QtCore/qglobal.h:990:21: note: in expansion of macro Q_FOREACH\n                 #    define foreach Q_FOREACH\n                                     ^\n                ../sparkqml/tests/sparkqmltests/privateapitests.cpp:24:5: note: in expansion of macro foreach\n                     foreach (const QQmlType *ty, QQmlMetaType::qmlTypes()) {\n                     ^\n                make: *** [privateapitests.o] Error 1\n                ",
      "children" : [ {
        "name" : "SparkQML",
        "uid" : "39a20c2bdf6314e9",
        "parentUid" : "fc55eed6a0a3177882666a7670209550",
        "status" : "failed",
        "time" : {
          "start" : 1544430429015,
          "stop" : 1544430429016,
          "duration" : 1
        },
        "flaky" : false,
        "parameters" : [ ]
      } ],
      "uid" : "fc55eed6a0a3177882666a7670209550"
    }, {
      "name" : "INFO: Package com.github.benlau.testable has a different license (APACHE_2_0) than it's dependant (NONE).\n                INFO: Package com.github.benlau.qtshell has a different license (MIT) than it's dependant (NONE).\n                INFO: Package async.future.pri has a different license (APACHE_2_0) than it's dependant (NONE).\n                INFO: Package net.efever.aconcurrent has a different license (APACHE_2_0) than it's dependant (NONE).\n                Installing com.github.benlau.testable@1.0.2.21\n                Installing com.github.benlau.qtshell@0.4.4\n                Installing async.future.pri@0.3.6.4\n                Installing net.efever.aconcurrent@0.1.13\n                Target executable: snapshottesting\n                Info: creating stash file /home/travis/build/benlau/qtreleasetests/build/.qmake.stash\n                Project MESSAGE: This project is using private headers and will therefore be tied to this specific Qt module build version.\n                Project MESSAGE: Running this project against other versions of the Qt modules may crash at any arbitrary point.\n                Project MESSAGE: This is not a bug, but a result of using Qt internals. You have been warned!\n                Compiling...\n                ../snapshottesting/snapshottesting.cpp: In function const QQmlType* findQmlType(const QMetaObject*, bool):\n                ../snapshottesting/snapshottesting.cpp:110:15: error: no match for operator= (operand types are QList<QQmlType*> and QList<QQmlType>)\n                         types = QQmlMetaType::qmlAllTypes();\n                               ^\n                ../snapshottesting/snapshottesting.cpp:110:15: note: candidates are:\n                In file included from ../Qt/5.9.2/gcc_64/include/QtCore/qhash.h:46:0,\n                                 from ../Qt/5.9.2/gcc_64/include/QtCore/qdebug.h:45,\n                                 from ../Qt/5.9.2/gcc_64/include/QtCore/QDebug:1,\n                                 from ../snapshottesting/snapshottesting.cpp:1:\n                ../Qt/5.9.2/gcc_64/include/QtCore/qlist.h:500:29: note: QList<T>& QList<T>::operator=(const QList<T>&) [with T = QQmlType*]\n                 Q_INLINE_TEMPLATE QList<T> &QList<T>::operator=(const QList<T> &l)\n                                             ^\n                ../Qt/5.9.2/gcc_64/include/QtCore/qlist.h:500:29: note:   no known conversion for argument 1 from QList<QQmlType> to const QList<QQmlType*>&\n                ../Qt/5.9.2/gcc_64/include/QtCore/qlist.h:158:19: note: QList<T>& QList<T>::operator=(QList<T>&&) [with T = QQmlType*]\n                     inline QList &operator=(QList<T> &&other) Q_DECL_NOTHROW\n                                   ^\n                ../Qt/5.9.2/gcc_64/include/QtCore/qlist.h:158:19: note:   no known conversion for argument 1 from QList<QQmlType> to QList<QQmlType*>&&\n                ../snapshottesting/snapshottesting.cpp:112:15: error: no match for operator= (operand types are QList<QQmlType*> and QList<QQmlType>)\n                         types = QQmlMetaType::qmlTypes();\n                               ^\n                ../snapshottesting/snapshottesting.cpp:112:15: note: candidates are:\n                In file included from ../Qt/5.9.2/gcc_64/include/QtCore/qhash.h:46:0,\n                                 from ../Qt/5.9.2/gcc_64/include/QtCore/qdebug.h:45,\n                                 from ../Qt/5.9.2/gcc_64/include/QtCore/QDebug:1,\n                                 from ../snapshottesting/snapshottesting.cpp:1:\n                ../Qt/5.9.2/gcc_64/include/QtCore/qlist.h:500:29: note: QList<T>& QList<T>::operator=(const QList<T>&) [with T = QQmlType*]\n                 Q_INLINE_TEMPLATE QList<T> &QList<T>::operator=(const QList<T> &l)\n                                             ^\n                ../Qt/5.9.2/gcc_64/include/QtCore/qlist.h:500:29: note:   no known conversion for argument 1 from QList<QQmlType> to const QList<QQmlType*>&\n                ../Qt/5.9.2/gcc_64/include/QtCore/qlist.h:158:19: note: QList<T>& QList<T>::operator=(QList<T>&&) [with T = QQmlType*]\n                     inline QList &operator=(QList<T> &&other) Q_DECL_NOTHROW\n                                   ^\n                ../Qt/5.9.2/gcc_64/include/QtCore/qlist.h:158:19: note:   no known conversion for argument 1 from QList<QQmlType> to QList<QQmlType*>&&\n                In file included from ../Qt/5.9.2/gcc_64/include/QtCore/qalgorithms.h:43:0,\n                                 from ../Qt/5.9.2/gcc_64/include/QtCore/qdebug.h:44,\n                                 from ../Qt/5.9.2/gcc_64/include/QtCore/QDebug:1,\n                                 from ../snapshottesting/snapshottesting.cpp:1:\n                ../snapshottesting/snapshottesting.cpp: In function bool isPublicComponent(const QMetaObject*):\n                ../Qt/5.9.2/gcc_64/include/QtCore/qglobal.h:982:34: error: cannot convert const QQmlType to const QQmlType* in initialization\n                     for (variable = *_container_.i; _container_.control; _container_.control = 0)\n                                                  ^\n                ../Qt/5.9.2/gcc_64/include/QtCore/qglobal.h:990:21: note: in expansion of macro Q_FOREACH\n                 #    define foreach Q_FOREACH\n                                     ^\n                ../snapshottesting/snapshottesting.cpp:129:5: note: in expansion of macro foreach\n                     foreach (const QQmlType *ty, QQmlMetaType::qmlTypes()) {\n                     ^\n                ../snapshottesting/snapshottesting.cpp: In function QString SnapshotTesting::Private::classNameToComponentName(const QString&):\n                ../Qt/5.9.2/gcc_64/include/QtCore/qglobal.h:982:34: error: cannot convert const QQmlType to const QQmlType* in initialization\n                     for (variable = *_container_.i; _container_.control; _container_.control = 0)\n                                                  ^\n                ../Qt/5.9.2/gcc_64/include/QtCore/qglobal.h:990:21: note: in expansion of macro Q_FOREACH\n                 #    define foreach Q_FOREACH\n                                     ^\n                ../snapshottesting/snapshottesting.cpp:159:5: note: in expansion of macro foreach\n                     foreach (const QQmlType *ty, QQmlMetaType::qmlTypes()) {\n                     ^\n                ../snapshottesting/snapshottesting.cpp: In function QString SnapshotTesting::Private::obtainQmlPackage(QObject*):\n                ../Qt/5.9.2/gcc_64/include/QtCore/qglobal.h:982:34: error: cannot convert const QQmlType to const QQmlType* in initialization\n                     for (variable = *_container_.i; _container_.control; _container_.control = 0)\n                                                  ^\n                ../Qt/5.9.2/gcc_64/include/QtCore/qglobal.h:990:21: note: in expansion of macro Q_FOREACH\n                 #    define foreach Q_FOREACH\n                                     ^\n                ../snapshottesting/snapshottesting.cpp:1233:5: note: in expansion of macro foreach\n                     foreach (const QQmlType *ty, QQmlMetaType::qmlAllTypes()) {\n                     ^\n                make: *** [snapshottesting.o] Error 1\n                ",
      "children" : [ {
        "name" : "Library - SnapshotTesting",
        "uid" : "7c311fc4b813429b",
        "parentUid" : "f5be93a66c3315350915a0c0f60d4c9e",
        "status" : "failed",
        "time" : {
          "start" : 1544430429016,
          "stop" : 1544430429018,
          "duration" : 2
        },
        "flaky" : false,
        "parameters" : [ ]
      } ],
      "uid" : "f5be93a66c3315350915a0c0f60d4c9e"
    }, {
      "name" : "Target executable: qtbug-49370\n                Info: creating stash file /home/travis/build/benlau/qtreleasetests/build/.qmake.stash\n                Compiling...\n                Build Completed\n                Start watchdog\n                Timeout. Watchdog kill current process\n                /home/travis/build/benlau/qtreleasetests/qtci/bin/run-unittests: line 38:  4770 Killed                  QT_QPA_PLATFORM=minimal ./$TARGET\n                ",
      "children" : [ {
        "name" : "QTBUG-49370 - Use Singleton object from other Singleton object within the same package will hang",
        "uid" : "b3367c546292af3",
        "parentUid" : "de825e8835a29a11695d85daafab1300",
        "status" : "failed",
        "time" : {
          "start" : 1544430429026,
          "stop" : 1544430429027,
          "duration" : 1
        },
        "flaky" : false,
        "parameters" : [ ]
      } ],
      "uid" : "de825e8835a29a11695d85daafab1300"
    }, {
      "name" : "Target executable: tst_qtbug57545test\n                Info: creating stash file /home/travis/build/benlau/qtreleasetests/build/.qmake.stash\n                Compiling...\n                Build Completed\n                ********* Start testing of example *********\n                Config: Using QtTest library 5.9.0, Qt 5.9.0 (x86_64-little_endian-lp64 shared (dynamic) release build; by GCC 5.3.1 20160406 (Red Hat 5.3.1-6))\n                PASS   : example::Array::initTestCase()\n                FAIL!  : example::Array::test_condition1() Compared values are not the same\n                   Actual   (): [3,1]\n                   Expected (): [1,3]\n                   Loc: [/home/travis/build/benlau/qtreleasetests/qtbug-57545/tst_Array.qml(11)]\n                FAIL!  : example::Array::test_condition2() Compared values are not the same\n                   Actual   (): [2,3]\n                   Expected (): [1,3]\n                   Loc: [/home/travis/build/benlau/qtreleasetests/qtbug-57545/tst_Array.qml(18)]\n                PASS   : example::Array::cleanupTestCase()\n                Totals: 2 passed, 2 failed, 0 skipped, 0 blacklisted, 1ms\n                ********* Finished testing of example *********\n                ",
      "children" : [ {
        "name" : "QTBUG-57545",
        "uid" : "7cc504d9e050b55c",
        "parentUid" : "13fb971dd40f35f93eb8f763493c2a23",
        "status" : "failed",
        "time" : {
          "start" : 1544430429027,
          "stop" : 1544430429027,
          "duration" : 0
        },
        "flaky" : false,
        "parameters" : [ ]
      } ],
      "uid" : "13fb971dd40f35f93eb8f763493c2a23"
    }, {
      "name" : "INFO: Package com.github.benlau.quickpromise has a different license (APACHE_2_0) than it's dependant (NONE).\n                INFO: Package com.github.benlau.quickflux has a different license (APACHE_2_0) than it's dependant (NONE).\n                INFO: Package com.github.benlau.quickcross has a different license (APACHE_2_0) than it's dependant (NONE).\n                INFO: Package com.github.benlau.testable has a different license (APACHE_2_0) than it's dependant (NONE).\n                INFO: Package com.github.benlau.qsyncable has a different license (APACHE_2_0) than it's dependant (NONE).\n                INFO: Package com.github.benlau.qtshell has a different license (MIT) than it's dependant (NONE).\n                INFO: Package quick.future.pri has a different license (APACHE_2_0) than it's dependant (NONE).\n                INFO: Package font.awesome.pri has a different license (APACHE_2_0) than it's dependant (NONE).\n                INFO: Package com.github.benlau.qredux has a different license (APACHE_2_0) than it's dependant (NONE).\n                INFO: Package async.future.pri has a different license (APACHE_2_0) than it's dependant (NONE).\n                INFO: Package net.efever.aconcurrent has a different license (APACHE_2_0) than it's dependant (NONE).\n                INFO: Package net.efever.viewstack has a different license (APACHE_2_0) than it's dependant (NONE).\n                Installing com.github.benlau.quickpromise@1.0.3\n                Installing com.github.benlau.quickflux@1.0.5.4\n                Installing com.github.benlau.quickcross@1.0.2.20\n                Installing com.github.benlau.testable@1.0.2.15\n                Installing com.github.benlau.qsyncable@1.0.2.4\n                Installing com.github.benlau.qtshell@0.4.3\n                Installing quick.future.pri@1.0.0.0\n                Installing font.awesome.pri@1.0.0\n                Installing com.github.benlau.qredux@0.0.1\n                Installing async.future.pri@0.3.4\n                Installing net.efever.aconcurrent@0.1.7\n                Installing net.efever.viewstack@0.0.1\n                Target executable: sparkqmltests\n                Info: creating stash file /home/travis/build/benlau/qtreleasetests/build/.qmake.stash\n                Project MESSAGE: This project is using private headers and will therefore be tied to this specific Qt module build version.\n                Project MESSAGE: Running this project against other versions of the Qt modules may crash at any arbitrary point.\n                Project MESSAGE: This is not a bug, but a result of using Qt internals. You have been warned!\n                Compiling...\n                ../sparkqml/tests/sparkqmltests/vendor/com/github/benlau/qsyncable/qstree.cpp: In function QDebug operator<<(QDebug, const QSTree&):\n                ../sparkqml/tests/sparkqmltests/vendor/com/github/benlau/qsyncable/qstree.cpp:436:9: warning: variable height set but not used [-Wunused-but-set-variable]\n                     int height = -1;\n                         ^\n                Build Completed\n                ********* Start testing of Tests *********\n                Config: Using QtTest library 5.9.0, Qt 5.9.0 (x86_64-little_endian-lp64 shared (dynamic) release build; by GCC 5.3.1 20160406 (Red Hat 5.3.1-6))\n                PASS   : Tests::initTestCase()\n                QDEBUG : Tests::mockupLoadingTests() \"/home/travis/build/benlau/qtreleasetests/sparkqml/tests/sparkqmltests/mockup/mockup_BoardLayout.qml : Passed\"\n                QDEBUG : Tests::mockupLoadingTests() \"/home/travis/build/benlau/qtreleasetests/sparkqml/tests/sparkqmltests/mockup/mockup_BoxPackingFlow.qml : Passed\"\n                QDEBUG : Tests::mockupLoadingTests() \"/home/travis/build/benlau/qtreleasetests/sparkqml/tests/sparkqmltests/mockup/mockup_BrowserPanel.qml : Passed\"\n                QDEBUG : Tests::mockupLoadingTests() \"/home/travis/build/benlau/qtreleasetests/sparkqml/tests/sparkqmltests/mockup/mockup_ComponentViewer.qml : Passed\"\n                QDEBUG : Tests::mockupLoadingTests() \"/home/travis/build/benlau/qtreleasetests/sparkqml/tests/sparkqmltests/mockup/mockup_ComponetCard.qml : Passed\"\n                QDEBUG : Tests::mockupLoadingTests() \"/home/travis/build/benlau/qtreleasetests/sparkqml/tests/sparkqmltests/mockup/mockup_NavigationPanel.qml : Passed\"\n                QDEBUG : Tests::mockupLoadingTests() \"/home/travis/build/benlau/qtreleasetests/sparkqml/tests/sparkqmltests/mockup/mockup_PathViewer.qml : Passed\"\n                QDEBUG : Tests::mockupLoadingTests() \"/home/travis/build/benlau/qtreleasetests/sparkqml/tests/sparkqmltests/mockup/mockup_RecentFileList.qml : Passed\"\n                QDEBUG : Tests::mockupLoadingTests() \"/home/travis/build/benlau/qtreleasetests/sparkqml/tests/sparkqmltests/mockup/mockup_UIBoxPackingFlow.qml : Passed\"\n                QDEBUG : Tests::mockupLoadingTests() \"/home/travis/build/benlau/qtreleasetests/sparkqml/tests/sparkqmltests/mockup/mockup_UIFlow.qml : Passed\"\n                QDEBUG : Tests::mockupLoadingTests() \"/home/travis/build/benlau/qtreleasetests/sparkqml/tests/sparkqmltests/mockup/mockup_UIGrid.qml : Passed\"\n                QDEBUG : Tests::mockupLoadingTests() \"qrc:/main.qml : Passed\"\n                PASS   : Tests::mockupLoadingTests()\n                QDEBUG : Tests::MockupActor_createProject() :/sparkmockupproject/main.qml -> /home/travis/build/benlau/qtreleasetests/build/mockup_project/main.qml\n                QDEBUG : Tests::MockupActor_createProject() :/sparkmockupproject/sparkmockup.qmlproject -> /home/travis/build/benlau/qtreleasetests/build/mockup_project/sparkmockup.qmlproject\n                QDEBUG : Tests::MockupActor_createProject() (\"/home/travis/build/benlau/qtreleasetests/build/mockup_project\", \"/home/travis/build/benlau/qtreleasetests/build/mockup_project/main.qml\", \"/home/travis/build/benlau/qtreleasetests/build/mockup_project/sparkmockup.qmlproject\")\n                PASS   : Tests::MockupActor_createProject()\n                QDEBUG : Tests::QmlEngine_scanImagePath() Read QML_IMPORT_PATH from /home/travis/build/benlau/qtreleasetests/build/fakeproject/qmlimport.path\n                PASS   : Tests::QmlEngine_scanImagePath()\n                PASS   : Tests::QmlEngine_scanImagePath_withDefaultFile()\n                PASS   : Tests::test_QmlFileListModel_folder()\n                PASS   : Tests::test_QmlFileListModel_process()\n                PASS   : Tests::test_QmlFileListModel_options()\n                PASS   : Tests::test_parseEnvFile()\n                PASS   : Tests::test_SparkQML_walkToRoot()\n                PASS   : Tests::test_Dehydrator()\n                PASS   : Tests::cleanupTestCase()\n                Totals: 12 passed, 0 failed, 0 skipped, 0 blacklisted, 257ms\n                ********* Finished testing of Tests *********\n                ********* Start testing of HotLoaderTests *********\n                Config: Using QtTest library 5.9.0, Qt 5.9.0 (x86_64-little_endian-lp64 shared (dynamic) release build; by GCC 5.3.1 20160406 (Red Hat 5.3.1-6))\n                PASS   : HotLoaderTests::initTestCase()\n                QWARN  : HotLoaderTests::test_HotLoader_run() File not found: \"hotloader/1.txt\"\n                QDEBUG : HotLoaderTests::test_HotLoader_run() /home/travis/build/benlau/qtreleasetests/Qt/5.9/gcc_64/bin/rcc --binary /home/travis/build/benlau/qtreleasetests/sparkqml/tests/sparkqmltests//hotloadertests.qrc -o /home/travis/build/benlau/qtreleasetests/build/hotloadertests.rcc\n                QDEBUG : HotLoaderTests::test_HotLoader_run() Compiled\n                PASS   : HotLoaderTests::test_HotLoader_run()\n                QDEBUG : HotLoaderTests::test_HotLoader_mappedUrl() test_HotLoader_mappedUrl\n                PASS   : HotLoaderTests::test_HotLoader_mappedUrl()\n                PASS   : HotLoaderTests::cleanupTestCase()\n                Totals: 4 passed, 0 failed, 0 skipped, 0 blacklisted, 13ms\n                ********* Finished testing of HotLoaderTests *********\n                This plugin does not support createPlatformOpenGLContext!\n                Failed to create OpenGL context for format QSurfaceFormat(version 2.0, options QFlags<QSurfaceFormat::FormatOption>(), depthBufferSize 24, redBufferSize -1, greenBufferSize -1, blueBufferSize -1, alphaBufferSize -1, stencilBufferSize 8, samples -1, swapBehavior QSurfaceFormat::SwapBehavior(DoubleBuffer), swapInterval 1, profile  QSurfaceFormat::OpenGLContextProfile(NoProfile)) \n                /home/travis/build/benlau/qtreleasetests/qtci/bin/run-unittests: line 38:  6918 Aborted                 (core dumped) QT_QPA_PLATFORM=minimal ./$TARGET\n                ",
      "children" : [ {
        "name" : "SparkQML",
        "uid" : "e51b7d9e3b4e91a8",
        "parentUid" : "c4117b5b95b272d0077fd21f1e09f6ac",
        "status" : "failed",
        "time" : {
          "start" : 1544430429027,
          "stop" : 1544430429029,
          "duration" : 2
        },
        "flaky" : false,
        "parameters" : [ ]
      } ],
      "uid" : "c4117b5b95b272d0077fd21f1e09f6ac"
    } ],
    "uid" : "8fb3a91ba5aaf9de24cc8a92edc82b5d"
  } ],
  "name" : "categories"
}