{
  "uid" : "51b506b10cd1d327",
  "name" : "Library - SnapshotTesting",
  "fullName" : "Qt 5.12.0.Library - SnapshotTesting",
  "historyId" : "c5711172f7afdbbcc52396ff8529ab4d",
  "time" : {
    "start" : 1544430428964,
    "stop" : 1544430428965,
    "duration" : 1
  },
  "description" : "",
  "descriptionHtml" : "",
  "status" : "failed",
  "statusMessage" : "INFO: Package com.github.benlau.testable has a different license (APACHE_2_0) than it's dependant (NONE).\n                INFO: Package com.github.benlau.qtshell has a different license (MIT) than it's dependant (NONE).\n                INFO: Package async.future.pri has a different license (APACHE_2_0) than it's dependant (NONE).\n                INFO: Package net.efever.aconcurrent has a different license (APACHE_2_0) than it's dependant (NONE).\n                Installing com.github.benlau.testable@1.0.2.22\n                Installing com.github.benlau.qtshell@0.4.5\n                Installing async.future.pri@0.3.6.5\n                Installing net.efever.aconcurrent@0.1.14\n                Target executable: snapshottesting\n                Info: creating stash file /home/travis/build/benlau/qtreleasetests/build/.qmake.stash\n                Project MESSAGE: This project is using private headers and will therefore be tied to this specific Qt module build version.\n                Project MESSAGE: Running this project against other versions of the Qt modules may crash at any arbitrary point.\n                Project MESSAGE: This is not a bug, but a result of using Qt internals. You have been warned!\n                Compiling...\n                In file included from ../Qt/5.12.0/gcc_64/include/QtCore/qcborarray.h:43:0,\n                                 from ../Qt/5.12.0/gcc_64/include/QtCore/QtCore:37,\n                                 from ../Qt/5.12.0/gcc_64/include/QtTest/QtTestDepends:3,\n                                 from ../Qt/5.12.0/gcc_64/include/QtTest/QtTest:3,\n                                 from ../snapshottesting/tests/snapshottestingunittests/main.cpp:2:\n                ../Qt/5.12.0/gcc_64/include/QtCore/qcborvalue.h:74:25: warning: missing initializer for member QCborError::c [-Wmissing-field-initializers]\n                     QCborError error = {};\n                                         ^\n                In file included from ../Qt/5.12.0/gcc_64/include/QtCore/QtCore:64:0,\n                                 from ../Qt/5.12.0/gcc_64/include/QtTest/QtTestDepends:3,\n                                 from ../Qt/5.12.0/gcc_64/include/QtTest/QtTest:3,\n                                 from ../snapshottesting/tests/snapshottestingunittests/main.cpp:2:\n                ../Qt/5.12.0/gcc_64/include/QtCore/qendian.h:165:61: error: redeclaration constexpr T qbswap(T) [with T = qfloat16] differs in constexpr\n                 template <> inline qfloat16 qbswap<qfloat16>(qfloat16 source)\n                                                                             ^\n                ../Qt/5.12.0/gcc_64/include/QtCore/qendian.h:96:42: error: from previous declaration constexpr T qbswap(T) [with T = qfloat16]\n                 template <typename T> Q_DECL_CONSTEXPR T qbswap(T source);\n                                                          ^\n                ../Qt/5.12.0/gcc_64/include/QtCore/qendian.h:170:52: error: redeclaration constexpr T qbswap(T) [with T = float] differs in constexpr\n                 template <> inline float qbswap<float>(float source)\n                                                                    ^\n                ../Qt/5.12.0/gcc_64/include/QtCore/qendian.h:96:42: error: from previous declaration constexpr T qbswap(T) [with T = float]\n                 template <typename T> Q_DECL_CONSTEXPR T qbswap(T source);\n                                                          ^\n                ../Qt/5.12.0/gcc_64/include/QtCore/qendian.h:175:55: error: redeclaration constexpr T qbswap(T) [with T = double] differs in constexpr\n                 template <> inline double qbswap<double>(double source)\n                                                                       ^\n                ../Qt/5.12.0/gcc_64/include/QtCore/qendian.h:96:42: error: from previous declaration constexpr T qbswap(T) [with T = double]\n                 template <typename T> Q_DECL_CONSTEXPR T qbswap(T source);\n                                                          ^\n                make: *** [main.o] Error 1\n                ",
  "statusTrace" : "AssertionError: INFO: Package com.github.benlau.testable has a different license (APACHE_2_0) than it's dependant (NONE).\n                INFO: Package com.github.benlau.qtshell has a different license (MIT) than it's dependant (NONE).\n                INFO: Package async.future.pri has a different license (APACHE_2_0) than it's dependant (NONE).\n                INFO: Package net.efever.aconcurrent has a different license (APACHE_2_0) than it's dependant (NONE).\n                Installing com.github.benlau.testable@1.0.2.22\n                Installing com.github.benlau.qtshell@0.4.5\n                Installing async.future.pri@0.3.6.5\n                Installing net.efever.aconcurrent@0.1.14\n                Target executable: snapshottesting\n                Info: creating stash file /home/travis/build/benlau/qtreleasetests/build/.qmake.stash\n                Project MESSAGE: This project is using private headers and will therefore be tied to this specific Qt module build version.\n                Project MESSAGE: Running this project against other versions of the Qt modules may crash at any arbitrary point.\n                Project MESSAGE: This is not a bug, but a result of using Qt internals. You have been warned!\n                Compiling...\n                In file included from ../Qt/5.12.0/gcc_64/include/QtCore/qcborarray.h:43:0,\n                                 from ../Qt/5.12.0/gcc_64/include/QtCore/QtCore:37,\n                                 from ../Qt/5.12.0/gcc_64/include/QtTest/QtTestDepends:3,\n                                 from ../Qt/5.12.0/gcc_64/include/QtTest/QtTest:3,\n                                 from ../snapshottesting/tests/snapshottestingunittests/main.cpp:2:\n                ../Qt/5.12.0/gcc_64/include/QtCore/qcborvalue.h:74:25: warning: missing initializer for member QCborError::c [-Wmissing-field-initializers]\n                     QCborError error = {};\n                                         ^\n                In file included from ../Qt/5.12.0/gcc_64/include/QtCore/QtCore:64:0,\n                                 from ../Qt/5.12.0/gcc_64/include/QtTest/QtTestDepends:3,\n                                 from ../Qt/5.12.0/gcc_64/include/QtTest/QtTest:3,\n                                 from ../snapshottesting/tests/snapshottestingunittests/main.cpp:2:\n                ../Qt/5.12.0/gcc_64/include/QtCore/qendian.h:165:61: error: redeclaration constexpr T qbswap(T) [with T = qfloat16] differs in constexpr\n                 template <> inline qfloat16 qbswap<qfloat16>(qfloat16 source)\n                                                                             ^\n                ../Qt/5.12.0/gcc_64/include/QtCore/qendian.h:96:42: error: from previous declaration constexpr T qbswap(T) [with T = qfloat16]\n                 template <typename T> Q_DECL_CONSTEXPR T qbswap(T source);\n                                                          ^\n                ../Qt/5.12.0/gcc_64/include/QtCore/qendian.h:170:52: error: redeclaration constexpr T qbswap(T) [with T = float] differs in constexpr\n                 template <> inline float qbswap<float>(float source)\n                                                                    ^\n                ../Qt/5.12.0/gcc_64/include/QtCore/qendian.h:96:42: error: from previous declaration constexpr T qbswap(T) [with T = float]\n                 template <typename T> Q_DECL_CONSTEXPR T qbswap(T source);\n                                                          ^\n                ../Qt/5.12.0/gcc_64/include/QtCore/qendian.h:175:55: error: redeclaration constexpr T qbswap(T) [with T = double] differs in constexpr\n                 template <> inline double qbswap<double>(double source)\n                                                                       ^\n                ../Qt/5.12.0/gcc_64/include/QtCore/qendian.h:96:42: error: from previous declaration constexpr T qbswap(T) [with T = double]\n                 template <typename T> Q_DECL_CONSTEXPR T qbswap(T source);\n                                                          ^\n                make: *** [main.o] Error 1\n                \n                    at Context.<anonymous> (runner.js:22:36)",
  "flaky" : false,
  "beforeStages" : [ ],
  "afterStages" : [ ],
  "labels" : [ {
    "name" : "suite",
    "value" : "Qt 5.12.0"
  }, {
    "name" : "testClass",
    "value" : "Qt 5.12.0"
  }, {
    "name" : "testMethod",
    "value" : "Library - SnapshotTesting"
  }, {
    "name" : "package",
    "value" : "Qt 5.12.0"
  }, {
    "name" : "resultFormat",
    "value" : "allure1"
  } ],
  "parameters" : [ ],
  "links" : [ ],
  "hidden" : false,
  "retry" : false,
  "extra" : {
    "severity" : "normal",
    "retries" : [ ],
    "categories" : [ {
      "name" : "Product defects",
      "matchedStatuses" : [ ],
      "flaky" : false
    } ],
    "tags" : [ ]
  },
  "source" : "51b506b10cd1d327.json",
  "parameterValues" : [ ]
}